07-May-2025 21:57:23.068 INFO [main] org.apache.catalina.startup.VersionLoggerListener.log Имя версии сервера:    Apache Tomcat/11.0.6
07-May-2025 21:57:23.073 INFO [main] org.apache.catalina.startup.VersionLoggerListener.log Сервер собран:         Apr 1 2025 14:40:40 UTC
07-May-2025 21:57:23.079 INFO [main] org.apache.catalina.startup.VersionLoggerListener.log Номер версии сервера:  11.0.6.0
07-May-2025 21:57:23.079 INFO [main] org.apache.catalina.startup.VersionLoggerListener.log OS Name:               Windows 10
07-May-2025 21:57:23.079 INFO [main] org.apache.catalina.startup.VersionLoggerListener.log Версия ОС:             10.0
07-May-2025 21:57:23.080 INFO [main] org.apache.catalina.startup.VersionLoggerListener.log Архитектура:           amd64
07-May-2025 21:57:23.080 INFO [main] org.apache.catalina.startup.VersionLoggerListener.log Java Home:             C:\Program Files\Eclipse Adoptium\jdk-17.0.14.7-hotspot
07-May-2025 21:57:23.080 INFO [main] org.apache.catalina.startup.VersionLoggerListener.log Версия JVM:            17.0.14+7
07-May-2025 21:57:23.081 INFO [main] org.apache.catalina.startup.VersionLoggerListener.log Производитель JVM:     Eclipse Adoptium
07-May-2025 21:57:23.081 INFO [main] org.apache.catalina.startup.VersionLoggerListener.log CATALINA_BASE:         D:\Library\Desktop\apache-tomcat-11.0.6
07-May-2025 21:57:23.081 INFO [main] org.apache.catalina.startup.VersionLoggerListener.log CATALINA_HOME:         D:\Library\Desktop\apache-tomcat-11.0.6
07-May-2025 21:57:23.084 INFO [main] org.apache.catalina.startup.VersionLoggerListener.log Command line argument: -Dfile.encoding=UTF-8
07-May-2025 21:57:23.085 INFO [main] org.apache.catalina.startup.VersionLoggerListener.log Command line argument: -Dsun.stdout.encoding=UTF-8
07-May-2025 21:57:23.085 INFO [main] org.apache.catalina.startup.VersionLoggerListener.log Command line argument: -Dsun.stderr.encoding=UTF-8
07-May-2025 21:57:23.085 INFO [main] org.apache.catalina.startup.VersionLoggerListener.log Command line argument: -Djava.util.logging.config.file=D:\Library\Desktop\apache-tomcat-11.0.6\conf\logging.properties
07-May-2025 21:57:23.085 INFO [main] org.apache.catalina.startup.VersionLoggerListener.log Command line argument: -Djava.util.logging.manager=org.apache.juli.ClassLoaderLogManager
07-May-2025 21:57:23.086 INFO [main] org.apache.catalina.startup.VersionLoggerListener.log Command line argument: -Djdk.tls.ephemeralDHKeySize=2048
07-May-2025 21:57:23.086 INFO [main] org.apache.catalina.startup.VersionLoggerListener.log Command line argument: --add-opens=java.base/java.lang=ALL-UNNAMED
07-May-2025 21:57:23.087 INFO [main] org.apache.catalina.startup.VersionLoggerListener.log Command line argument: --add-opens=java.base/java.lang.reflect=ALL-UNNAMED
07-May-2025 21:57:23.087 INFO [main] org.apache.catalina.startup.VersionLoggerListener.log Command line argument: --add-opens=java.base/java.io=ALL-UNNAMED
07-May-2025 21:57:23.087 INFO [main] org.apache.catalina.startup.VersionLoggerListener.log Command line argument: --add-opens=java.base/java.util=ALL-UNNAMED
07-May-2025 21:57:23.088 INFO [main] org.apache.catalina.startup.VersionLoggerListener.log Command line argument: --add-opens=java.base/java.util.concurrent=ALL-UNNAMED
07-May-2025 21:57:23.088 INFO [main] org.apache.catalina.startup.VersionLoggerListener.log Command line argument: --add-opens=java.rmi/sun.rmi.transport=ALL-UNNAMED
07-May-2025 21:57:23.088 INFO [main] org.apache.catalina.startup.VersionLoggerListener.log Command line argument: --enable-native-access=ALL-UNNAMED
07-May-2025 21:57:23.089 INFO [main] org.apache.catalina.startup.VersionLoggerListener.log Command line argument: -Dcatalina.base=D:\Library\Desktop\apache-tomcat-11.0.6
07-May-2025 21:57:23.089 INFO [main] org.apache.catalina.startup.VersionLoggerListener.log Command line argument: -Dcatalina.home=D:\Library\Desktop\apache-tomcat-11.0.6
07-May-2025 21:57:23.089 INFO [main] org.apache.catalina.startup.VersionLoggerListener.log Command line argument: -Djava.io.tmpdir=D:\Library\Desktop\apache-tomcat-11.0.6\temp
07-May-2025 21:57:23.109 INFO [main] org.apache.catalina.core.AprLifecycleListener.lifecycleEvent The Apache Tomcat Native library which allows using OpenSSL was not found on the java.library.path: [C:\Program Files\Eclipse Adoptium\jdk-17.0.14.7-hotspot\bin;C:\Windows\Sun\Java\bin;C:\Windows\system32;C:\Windows;C:\Program Files\NVIDIA GPU Computing Toolkit\CUDA\v12.8\bin;C:\Program Files\NVIDIA GPU Computing Toolkit\CUDA\v12.8\libnvvp;C:\Program Files\Eclipse Adoptium\jdk-17.0.14.7-hotspot\bin;C:\ProgramData\Oracle\Java\javapath;C:\Program Files\Common Files\Oracle\Java\javapath;C:\Program Files (x86)\Common Files\Oracle\Java\java8path;C:\Program Files (x86)\Common Files\Oracle\Java\javapath;c:\Users\Admin\AppData\Local\Programs\cursor\resources\app\bin;C:\Windows\system32;C:\Windows;C:\Windows\System32\Wbem;C:\Windows\System32\WindowsPowerShell\v1.0\;C:\Windows\System32\OpenSSH\;C:\Program Files\dotnet\;C:\Program Files (x86)\NVIDIA Corporation\PhysX\Common;D:\Program Files\Python\Scripts\;D:\Program Files\Python\;C:\Users\Admin\AppData\Local\Microsoft\WindowsApps;C:\Users\Admin\.dotnet\tools;c:\Users\Admin\AppData\Local\Programs\cursor\resources\app\bin;C:\Program Files\NVIDIA Corporation\NVIDIA app\NvDLISR;D:\Portable Soft\Portable scrcpy;D:\Portable Soft\Portable Terminal;C:\Program Files\Java\jdk-23\bin;C:\Gradle\gradle-8.12\bin;C:\Program Files\nodejs\;C:\Program Files\NVIDIA Corporation\Nsight Compute 2025.1.0\;C:\Program Files\Git\cmd;C:\ProgramData\chocolatey\bin;C:\Users\Admin\AppData\Local\Programs\Python\Python312\Scripts\;C:\Users\Admin\AppData\Local\Programs\Python\Python312\;C:\Users\Admin\AppData\Local\Programs\Python\Python313\Scripts\;C:\Users\Admin\AppData\Local\Programs\Python\Python313\;C:\Users\Admin\AppData\Local\Programs\Python\Launcher\;D:\Program Files\Python\Scripts\;D:\Program Files\Python\;C:\Users\Admin\AppData\Local\Microsoft\WindowsApps;;C:\Users\Admin\.dotnet\tools;C:\Users\Admin\.cache\lm-studio\bin;C:\Users\Admin\AppData\Roaming\npm;C:\Users\Admin\.dotnet\tools;C:\Users\Admin\AppData\Local\Microsoft\WinGet\Packages\Gyan.FFmpeg_Microsoft.Winget.Source_8wekyb3d8bbwe\ffmpeg-7.1-full_build\bin;C:\Users\Admin\AppData\Local\Programs\cursor\resources\app\bin;.]
07-May-2025 21:57:23.335 INFO [main] org.apache.coyote.AbstractProtocol.init Инициализация ProtocolHandler ["http-nio-8080"]
07-May-2025 21:57:23.365 INFO [main] org.apache.catalina.startup.Catalina.load Server initialization in [575] milliseconds
07-May-2025 21:57:23.402 INFO [main] org.apache.catalina.core.StandardService.startInternal Starting service [Catalina]
07-May-2025 21:57:23.402 INFO [main] org.apache.catalina.core.StandardEngine.startInternal Starting Servlet engine: [Apache Tomcat/11.0.6]
07-May-2025 21:57:23.443 INFO [main] org.apache.catalina.startup.HostConfig.deployDirectory Установка веб приложения в папку [D:\Library\Desktop\apache-tomcat-11.0.6\webapps\docs]
07-May-2025 21:57:24.239 INFO [main] org.apache.catalina.startup.HostConfig.deployDirectory Deployment of web application directory [D:\Library\Desktop\apache-tomcat-11.0.6\webapps\docs] has finished in [794] ms
07-May-2025 21:57:24.239 INFO [main] org.apache.catalina.startup.HostConfig.deployDirectory Установка веб приложения в папку [D:\Library\Desktop\apache-tomcat-11.0.6\webapps\examples]
07-May-2025 21:57:25.229 INFO [main] org.apache.catalina.startup.HostConfig.deployDirectory Deployment of web application directory [D:\Library\Desktop\apache-tomcat-11.0.6\webapps\examples] has finished in [989] ms
07-May-2025 21:57:25.237 INFO [main] org.apache.catalina.startup.HostConfig.deployDirectory Установка веб приложения в папку [D:\Library\Desktop\apache-tomcat-11.0.6\webapps\host-manager]
07-May-2025 21:57:25.296 INFO [main] org.apache.catalina.startup.HostConfig.deployDirectory Deployment of web application directory [D:\Library\Desktop\apache-tomcat-11.0.6\webapps\host-manager] has finished in [59] ms
07-May-2025 21:57:25.297 INFO [main] org.apache.catalina.startup.HostConfig.deployDirectory Установка веб приложения в папку [D:\Library\Desktop\apache-tomcat-11.0.6\webapps\manager]
07-May-2025 21:57:25.358 INFO [main] org.apache.catalina.startup.HostConfig.deployDirectory Deployment of web application directory [D:\Library\Desktop\apache-tomcat-11.0.6\webapps\manager] has finished in [61] ms
07-May-2025 21:57:25.358 INFO [main] org.apache.catalina.startup.HostConfig.deployDirectory Установка веб приложения в папку [D:\Library\Desktop\apache-tomcat-11.0.6\webapps\ROOT]
07-May-2025 21:57:25.396 INFO [main] org.apache.catalina.startup.HostConfig.deployDirectory Deployment of web application directory [D:\Library\Desktop\apache-tomcat-11.0.6\webapps\ROOT] has finished in [38] ms
07-May-2025 21:57:25.399 INFO [main] org.apache.coyote.AbstractProtocol.start Starting ProtocolHandler ["http-nio-8080"]
07-May-2025 21:57:25.457 INFO [main] org.apache.catalina.startup.Catalina.start Server startup in [2091] milliseconds
07-May-2025 21:59:02.717 INFO [main] org.apache.catalina.startup.VersionLoggerListener.log Имя версии сервера:    Apache Tomcat/11.0.6
07-May-2025 21:59:02.726 INFO [main] org.apache.catalina.startup.VersionLoggerListener.log Сервер собран:         Apr 1 2025 14:40:40 UTC
07-May-2025 21:59:02.726 INFO [main] org.apache.catalina.startup.VersionLoggerListener.log Номер версии сервера:  11.0.6.0
07-May-2025 21:59:02.727 INFO [main] org.apache.catalina.startup.VersionLoggerListener.log OS Name:               Windows 10
07-May-2025 21:59:02.727 INFO [main] org.apache.catalina.startup.VersionLoggerListener.log Версия ОС:             10.0
07-May-2025 21:59:02.732 INFO [main] org.apache.catalina.startup.VersionLoggerListener.log Архитектура:           amd64
07-May-2025 21:59:02.740 INFO [main] org.apache.catalina.startup.VersionLoggerListener.log Java Home:             C:\Program Files\Eclipse Adoptium\jdk-17.0.14.7-hotspot
07-May-2025 21:59:02.744 INFO [main] org.apache.catalina.startup.VersionLoggerListener.log Версия JVM:            17.0.14+7
07-May-2025 21:59:02.750 INFO [main] org.apache.catalina.startup.VersionLoggerListener.log Производитель JVM:     Eclipse Adoptium
07-May-2025 21:59:02.750 INFO [main] org.apache.catalina.startup.VersionLoggerListener.log CATALINA_BASE:         D:\Library\Documents\Code Projects\cad-2025\les10\lab\project\apache-tomcat-11.0.6
07-May-2025 21:59:02.750 INFO [main] org.apache.catalina.startup.VersionLoggerListener.log CATALINA_HOME:         D:\Library\Documents\Code Projects\cad-2025\les10\lab\project\apache-tomcat-11.0.6
07-May-2025 21:59:02.751 INFO [main] org.apache.catalina.startup.VersionLoggerListener.log Command line argument: -Dfile.encoding=UTF-8
07-May-2025 21:59:02.754 INFO [main] org.apache.catalina.startup.VersionLoggerListener.log Command line argument: -Dsun.stdout.encoding=UTF-8
07-May-2025 21:59:02.755 INFO [main] org.apache.catalina.startup.VersionLoggerListener.log Command line argument: -Dsun.stderr.encoding=UTF-8
07-May-2025 21:59:02.755 INFO [main] org.apache.catalina.startup.VersionLoggerListener.log Command line argument: -Djava.util.logging.config.file=D:\Library\Documents\Code Projects\cad-2025\les10\lab\project\apache-tomcat-11.0.6\conf\logging.properties
07-May-2025 21:59:02.758 INFO [main] org.apache.catalina.startup.VersionLoggerListener.log Command line argument: -Djava.util.logging.manager=org.apache.juli.ClassLoaderLogManager
07-May-2025 21:59:02.758 INFO [main] org.apache.catalina.startup.VersionLoggerListener.log Command line argument: -Djdk.tls.ephemeralDHKeySize=2048
07-May-2025 21:59:02.759 INFO [main] org.apache.catalina.startup.VersionLoggerListener.log Command line argument: --add-opens=java.base/java.lang=ALL-UNNAMED
07-May-2025 21:59:02.759 INFO [main] org.apache.catalina.startup.VersionLoggerListener.log Command line argument: --add-opens=java.base/java.lang.reflect=ALL-UNNAMED
07-May-2025 21:59:02.760 INFO [main] org.apache.catalina.startup.VersionLoggerListener.log Command line argument: --add-opens=java.base/java.io=ALL-UNNAMED
07-May-2025 21:59:02.760 INFO [main] org.apache.catalina.startup.VersionLoggerListener.log Command line argument: --add-opens=java.base/java.util=ALL-UNNAMED
07-May-2025 21:59:02.760 INFO [main] org.apache.catalina.startup.VersionLoggerListener.log Command line argument: --add-opens=java.base/java.util.concurrent=ALL-UNNAMED
07-May-2025 21:59:02.761 INFO [main] org.apache.catalina.startup.VersionLoggerListener.log Command line argument: --add-opens=java.rmi/sun.rmi.transport=ALL-UNNAMED
07-May-2025 21:59:02.761 INFO [main] org.apache.catalina.startup.VersionLoggerListener.log Command line argument: --enable-native-access=ALL-UNNAMED
07-May-2025 21:59:02.761 INFO [main] org.apache.catalina.startup.VersionLoggerListener.log Command line argument: -Dcatalina.base=D:\Library\Documents\Code Projects\cad-2025\les10\lab\project\apache-tomcat-11.0.6
07-May-2025 21:59:02.762 INFO [main] org.apache.catalina.startup.VersionLoggerListener.log Command line argument: -Dcatalina.home=D:\Library\Documents\Code Projects\cad-2025\les10\lab\project\apache-tomcat-11.0.6
07-May-2025 21:59:02.779 INFO [main] org.apache.catalina.startup.VersionLoggerListener.log Command line argument: -Djava.io.tmpdir=D:\Library\Documents\Code Projects\cad-2025\les10\lab\project\apache-tomcat-11.0.6\temp
07-May-2025 21:59:02.812 INFO [main] org.apache.catalina.core.AprLifecycleListener.lifecycleEvent The Apache Tomcat Native library which allows using OpenSSL was not found on the java.library.path: [C:\Program Files\Eclipse Adoptium\jdk-17.0.14.7-hotspot\bin;C:\Windows\Sun\Java\bin;C:\Windows\system32;C:\Windows;C:\Program Files\NVIDIA GPU Computing Toolkit\CUDA\v12.8\bin;C:\Program Files\NVIDIA GPU Computing Toolkit\CUDA\v12.8\libnvvp;C:\Program Files\Eclipse Adoptium\jdk-17.0.14.7-hotspot\bin;C:\ProgramData\Oracle\Java\javapath;C:\Program Files\Common Files\Oracle\Java\javapath;C:\Program Files (x86)\Common Files\Oracle\Java\java8path;C:\Program Files (x86)\Common Files\Oracle\Java\javapath;c:\Users\Admin\AppData\Local\Programs\cursor\resources\app\bin;C:\Windows\system32;C:\Windows;C:\Windows\System32\Wbem;C:\Windows\System32\WindowsPowerShell\v1.0\;C:\Windows\System32\OpenSSH\;C:\Program Files\dotnet\;C:\Program Files (x86)\NVIDIA Corporation\PhysX\Common;D:\Program Files\Python\Scripts\;D:\Program Files\Python\;C:\Users\Admin\AppData\Local\Microsoft\WindowsApps;C:\Users\Admin\.dotnet\tools;c:\Users\Admin\AppData\Local\Programs\cursor\resources\app\bin;C:\Program Files\NVIDIA Corporation\NVIDIA app\NvDLISR;D:\Portable Soft\Portable scrcpy;D:\Portable Soft\Portable Terminal;C:\Program Files\Java\jdk-23\bin;C:\Gradle\gradle-8.12\bin;C:\Program Files\nodejs\;C:\Program Files\NVIDIA Corporation\Nsight Compute 2025.1.0\;C:\Program Files\Git\cmd;C:\ProgramData\chocolatey\bin;C:\Users\Admin\AppData\Local\Programs\Python\Python312\Scripts\;C:\Users\Admin\AppData\Local\Programs\Python\Python312\;C:\Users\Admin\AppData\Local\Programs\Python\Python313\Scripts\;C:\Users\Admin\AppData\Local\Programs\Python\Python313\;C:\Users\Admin\AppData\Local\Programs\Python\Launcher\;D:\Program Files\Python\Scripts\;D:\Program Files\Python\;C:\Users\Admin\AppData\Local\Microsoft\WindowsApps;;C:\Users\Admin\.dotnet\tools;C:\Users\Admin\.cache\lm-studio\bin;C:\Users\Admin\AppData\Roaming\npm;C:\Users\Admin\.dotnet\tools;C:\Users\Admin\AppData\Local\Microsoft\WinGet\Packages\Gyan.FFmpeg_Microsoft.Winget.Source_8wekyb3d8bbwe\ffmpeg-7.1-full_build\bin;C:\Users\Admin\AppData\Local\Programs\cursor\resources\app\bin;.]
07-May-2025 21:59:03.049 INFO [main] org.apache.coyote.AbstractProtocol.init Инициализация ProtocolHandler ["http-nio-8080"]
07-May-2025 21:59:03.070 INFO [main] org.apache.catalina.startup.Catalina.load Server initialization in [571] milliseconds
07-May-2025 21:59:03.101 INFO [main] org.apache.catalina.core.StandardService.startInternal Starting service [Catalina]
07-May-2025 21:59:03.101 INFO [main] org.apache.catalina.core.StandardEngine.startInternal Starting Servlet engine: [Apache Tomcat/11.0.6]
07-May-2025 21:59:03.112 INFO [main] org.apache.catalina.startup.HostConfig.deployDirectory Установка веб приложения в папку [D:\Library\Documents\Code Projects\cad-2025\les10\lab\project\apache-tomcat-11.0.6\webapps\docs]
07-May-2025 21:59:03.446 INFO [main] org.apache.catalina.startup.HostConfig.deployDirectory Deployment of web application directory [D:\Library\Documents\Code Projects\cad-2025\les10\lab\project\apache-tomcat-11.0.6\webapps\docs] has finished in [332] ms
07-May-2025 21:59:03.449 INFO [main] org.apache.catalina.startup.HostConfig.deployDirectory Установка веб приложения в папку [D:\Library\Documents\Code Projects\cad-2025\les10\lab\project\apache-tomcat-11.0.6\webapps\examples]
07-May-2025 21:59:04.219 INFO [main] org.apache.catalina.startup.HostConfig.deployDirectory Deployment of web application directory [D:\Library\Documents\Code Projects\cad-2025\les10\lab\project\apache-tomcat-11.0.6\webapps\examples] has finished in [771] ms
07-May-2025 21:59:04.221 INFO [main] org.apache.catalina.startup.HostConfig.deployDirectory Установка веб приложения в папку [D:\Library\Documents\Code Projects\cad-2025\les10\lab\project\apache-tomcat-11.0.6\webapps\host-manager]
07-May-2025 21:59:04.293 INFO [main] org.apache.catalina.startup.HostConfig.deployDirectory Deployment of web application directory [D:\Library\Documents\Code Projects\cad-2025\les10\lab\project\apache-tomcat-11.0.6\webapps\host-manager] has finished in [73] ms
07-May-2025 21:59:04.294 INFO [main] org.apache.catalina.startup.HostConfig.deployDirectory Установка веб приложения в папку [D:\Library\Documents\Code Projects\cad-2025\les10\lab\project\apache-tomcat-11.0.6\webapps\manager]
07-May-2025 21:59:04.362 INFO [main] org.apache.catalina.startup.HostConfig.deployDirectory Deployment of web application directory [D:\Library\Documents\Code Projects\cad-2025\les10\lab\project\apache-tomcat-11.0.6\webapps\manager] has finished in [68] ms
07-May-2025 21:59:04.362 INFO [main] org.apache.catalina.startup.HostConfig.deployDirectory Установка веб приложения в папку [D:\Library\Documents\Code Projects\cad-2025\les10\lab\project\apache-tomcat-11.0.6\webapps\ROOT]
07-May-2025 21:59:04.413 INFO [main] org.apache.catalina.startup.HostConfig.deployDirectory Deployment of web application directory [D:\Library\Documents\Code Projects\cad-2025\les10\lab\project\apache-tomcat-11.0.6\webapps\ROOT] has finished in [51] ms
07-May-2025 21:59:04.419 INFO [main] org.apache.coyote.AbstractProtocol.start Starting ProtocolHandler ["http-nio-8080"]
07-May-2025 21:59:04.460 INFO [main] org.apache.catalina.startup.Catalina.start Server startup in [1389] milliseconds
07-May-2025 22:00:06.063 INFO [main] org.apache.catalina.startup.VersionLoggerListener.log Имя версии сервера:    Apache Tomcat/11.0.6
07-May-2025 22:00:06.067 INFO [main] org.apache.catalina.startup.VersionLoggerListener.log Сервер собран:         Apr 1 2025 14:40:40 UTC
07-May-2025 22:00:06.068 INFO [main] org.apache.catalina.startup.VersionLoggerListener.log Номер версии сервера:  11.0.6.0
07-May-2025 22:00:06.068 INFO [main] org.apache.catalina.startup.VersionLoggerListener.log OS Name:               Windows 10
07-May-2025 22:00:06.068 INFO [main] org.apache.catalina.startup.VersionLoggerListener.log Версия ОС:             10.0
07-May-2025 22:00:06.069 INFO [main] org.apache.catalina.startup.VersionLoggerListener.log Архитектура:           amd64
07-May-2025 22:00:06.075 INFO [main] org.apache.catalina.startup.VersionLoggerListener.log Java Home:             C:\Program Files\Eclipse Adoptium\jdk-17.0.14.7-hotspot
07-May-2025 22:00:06.079 INFO [main] org.apache.catalina.startup.VersionLoggerListener.log Версия JVM:            17.0.14+7
07-May-2025 22:00:06.080 INFO [main] org.apache.catalina.startup.VersionLoggerListener.log Производитель JVM:     Eclipse Adoptium
07-May-2025 22:00:06.081 INFO [main] org.apache.catalina.startup.VersionLoggerListener.log CATALINA_BASE:         D:\Library\Documents\Code Projects\cad-2025\les10\lab\project\apache-tomcat-11.0.6
07-May-2025 22:00:06.083 INFO [main] org.apache.catalina.startup.VersionLoggerListener.log CATALINA_HOME:         D:\Library\Documents\Code Projects\cad-2025\les10\lab\project\apache-tomcat-11.0.6
07-May-2025 22:00:06.087 INFO [main] org.apache.catalina.startup.VersionLoggerListener.log Command line argument: -Dfile.encoding=UTF-8
07-May-2025 22:00:06.090 INFO [main] org.apache.catalina.startup.VersionLoggerListener.log Command line argument: -Dsun.stdout.encoding=UTF-8
07-May-2025 22:00:06.091 INFO [main] org.apache.catalina.startup.VersionLoggerListener.log Command line argument: -Dsun.stderr.encoding=UTF-8
07-May-2025 22:00:06.091 INFO [main] org.apache.catalina.startup.VersionLoggerListener.log Command line argument: -Djava.util.logging.config.file=D:\Library\Documents\Code Projects\cad-2025\les10\lab\project\apache-tomcat-11.0.6\conf\logging.properties
07-May-2025 22:00:06.092 INFO [main] org.apache.catalina.startup.VersionLoggerListener.log Command line argument: -Djava.util.logging.manager=org.apache.juli.ClassLoaderLogManager
07-May-2025 22:00:06.092 INFO [main] org.apache.catalina.startup.VersionLoggerListener.log Command line argument: -Djdk.tls.ephemeralDHKeySize=2048
07-May-2025 22:00:06.093 INFO [main] org.apache.catalina.startup.VersionLoggerListener.log Command line argument: --add-opens=java.base/java.lang=ALL-UNNAMED
07-May-2025 22:00:06.094 INFO [main] org.apache.catalina.startup.VersionLoggerListener.log Command line argument: --add-opens=java.base/java.lang.reflect=ALL-UNNAMED
07-May-2025 22:00:06.094 INFO [main] org.apache.catalina.startup.VersionLoggerListener.log Command line argument: --add-opens=java.base/java.io=ALL-UNNAMED
07-May-2025 22:00:06.094 INFO [main] org.apache.catalina.startup.VersionLoggerListener.log Command line argument: --add-opens=java.base/java.util=ALL-UNNAMED
07-May-2025 22:00:06.094 INFO [main] org.apache.catalina.startup.VersionLoggerListener.log Command line argument: --add-opens=java.base/java.util.concurrent=ALL-UNNAMED
07-May-2025 22:00:06.095 INFO [main] org.apache.catalina.startup.VersionLoggerListener.log Command line argument: --add-opens=java.rmi/sun.rmi.transport=ALL-UNNAMED
07-May-2025 22:00:06.095 INFO [main] org.apache.catalina.startup.VersionLoggerListener.log Command line argument: --enable-native-access=ALL-UNNAMED
07-May-2025 22:00:06.095 INFO [main] org.apache.catalina.startup.VersionLoggerListener.log Command line argument: -Dcatalina.base=D:\Library\Documents\Code Projects\cad-2025\les10\lab\project\apache-tomcat-11.0.6
07-May-2025 22:00:06.096 INFO [main] org.apache.catalina.startup.VersionLoggerListener.log Command line argument: -Dcatalina.home=D:\Library\Documents\Code Projects\cad-2025\les10\lab\project\apache-tomcat-11.0.6
07-May-2025 22:00:06.096 INFO [main] org.apache.catalina.startup.VersionLoggerListener.log Command line argument: -Djava.io.tmpdir=D:\Library\Documents\Code Projects\cad-2025\les10\lab\project\apache-tomcat-11.0.6\temp
07-May-2025 22:00:06.121 INFO [main] org.apache.catalina.core.AprLifecycleListener.lifecycleEvent The Apache Tomcat Native library which allows using OpenSSL was not found on the java.library.path: [C:\Program Files\Eclipse Adoptium\jdk-17.0.14.7-hotspot\bin;C:\Windows\Sun\Java\bin;C:\Windows\system32;C:\Windows;C:\Program Files\NVIDIA GPU Computing Toolkit\CUDA\v12.8\bin;C:\Program Files\NVIDIA GPU Computing Toolkit\CUDA\v12.8\libnvvp;C:\Program Files\Eclipse Adoptium\jdk-17.0.14.7-hotspot\bin;C:\ProgramData\Oracle\Java\javapath;C:\Program Files\Common Files\Oracle\Java\javapath;C:\Program Files (x86)\Common Files\Oracle\Java\java8path;C:\Program Files (x86)\Common Files\Oracle\Java\javapath;c:\Users\Admin\AppData\Local\Programs\cursor\resources\app\bin;C:\Windows\system32;C:\Windows;C:\Windows\System32\Wbem;C:\Windows\System32\WindowsPowerShell\v1.0\;C:\Windows\System32\OpenSSH\;C:\Program Files\dotnet\;C:\Program Files (x86)\NVIDIA Corporation\PhysX\Common;D:\Program Files\Python\Scripts\;D:\Program Files\Python\;C:\Users\Admin\AppData\Local\Microsoft\WindowsApps;C:\Users\Admin\.dotnet\tools;c:\Users\Admin\AppData\Local\Programs\cursor\resources\app\bin;C:\Program Files\NVIDIA Corporation\NVIDIA app\NvDLISR;D:\Portable Soft\Portable scrcpy;D:\Portable Soft\Portable Terminal;C:\Program Files\Java\jdk-23\bin;C:\Gradle\gradle-8.12\bin;C:\Program Files\nodejs\;C:\Program Files\NVIDIA Corporation\Nsight Compute 2025.1.0\;C:\Program Files\Git\cmd;C:\ProgramData\chocolatey\bin;C:\Users\Admin\AppData\Local\Programs\Python\Python312\Scripts\;C:\Users\Admin\AppData\Local\Programs\Python\Python312\;C:\Users\Admin\AppData\Local\Programs\Python\Python313\Scripts\;C:\Users\Admin\AppData\Local\Programs\Python\Python313\;C:\Users\Admin\AppData\Local\Programs\Python\Launcher\;D:\Program Files\Python\Scripts\;D:\Program Files\Python\;C:\Users\Admin\AppData\Local\Microsoft\WindowsApps;;C:\Users\Admin\.dotnet\tools;C:\Users\Admin\.cache\lm-studio\bin;C:\Users\Admin\AppData\Roaming\npm;C:\Users\Admin\.dotnet\tools;C:\Users\Admin\AppData\Local\Microsoft\WinGet\Packages\Gyan.FFmpeg_Microsoft.Winget.Source_8wekyb3d8bbwe\ffmpeg-7.1-full_build\bin;C:\Users\Admin\AppData\Local\Programs\cursor\resources\app\bin;.]
07-May-2025 22:00:06.336 INFO [main] org.apache.coyote.AbstractProtocol.init Инициализация ProtocolHandler ["http-nio-8080"]
07-May-2025 22:00:06.359 INFO [main] org.apache.catalina.startup.Catalina.load Server initialization in [521] milliseconds
07-May-2025 22:00:06.398 INFO [main] org.apache.catalina.core.StandardService.startInternal Starting service [Catalina]
07-May-2025 22:00:06.399 INFO [main] org.apache.catalina.core.StandardEngine.startInternal Starting Servlet engine: [Apache Tomcat/11.0.6]
07-May-2025 22:00:06.411 INFO [main] org.apache.catalina.startup.HostConfig.deployDirectory Установка веб приложения в папку [D:\Library\Documents\Code Projects\cad-2025\les10\lab\project\apache-tomcat-11.0.6\webapps\docs]
07-May-2025 22:00:06.825 INFO [main] org.apache.catalina.startup.HostConfig.deployDirectory Deployment of web application directory [D:\Library\Documents\Code Projects\cad-2025\les10\lab\project\apache-tomcat-11.0.6\webapps\docs] has finished in [412] ms
07-May-2025 22:00:06.826 INFO [main] org.apache.catalina.startup.HostConfig.deployDirectory Установка веб приложения в папку [D:\Library\Documents\Code Projects\cad-2025\les10\lab\project\apache-tomcat-11.0.6\webapps\examples]
07-May-2025 22:00:08.694 INFO [main] org.apache.catalina.startup.HostConfig.deployDirectory Deployment of web application directory [D:\Library\Documents\Code Projects\cad-2025\les10\lab\project\apache-tomcat-11.0.6\webapps\examples] has finished in [1 869] ms
07-May-2025 22:00:08.696 INFO [main] org.apache.catalina.startup.HostConfig.deployDirectory Установка веб приложения в папку [D:\Library\Documents\Code Projects\cad-2025\les10\lab\project\apache-tomcat-11.0.6\webapps\host-manager]
07-May-2025 22:00:08.774 INFO [main] org.apache.catalina.startup.HostConfig.deployDirectory Deployment of web application directory [D:\Library\Documents\Code Projects\cad-2025\les10\lab\project\apache-tomcat-11.0.6\webapps\host-manager] has finished in [78] ms
07-May-2025 22:00:08.775 INFO [main] org.apache.catalina.startup.HostConfig.deployDirectory Установка веб приложения в папку [D:\Library\Documents\Code Projects\cad-2025\les10\lab\project\apache-tomcat-11.0.6\webapps\manager]
07-May-2025 22:00:08.877 INFO [main] org.apache.catalina.startup.HostConfig.deployDirectory Deployment of web application directory [D:\Library\Documents\Code Projects\cad-2025\les10\lab\project\apache-tomcat-11.0.6\webapps\manager] has finished in [102] ms
07-May-2025 22:00:08.880 INFO [main] org.apache.catalina.startup.HostConfig.deployDirectory Установка веб приложения в папку [D:\Library\Documents\Code Projects\cad-2025\les10\lab\project\apache-tomcat-11.0.6\webapps\ROOT]
07-May-2025 22:00:08.985 INFO [main] org.apache.catalina.startup.HostConfig.deployDirectory Deployment of web application directory [D:\Library\Documents\Code Projects\cad-2025\les10\lab\project\apache-tomcat-11.0.6\webapps\ROOT] has finished in [105] ms
07-May-2025 22:00:08.989 INFO [main] org.apache.coyote.AbstractProtocol.start Starting ProtocolHandler ["http-nio-8080"]
07-May-2025 22:00:09.030 INFO [main] org.apache.catalina.startup.Catalina.start Server startup in [2670] milliseconds
07-May-2025 22:17:35.569 INFO [main] org.apache.catalina.startup.VersionLoggerListener.log Имя версии сервера:    Apache Tomcat/11.0.6
07-May-2025 22:17:35.578 INFO [main] org.apache.catalina.startup.VersionLoggerListener.log Сервер собран:         Apr 1 2025 14:40:40 UTC
07-May-2025 22:17:35.578 INFO [main] org.apache.catalina.startup.VersionLoggerListener.log Номер версии сервера:  11.0.6.0
07-May-2025 22:17:35.580 INFO [main] org.apache.catalina.startup.VersionLoggerListener.log OS Name:               Windows 10
07-May-2025 22:17:35.580 INFO [main] org.apache.catalina.startup.VersionLoggerListener.log Версия ОС:             10.0
07-May-2025 22:17:35.580 INFO [main] org.apache.catalina.startup.VersionLoggerListener.log Архитектура:           amd64
07-May-2025 22:17:35.581 INFO [main] org.apache.catalina.startup.VersionLoggerListener.log Java Home:             C:\Program Files\Eclipse Adoptium\jdk-17.0.14.7-hotspot
07-May-2025 22:17:35.581 INFO [main] org.apache.catalina.startup.VersionLoggerListener.log Версия JVM:            17.0.14+7
07-May-2025 22:17:35.581 INFO [main] org.apache.catalina.startup.VersionLoggerListener.log Производитель JVM:     Eclipse Adoptium
07-May-2025 22:17:35.581 INFO [main] org.apache.catalina.startup.VersionLoggerListener.log CATALINA_BASE:         D:\Library\Documents\Code Projects\cad-2025\les10\lab\project\apache-tomcat-11.0.6
07-May-2025 22:17:35.581 INFO [main] org.apache.catalina.startup.VersionLoggerListener.log CATALINA_HOME:         D:\Library\Documents\Code Projects\cad-2025\les10\lab\project\apache-tomcat-11.0.6
07-May-2025 22:17:35.593 INFO [main] org.apache.catalina.startup.VersionLoggerListener.log Command line argument: -Dfile.encoding=UTF-8
07-May-2025 22:17:35.593 INFO [main] org.apache.catalina.startup.VersionLoggerListener.log Command line argument: -Dsun.stdout.encoding=UTF-8
07-May-2025 22:17:35.595 INFO [main] org.apache.catalina.startup.VersionLoggerListener.log Command line argument: -Dsun.stderr.encoding=UTF-8
07-May-2025 22:17:35.595 INFO [main] org.apache.catalina.startup.VersionLoggerListener.log Command line argument: -Djava.util.logging.config.file=D:\Library\Documents\Code Projects\cad-2025\les10\lab\project\apache-tomcat-11.0.6\conf\logging.properties
07-May-2025 22:17:35.596 INFO [main] org.apache.catalina.startup.VersionLoggerListener.log Command line argument: -Djava.util.logging.manager=org.apache.juli.ClassLoaderLogManager
07-May-2025 22:17:35.596 INFO [main] org.apache.catalina.startup.VersionLoggerListener.log Command line argument: -Djdk.tls.ephemeralDHKeySize=2048
07-May-2025 22:17:35.597 INFO [main] org.apache.catalina.startup.VersionLoggerListener.log Command line argument: --add-opens=java.base/java.lang=ALL-UNNAMED
07-May-2025 22:17:35.597 INFO [main] org.apache.catalina.startup.VersionLoggerListener.log Command line argument: --add-opens=java.base/java.lang.reflect=ALL-UNNAMED
07-May-2025 22:17:35.598 INFO [main] org.apache.catalina.startup.VersionLoggerListener.log Command line argument: --add-opens=java.base/java.io=ALL-UNNAMED
07-May-2025 22:17:35.598 INFO [main] org.apache.catalina.startup.VersionLoggerListener.log Command line argument: --add-opens=java.base/java.util=ALL-UNNAMED
07-May-2025 22:17:35.598 INFO [main] org.apache.catalina.startup.VersionLoggerListener.log Command line argument: --add-opens=java.base/java.util.concurrent=ALL-UNNAMED
07-May-2025 22:17:35.598 INFO [main] org.apache.catalina.startup.VersionLoggerListener.log Command line argument: --add-opens=java.rmi/sun.rmi.transport=ALL-UNNAMED
07-May-2025 22:17:35.599 INFO [main] org.apache.catalina.startup.VersionLoggerListener.log Command line argument: --enable-native-access=ALL-UNNAMED
07-May-2025 22:17:35.599 INFO [main] org.apache.catalina.startup.VersionLoggerListener.log Command line argument: -Dcatalina.base=D:\Library\Documents\Code Projects\cad-2025\les10\lab\project\apache-tomcat-11.0.6
07-May-2025 22:17:35.600 INFO [main] org.apache.catalina.startup.VersionLoggerListener.log Command line argument: -Dcatalina.home=D:\Library\Documents\Code Projects\cad-2025\les10\lab\project\apache-tomcat-11.0.6
07-May-2025 22:17:35.600 INFO [main] org.apache.catalina.startup.VersionLoggerListener.log Command line argument: -Djava.io.tmpdir=D:\Library\Documents\Code Projects\cad-2025\les10\lab\project\apache-tomcat-11.0.6\temp
07-May-2025 22:17:35.620 INFO [main] org.apache.catalina.core.AprLifecycleListener.lifecycleEvent The Apache Tomcat Native library which allows using OpenSSL was not found on the java.library.path: [C:\Program Files\Eclipse Adoptium\jdk-17.0.14.7-hotspot\bin;C:\Windows\Sun\Java\bin;C:\Windows\system32;C:\Windows;C:\Program Files\NVIDIA GPU Computing Toolkit\CUDA\v12.8\bin;C:\Program Files\NVIDIA GPU Computing Toolkit\CUDA\v12.8\libnvvp;C:\Program Files\Eclipse Adoptium\jdk-17.0.14.7-hotspot\bin;C:\ProgramData\Oracle\Java\javapath;C:\Program Files\Common Files\Oracle\Java\javapath;C:\Program Files (x86)\Common Files\Oracle\Java\java8path;C:\Program Files (x86)\Common Files\Oracle\Java\javapath;c:\Users\Admin\AppData\Local\Programs\cursor\resources\app\bin;C:\Windows\system32;C:\Windows;C:\Windows\System32\Wbem;C:\Windows\System32\WindowsPowerShell\v1.0\;C:\Windows\System32\OpenSSH\;C:\Program Files\dotnet\;C:\Program Files (x86)\NVIDIA Corporation\PhysX\Common;D:\Program Files\Python\Scripts\;D:\Program Files\Python\;C:\Users\Admin\AppData\Local\Microsoft\WindowsApps;C:\Users\Admin\.dotnet\tools;c:\Users\Admin\AppData\Local\Programs\cursor\resources\app\bin;C:\Program Files\NVIDIA Corporation\NVIDIA app\NvDLISR;D:\Portable Soft\Portable scrcpy;D:\Portable Soft\Portable Terminal;C:\Program Files\Java\jdk-23\bin;C:\Gradle\gradle-8.12\bin;C:\Program Files\nodejs\;C:\Program Files\NVIDIA Corporation\Nsight Compute 2025.1.0\;C:\Program Files\Git\cmd;C:\ProgramData\chocolatey\bin;C:\Users\Admin\AppData\Local\Programs\Python\Python312\Scripts\;C:\Users\Admin\AppData\Local\Programs\Python\Python312\;C:\Users\Admin\AppData\Local\Programs\Python\Python313\Scripts\;C:\Users\Admin\AppData\Local\Programs\Python\Python313\;C:\Users\Admin\AppData\Local\Programs\Python\Launcher\;D:\Program Files\Python\Scripts\;D:\Program Files\Python\;C:\Users\Admin\AppData\Local\Microsoft\WindowsApps;;C:\Users\Admin\.dotnet\tools;C:\Users\Admin\.cache\lm-studio\bin;C:\Users\Admin\AppData\Roaming\npm;C:\Users\Admin\.dotnet\tools;C:\Users\Admin\AppData\Local\Microsoft\WinGet\Packages\Gyan.FFmpeg_Microsoft.Winget.Source_8wekyb3d8bbwe\ffmpeg-7.1-full_build\bin;C:\Users\Admin\AppData\Local\Programs\cursor\resources\app\bin;.]
07-May-2025 22:17:35.850 INFO [main] org.apache.coyote.AbstractProtocol.init Инициализация ProtocolHandler ["http-nio-8080"]
07-May-2025 22:17:35.878 INFO [main] org.apache.catalina.startup.Catalina.load Server initialization in [542] milliseconds
07-May-2025 22:17:35.914 INFO [main] org.apache.catalina.core.StandardService.startInternal Starting service [Catalina]
07-May-2025 22:17:35.915 INFO [main] org.apache.catalina.core.StandardEngine.startInternal Starting Servlet engine: [Apache Tomcat/11.0.6]
07-May-2025 22:17:35.934 INFO [main] org.apache.catalina.startup.HostConfig.deployWAR Deploying web application archive [D:\Library\Documents\Code Projects\cad-2025\les10\lab\project\apache-tomcat-11.0.6\webapps\app.war]
07-May-2025 22:17:41.403 INFO [main] org.apache.jasper.servlet.TldScanner.scanJars At least one JAR was scanned for TLDs yet contained no TLDs. Enable debug logging for this logger for a complete list of JARs that were scanned but no TLDs were found in them. Skipping unneeded JARs during scanning can improve startup time and JSP compilation time.
07-May-2025 22:17:42.159 INFO [main] org.apache.catalina.startup.HostConfig.deployWAR Deployment of web application archive [D:\Library\Documents\Code Projects\cad-2025\les10\lab\project\apache-tomcat-11.0.6\webapps\app.war] has finished in [6 223] ms
07-May-2025 22:17:42.160 INFO [main] org.apache.catalina.startup.HostConfig.deployDirectory Установка веб приложения в папку [D:\Library\Documents\Code Projects\cad-2025\les10\lab\project\apache-tomcat-11.0.6\webapps\docs]
07-May-2025 22:17:42.227 INFO [main] org.apache.catalina.startup.HostConfig.deployDirectory Deployment of web application directory [D:\Library\Documents\Code Projects\cad-2025\les10\lab\project\apache-tomcat-11.0.6\webapps\docs] has finished in [67] ms
07-May-2025 22:17:42.227 INFO [main] org.apache.catalina.startup.HostConfig.deployDirectory Установка веб приложения в папку [D:\Library\Documents\Code Projects\cad-2025\les10\lab\project\apache-tomcat-11.0.6\webapps\examples]
07-May-2025 22:17:43.035 INFO [main] org.apache.catalina.startup.HostConfig.deployDirectory Deployment of web application directory [D:\Library\Documents\Code Projects\cad-2025\les10\lab\project\apache-tomcat-11.0.6\webapps\examples] has finished in [807] ms
07-May-2025 22:17:43.041 INFO [main] org.apache.catalina.startup.HostConfig.deployDirectory Установка веб приложения в папку [D:\Library\Documents\Code Projects\cad-2025\les10\lab\project\apache-tomcat-11.0.6\webapps\host-manager]
07-May-2025 22:17:43.126 INFO [main] org.apache.catalina.startup.HostConfig.deployDirectory Deployment of web application directory [D:\Library\Documents\Code Projects\cad-2025\les10\lab\project\apache-tomcat-11.0.6\webapps\host-manager] has finished in [85] ms
07-May-2025 22:17:43.127 INFO [main] org.apache.catalina.startup.HostConfig.deployDirectory Установка веб приложения в папку [D:\Library\Documents\Code Projects\cad-2025\les10\lab\project\apache-tomcat-11.0.6\webapps\manager]
07-May-2025 22:17:43.215 INFO [main] org.apache.catalina.startup.HostConfig.deployDirectory Deployment of web application directory [D:\Library\Documents\Code Projects\cad-2025\les10\lab\project\apache-tomcat-11.0.6\webapps\manager] has finished in [88] ms
07-May-2025 22:17:43.215 INFO [main] org.apache.catalina.startup.HostConfig.deployDirectory Установка веб приложения в папку [D:\Library\Documents\Code Projects\cad-2025\les10\lab\project\apache-tomcat-11.0.6\webapps\ROOT]
07-May-2025 22:17:43.270 INFO [main] org.apache.catalina.startup.HostConfig.deployDirectory Deployment of web application directory [D:\Library\Documents\Code Projects\cad-2025\les10\lab\project\apache-tomcat-11.0.6\webapps\ROOT] has finished in [55] ms
07-May-2025 22:17:43.275 INFO [main] org.apache.coyote.AbstractProtocol.start Starting ProtocolHandler ["http-nio-8080"]
07-May-2025 22:17:43.311 INFO [main] org.apache.catalina.startup.Catalina.start Server startup in [7431] milliseconds
07-May-2025 22:24:01.581 INFO [main] org.apache.catalina.startup.VersionLoggerListener.log Имя версии сервера:    Apache Tomcat/11.0.6
07-May-2025 22:24:01.585 INFO [main] org.apache.catalina.startup.VersionLoggerListener.log Сервер собран:         Apr 1 2025 14:40:40 UTC
07-May-2025 22:24:01.586 INFO [main] org.apache.catalina.startup.VersionLoggerListener.log Номер версии сервера:  11.0.6.0
07-May-2025 22:24:01.586 INFO [main] org.apache.catalina.startup.VersionLoggerListener.log OS Name:               Windows 10
07-May-2025 22:24:01.586 INFO [main] org.apache.catalina.startup.VersionLoggerListener.log Версия ОС:             10.0
07-May-2025 22:24:01.586 INFO [main] org.apache.catalina.startup.VersionLoggerListener.log Архитектура:           amd64
07-May-2025 22:24:01.586 INFO [main] org.apache.catalina.startup.VersionLoggerListener.log Java Home:             C:\Program Files\Eclipse Adoptium\jdk-17.0.14.7-hotspot
07-May-2025 22:24:01.586 INFO [main] org.apache.catalina.startup.VersionLoggerListener.log Версия JVM:            17.0.14+7
07-May-2025 22:24:01.587 INFO [main] org.apache.catalina.startup.VersionLoggerListener.log Производитель JVM:     Eclipse Adoptium
07-May-2025 22:24:01.587 INFO [main] org.apache.catalina.startup.VersionLoggerListener.log CATALINA_BASE:         D:\Library\Documents\Code Projects\cad-2025\les10\lab\project\apache-tomcat-11.0.6
07-May-2025 22:24:01.587 INFO [main] org.apache.catalina.startup.VersionLoggerListener.log CATALINA_HOME:         D:\Library\Documents\Code Projects\cad-2025\les10\lab\project\apache-tomcat-11.0.6
07-May-2025 22:24:01.599 INFO [main] org.apache.catalina.startup.VersionLoggerListener.log Command line argument: -Dfile.encoding=UTF-8
07-May-2025 22:24:01.599 INFO [main] org.apache.catalina.startup.VersionLoggerListener.log Command line argument: -Dsun.stdout.encoding=UTF-8
07-May-2025 22:24:01.600 INFO [main] org.apache.catalina.startup.VersionLoggerListener.log Command line argument: -Dsun.stderr.encoding=UTF-8
07-May-2025 22:24:01.600 INFO [main] org.apache.catalina.startup.VersionLoggerListener.log Command line argument: -Djava.util.logging.config.file=D:\Library\Documents\Code Projects\cad-2025\les10\lab\project\apache-tomcat-11.0.6\conf\logging.properties
07-May-2025 22:24:01.600 INFO [main] org.apache.catalina.startup.VersionLoggerListener.log Command line argument: -Djava.util.logging.manager=org.apache.juli.ClassLoaderLogManager
07-May-2025 22:24:01.601 INFO [main] org.apache.catalina.startup.VersionLoggerListener.log Command line argument: -Djdk.tls.ephemeralDHKeySize=2048
07-May-2025 22:24:01.601 INFO [main] org.apache.catalina.startup.VersionLoggerListener.log Command line argument: --add-opens=java.base/java.lang=ALL-UNNAMED
07-May-2025 22:24:01.602 INFO [main] org.apache.catalina.startup.VersionLoggerListener.log Command line argument: --add-opens=java.base/java.lang.reflect=ALL-UNNAMED
07-May-2025 22:24:01.602 INFO [main] org.apache.catalina.startup.VersionLoggerListener.log Command line argument: --add-opens=java.base/java.io=ALL-UNNAMED
07-May-2025 22:24:01.602 INFO [main] org.apache.catalina.startup.VersionLoggerListener.log Command line argument: --add-opens=java.base/java.util=ALL-UNNAMED
07-May-2025 22:24:01.602 INFO [main] org.apache.catalina.startup.VersionLoggerListener.log Command line argument: --add-opens=java.base/java.util.concurrent=ALL-UNNAMED
07-May-2025 22:24:01.603 INFO [main] org.apache.catalina.startup.VersionLoggerListener.log Command line argument: --add-opens=java.rmi/sun.rmi.transport=ALL-UNNAMED
07-May-2025 22:24:01.603 INFO [main] org.apache.catalina.startup.VersionLoggerListener.log Command line argument: --enable-native-access=ALL-UNNAMED
07-May-2025 22:24:01.603 INFO [main] org.apache.catalina.startup.VersionLoggerListener.log Command line argument: -Dcatalina.base=D:\Library\Documents\Code Projects\cad-2025\les10\lab\project\apache-tomcat-11.0.6
07-May-2025 22:24:01.604 INFO [main] org.apache.catalina.startup.VersionLoggerListener.log Command line argument: -Dcatalina.home=D:\Library\Documents\Code Projects\cad-2025\les10\lab\project\apache-tomcat-11.0.6
07-May-2025 22:24:01.604 INFO [main] org.apache.catalina.startup.VersionLoggerListener.log Command line argument: -Djava.io.tmpdir=D:\Library\Documents\Code Projects\cad-2025\les10\lab\project\apache-tomcat-11.0.6\temp
07-May-2025 22:24:01.627 INFO [main] org.apache.catalina.core.AprLifecycleListener.lifecycleEvent The Apache Tomcat Native library which allows using OpenSSL was not found on the java.library.path: [C:\Program Files\Eclipse Adoptium\jdk-17.0.14.7-hotspot\bin;C:\Windows\Sun\Java\bin;C:\Windows\system32;C:\Windows;C:\Program Files\NVIDIA GPU Computing Toolkit\CUDA\v12.8\bin;C:\Program Files\NVIDIA GPU Computing Toolkit\CUDA\v12.8\libnvvp;C:\Program Files\Eclipse Adoptium\jdk-17.0.14.7-hotspot\bin;C:\ProgramData\Oracle\Java\javapath;C:\Program Files\Common Files\Oracle\Java\javapath;C:\Program Files (x86)\Common Files\Oracle\Java\java8path;C:\Program Files (x86)\Common Files\Oracle\Java\javapath;c:\Users\Admin\AppData\Local\Programs\cursor\resources\app\bin;C:\Windows\system32;C:\Windows;C:\Windows\System32\Wbem;C:\Windows\System32\WindowsPowerShell\v1.0\;C:\Windows\System32\OpenSSH\;C:\Program Files\dotnet\;C:\Program Files (x86)\NVIDIA Corporation\PhysX\Common;D:\Program Files\Python\Scripts\;D:\Program Files\Python\;C:\Users\Admin\AppData\Local\Microsoft\WindowsApps;C:\Users\Admin\.dotnet\tools;c:\Users\Admin\AppData\Local\Programs\cursor\resources\app\bin;C:\Program Files\NVIDIA Corporation\NVIDIA app\NvDLISR;D:\Portable Soft\Portable scrcpy;D:\Portable Soft\Portable Terminal;C:\Program Files\Java\jdk-23\bin;C:\Gradle\gradle-8.12\bin;C:\Program Files\nodejs\;C:\Program Files\NVIDIA Corporation\Nsight Compute 2025.1.0\;C:\Program Files\Git\cmd;C:\ProgramData\chocolatey\bin;C:\Users\Admin\AppData\Local\Programs\Python\Python312\Scripts\;C:\Users\Admin\AppData\Local\Programs\Python\Python312\;C:\Users\Admin\AppData\Local\Programs\Python\Python313\Scripts\;C:\Users\Admin\AppData\Local\Programs\Python\Python313\;C:\Users\Admin\AppData\Local\Programs\Python\Launcher\;D:\Program Files\Python\Scripts\;D:\Program Files\Python\;C:\Users\Admin\AppData\Local\Microsoft\WindowsApps;;C:\Users\Admin\.dotnet\tools;C:\Users\Admin\.cache\lm-studio\bin;C:\Users\Admin\AppData\Roaming\npm;C:\Users\Admin\.dotnet\tools;C:\Users\Admin\AppData\Local\Microsoft\WinGet\Packages\Gyan.FFmpeg_Microsoft.Winget.Source_8wekyb3d8bbwe\ffmpeg-7.1-full_build\bin;C:\Users\Admin\AppData\Local\Programs\cursor\resources\app\bin;.]
07-May-2025 22:24:01.876 INFO [main] org.apache.coyote.AbstractProtocol.init Инициализация ProtocolHandler ["http-nio-8080"]
07-May-2025 22:24:01.905 INFO [main] org.apache.catalina.startup.Catalina.load Server initialization in [512] milliseconds
07-May-2025 22:24:01.951 INFO [main] org.apache.catalina.core.StandardService.startInternal Starting service [Catalina]
07-May-2025 22:24:01.951 INFO [main] org.apache.catalina.core.StandardEngine.startInternal Starting Servlet engine: [Apache Tomcat/11.0.6]
07-May-2025 22:24:01.971 INFO [main] org.apache.catalina.startup.HostConfig.deployWAR Deploying web application archive [D:\Library\Documents\Code Projects\cad-2025\les10\lab\project\apache-tomcat-11.0.6\webapps\app.war]
07-May-2025 22:24:01.998 INFO [main] org.apache.catalina.startup.ExpandWar.expand An expanded directory [D:\Library\Documents\Code Projects\cad-2025\les10\lab\project\apache-tomcat-11.0.6\webapps\app] was found with a last modified time that did not match the associated WAR. It will be deleted.
07-May-2025 22:24:07.083 INFO [main] org.apache.jasper.servlet.TldScanner.scanJars At least one JAR was scanned for TLDs yet contained no TLDs. Enable debug logging for this logger for a complete list of JARs that were scanned but no TLDs were found in them. Skipping unneeded JARs during scanning can improve startup time and JSP compilation time.
07-May-2025 22:24:20.528 INFO [main] org.apache.catalina.startup.HostConfig.deployWAR Deployment of web application archive [D:\Library\Documents\Code Projects\cad-2025\les10\lab\project\apache-tomcat-11.0.6\webapps\app.war] has finished in [18 554] ms
07-May-2025 22:24:20.529 INFO [main] org.apache.catalina.startup.HostConfig.deployDirectory Установка веб приложения в папку [D:\Library\Documents\Code Projects\cad-2025\les10\lab\project\apache-tomcat-11.0.6\webapps\docs]
07-May-2025 22:24:20.586 INFO [main] org.apache.catalina.startup.HostConfig.deployDirectory Deployment of web application directory [D:\Library\Documents\Code Projects\cad-2025\les10\lab\project\apache-tomcat-11.0.6\webapps\docs] has finished in [57] ms
07-May-2025 22:24:20.586 INFO [main] org.apache.catalina.startup.HostConfig.deployDirectory Установка веб приложения в папку [D:\Library\Documents\Code Projects\cad-2025\les10\lab\project\apache-tomcat-11.0.6\webapps\examples]
07-May-2025 22:24:21.404 INFO [main] org.apache.catalina.startup.HostConfig.deployDirectory Deployment of web application directory [D:\Library\Documents\Code Projects\cad-2025\les10\lab\project\apache-tomcat-11.0.6\webapps\examples] has finished in [818] ms
07-May-2025 22:24:21.409 INFO [main] org.apache.catalina.startup.HostConfig.deployDirectory Установка веб приложения в папку [D:\Library\Documents\Code Projects\cad-2025\les10\lab\project\apache-tomcat-11.0.6\webapps\host-manager]
07-May-2025 22:24:21.477 INFO [main] org.apache.catalina.startup.HostConfig.deployDirectory Deployment of web application directory [D:\Library\Documents\Code Projects\cad-2025\les10\lab\project\apache-tomcat-11.0.6\webapps\host-manager] has finished in [68] ms
07-May-2025 22:24:21.478 INFO [main] org.apache.catalina.startup.HostConfig.deployDirectory Установка веб приложения в папку [D:\Library\Documents\Code Projects\cad-2025\les10\lab\project\apache-tomcat-11.0.6\webapps\manager]
07-May-2025 22:24:21.539 INFO [main] org.apache.catalina.startup.HostConfig.deployDirectory Deployment of web application directory [D:\Library\Documents\Code Projects\cad-2025\les10\lab\project\apache-tomcat-11.0.6\webapps\manager] has finished in [60] ms
07-May-2025 22:24:21.541 INFO [main] org.apache.catalina.startup.HostConfig.deployDirectory Установка веб приложения в папку [D:\Library\Documents\Code Projects\cad-2025\les10\lab\project\apache-tomcat-11.0.6\webapps\ROOT]
07-May-2025 22:24:21.581 INFO [main] org.apache.catalina.startup.HostConfig.deployDirectory Deployment of web application directory [D:\Library\Documents\Code Projects\cad-2025\les10\lab\project\apache-tomcat-11.0.6\webapps\ROOT] has finished in [41] ms
07-May-2025 22:24:21.585 INFO [main] org.apache.coyote.AbstractProtocol.start Starting ProtocolHandler ["http-nio-8080"]
07-May-2025 22:24:21.602 INFO [main] org.apache.catalina.startup.Catalina.start Server startup in [19691] milliseconds
07-May-2025 22:26:11.735 INFO [Catalina-utility-1] org.apache.catalina.startup.HostConfig.undeploy Undeploying context [/app]
07-May-2025 22:26:11.773 WARNING [Catalina-utility-1] org.apache.catalina.loader.WebappClassLoaderBase.clearReferencesJdbc The web application [app] registered the JDBC driver [org.h2.Driver] but failed to unregister it when the web application was stopped. To prevent a memory leak, the JDBC Driver has been forcibly unregistered.
07-May-2025 22:26:21.894 INFO [Catalina-utility-2] org.apache.catalina.startup.HostConfig.deployWAR Deploying web application archive [D:\Library\Documents\Code Projects\cad-2025\les10\lab\project\apache-tomcat-11.0.6\webapps\app.war]
07-May-2025 22:26:26.930 INFO [Catalina-utility-2] org.apache.jasper.servlet.TldScanner.scanJars At least one JAR was scanned for TLDs yet contained no TLDs. Enable debug logging for this logger for a complete list of JARs that were scanned but no TLDs were found in them. Skipping unneeded JARs during scanning can improve startup time and JSP compilation time.
07-May-2025 22:26:39.971 INFO [Catalina-utility-2] org.apache.catalina.startup.HostConfig.deployWAR Deployment of web application archive [D:\Library\Documents\Code Projects\cad-2025\les10\lab\project\apache-tomcat-11.0.6\webapps\app.war] has finished in [18 077] ms
07-May-2025 22:28:40.124 INFO [Catalina-utility-1] org.apache.catalina.startup.HostConfig.undeploy Undeploying context [/app]
07-May-2025 22:28:40.155 WARNING [Catalina-utility-1] org.apache.catalina.loader.WebappClassLoaderBase.clearReferencesJdbc The web application [app] registered the JDBC driver [org.h2.Driver] but failed to unregister it when the web application was stopped. To prevent a memory leak, the JDBC Driver has been forcibly unregistered.
07-May-2025 22:29:00.318 INFO [Catalina-utility-1] org.apache.catalina.startup.HostConfig.deployWAR Deploying web application archive [D:\Library\Documents\Code Projects\cad-2025\les10\lab\project\apache-tomcat-11.0.6\webapps\app.war]
07-May-2025 22:29:04.838 INFO [Catalina-utility-1] org.apache.jasper.servlet.TldScanner.scanJars At least one JAR was scanned for TLDs yet contained no TLDs. Enable debug logging for this logger for a complete list of JARs that were scanned but no TLDs were found in them. Skipping unneeded JARs during scanning can improve startup time and JSP compilation time.
07-May-2025 22:29:15.844 INFO [Catalina-utility-1] org.apache.catalina.startup.HostConfig.deployWAR Deployment of web application archive [D:\Library\Documents\Code Projects\cad-2025\les10\lab\project\apache-tomcat-11.0.6\webapps\app.war] has finished in [15 526] ms
07-May-2025 22:31:36.046 INFO [Catalina-utility-2] org.apache.catalina.startup.HostConfig.undeploy Undeploying context [/app]
07-May-2025 22:31:36.072 WARNING [Catalina-utility-2] org.apache.catalina.loader.WebappClassLoaderBase.clearReferencesJdbc The web application [app] registered the JDBC driver [org.h2.Driver] but failed to unregister it when the web application was stopped. To prevent a memory leak, the JDBC Driver has been forcibly unregistered.
07-May-2025 22:31:46.181 INFO [Catalina-utility-1] org.apache.catalina.startup.HostConfig.deployWAR Deploying web application archive [D:\Library\Documents\Code Projects\cad-2025\les10\lab\project\apache-tomcat-11.0.6\webapps\app.war]
07-May-2025 22:31:50.807 INFO [Catalina-utility-1] org.apache.jasper.servlet.TldScanner.scanJars At least one JAR was scanned for TLDs yet contained no TLDs. Enable debug logging for this logger for a complete list of JARs that were scanned but no TLDs were found in them. Skipping unneeded JARs during scanning can improve startup time and JSP compilation time.
07-May-2025 22:32:05.630 INFO [Catalina-utility-1] org.apache.catalina.startup.HostConfig.deployWAR Deployment of web application archive [D:\Library\Documents\Code Projects\cad-2025\les10\lab\project\apache-tomcat-11.0.6\webapps\app.war] has finished in [19 449] ms
07-May-2025 22:34:55.891 INFO [Catalina-utility-2] org.apache.catalina.startup.HostConfig.undeploy Undeploying context [/app]
07-May-2025 22:34:55.974 WARNING [Catalina-utility-2] org.apache.catalina.loader.WebappClassLoaderBase.clearReferencesJdbc The web application [app] registered the JDBC driver [org.h2.Driver] but failed to unregister it when the web application was stopped. To prevent a memory leak, the JDBC Driver has been forcibly unregistered.
07-May-2025 22:34:56.344 INFO [Catalina-utility-2] org.apache.catalina.startup.HostConfig.deployWAR Deploying web application archive [D:\Library\Documents\Code Projects\cad-2025\les10\lab\project\apache-tomcat-11.0.6\webapps\app.war]
07-May-2025 22:35:02.168 INFO [Catalina-utility-2] org.apache.jasper.servlet.TldScanner.scanJars At least one JAR was scanned for TLDs yet contained no TLDs. Enable debug logging for this logger for a complete list of JARs that were scanned but no TLDs were found in them. Skipping unneeded JARs during scanning can improve startup time and JSP compilation time.
07-May-2025 22:35:16.419 INFO [Catalina-utility-2] org.apache.catalina.startup.HostConfig.deployWAR Deployment of web application archive [D:\Library\Documents\Code Projects\cad-2025\les10\lab\project\apache-tomcat-11.0.6\webapps\app.war] has finished in [20 076] ms
07-May-2025 22:38:47.680 INFO [Catalina-utility-2] org.apache.catalina.startup.HostConfig.undeploy Undeploying context [/app]
07-May-2025 22:38:47.712 WARNING [Catalina-utility-2] org.apache.catalina.loader.WebappClassLoaderBase.clearReferencesJdbc The web application [app] registered the JDBC driver [org.h2.Driver] but failed to unregister it when the web application was stopped. To prevent a memory leak, the JDBC Driver has been forcibly unregistered.
07-May-2025 22:38:47.840 INFO [Catalina-utility-2] org.apache.catalina.startup.HostConfig.deployWAR Deploying web application archive [D:\Library\Documents\Code Projects\cad-2025\les10\lab\project\apache-tomcat-11.0.6\webapps\app.war]
07-May-2025 22:38:57.325 INFO [Catalina-utility-2] org.apache.jasper.servlet.TldScanner.scanJars At least one JAR was scanned for TLDs yet contained no TLDs. Enable debug logging for this logger for a complete list of JARs that were scanned but no TLDs were found in them. Skipping unneeded JARs during scanning can improve startup time and JSP compilation time.
07-May-2025 22:39:10.619 INFO [Catalina-utility-2] org.apache.catalina.startup.HostConfig.deployWAR Deployment of web application archive [D:\Library\Documents\Code Projects\cad-2025\les10\lab\project\apache-tomcat-11.0.6\webapps\app.war] has finished in [22 778] ms
07-May-2025 22:40:40.736 INFO [Catalina-utility-1] org.apache.catalina.startup.HostConfig.undeploy Undeploying context [/app]
07-May-2025 22:40:40.772 WARNING [Catalina-utility-1] org.apache.catalina.loader.WebappClassLoaderBase.clearReferencesJdbc The web application [app] registered the JDBC driver [org.h2.Driver] but failed to unregister it when the web application was stopped. To prevent a memory leak, the JDBC Driver has been forcibly unregistered.
07-May-2025 22:40:40.872 INFO [Catalina-utility-1] org.apache.catalina.startup.HostConfig.deployWAR Deploying web application archive [D:\Library\Documents\Code Projects\cad-2025\les10\lab\project\apache-tomcat-11.0.6\webapps\app.war]
07-May-2025 22:40:45.798 INFO [Catalina-utility-1] org.apache.jasper.servlet.TldScanner.scanJars At least one JAR was scanned for TLDs yet contained no TLDs. Enable debug logging for this logger for a complete list of JARs that were scanned but no TLDs were found in them. Skipping unneeded JARs during scanning can improve startup time and JSP compilation time.
07-May-2025 22:40:57.074 INFO [Catalina-utility-1] org.apache.catalina.startup.HostConfig.deployWAR Deployment of web application archive [D:\Library\Documents\Code Projects\cad-2025\les10\lab\project\apache-tomcat-11.0.6\webapps\app.war] has finished in [16 201] ms
07-May-2025 22:42:47.416 INFO [Catalina-utility-2] org.apache.catalina.startup.HostConfig.undeploy Undeploying context [/app]
07-May-2025 22:42:47.805 WARNING [Catalina-utility-2] org.apache.catalina.loader.WebappClassLoaderBase.clearReferencesJdbc The web application [app] registered the JDBC driver [org.h2.Driver] but failed to unregister it when the web application was stopped. To prevent a memory leak, the JDBC Driver has been forcibly unregistered.
07-May-2025 22:42:47.990 INFO [Catalina-utility-2] org.apache.catalina.startup.HostConfig.deployWAR Deploying web application archive [D:\Library\Documents\Code Projects\cad-2025\les10\lab\project\apache-tomcat-11.0.6\webapps\app.war]
07-May-2025 22:42:55.640 INFO [Catalina-utility-2] org.apache.jasper.servlet.TldScanner.scanJars At least one JAR was scanned for TLDs yet contained no TLDs. Enable debug logging for this logger for a complete list of JARs that were scanned but no TLDs were found in them. Skipping unneeded JARs during scanning can improve startup time and JSP compilation time.
07-May-2025 22:43:07.575 INFO [Catalina-utility-2] org.apache.catalina.startup.HostConfig.deployWAR Deployment of web application archive [D:\Library\Documents\Code Projects\cad-2025\les10\lab\project\apache-tomcat-11.0.6\webapps\app.war] has finished in [19 585] ms
07-May-2025 22:46:48.632 INFO [Catalina-utility-1] org.apache.catalina.startup.HostConfig.undeploy Undeploying context [/app]
07-May-2025 22:46:48.665 WARNING [Catalina-utility-1] org.apache.catalina.loader.WebappClassLoaderBase.clearReferencesJdbc The web application [app] registered the JDBC driver [org.h2.Driver] but failed to unregister it when the web application was stopped. To prevent a memory leak, the JDBC Driver has been forcibly unregistered.
07-May-2025 22:46:48.873 INFO [Catalina-utility-1] org.apache.catalina.startup.HostConfig.deployWAR Deploying web application archive [D:\Library\Documents\Code Projects\cad-2025\les10\lab\project\apache-tomcat-11.0.6\webapps\app.war]
07-May-2025 22:46:54.992 INFO [Catalina-utility-1] org.apache.jasper.servlet.TldScanner.scanJars At least one JAR was scanned for TLDs yet contained no TLDs. Enable debug logging for this logger for a complete list of JARs that were scanned but no TLDs were found in them. Skipping unneeded JARs during scanning can improve startup time and JSP compilation time.
07-May-2025 22:47:07.717 INFO [Catalina-utility-1] org.apache.catalina.startup.HostConfig.deployWAR Deployment of web application archive [D:\Library\Documents\Code Projects\cad-2025\les10\lab\project\apache-tomcat-11.0.6\webapps\app.war] has finished in [18 843] ms
07-May-2025 22:51:58.115 INFO [Catalina-utility-2] org.apache.catalina.startup.HostConfig.undeploy Undeploying context [/app]
07-May-2025 22:51:58.144 WARNING [Catalina-utility-2] org.apache.catalina.loader.WebappClassLoaderBase.clearReferencesJdbc The web application [app] registered the JDBC driver [org.h2.Driver] but failed to unregister it when the web application was stopped. To prevent a memory leak, the JDBC Driver has been forcibly unregistered.
07-May-2025 22:51:58.239 INFO [Catalina-utility-2] org.apache.catalina.startup.HostConfig.deployWAR Deploying web application archive [D:\Library\Documents\Code Projects\cad-2025\les10\lab\project\apache-tomcat-11.0.6\webapps\app.war]
07-May-2025 22:52:04.453 INFO [Catalina-utility-2] org.apache.jasper.servlet.TldScanner.scanJars At least one JAR was scanned for TLDs yet contained no TLDs. Enable debug logging for this logger for a complete list of JARs that were scanned but no TLDs were found in them. Skipping unneeded JARs during scanning can improve startup time and JSP compilation time.
07-May-2025 22:52:16.429 INFO [Catalina-utility-2] org.apache.catalina.startup.HostConfig.deployWAR Deployment of web application archive [D:\Library\Documents\Code Projects\cad-2025\les10\lab\project\apache-tomcat-11.0.6\webapps\app.war] has finished in [18 190] ms
07-May-2025 22:56:36.866 INFO [Catalina-utility-1] org.apache.catalina.startup.HostConfig.undeploy Undeploying context [/app]
07-May-2025 22:56:36.902 WARNING [Catalina-utility-1] org.apache.catalina.loader.WebappClassLoaderBase.clearReferencesJdbc The web application [app] registered the JDBC driver [org.h2.Driver] but failed to unregister it when the web application was stopped. To prevent a memory leak, the JDBC Driver has been forcibly unregistered.
07-May-2025 22:56:38.504 INFO [http-nio-8080-exec-85] org.apache.catalina.startup.HostConfig.deployWAR Deploying web application archive [D:\Library\Documents\Code Projects\cad-2025\les10\lab\project\apache-tomcat-11.0.6\webapps\app.war]
07-May-2025 22:56:42.740 INFO [http-nio-8080-exec-85] org.apache.jasper.servlet.TldScanner.scanJars At least one JAR was scanned for TLDs yet contained no TLDs. Enable debug logging for this logger for a complete list of JARs that were scanned but no TLDs were found in them. Skipping unneeded JARs during scanning can improve startup time and JSP compilation time.
07-May-2025 22:56:52.984 INFO [http-nio-8080-exec-85] org.apache.catalina.startup.HostConfig.deployWAR Deployment of web application archive [D:\Library\Documents\Code Projects\cad-2025\les10\lab\project\apache-tomcat-11.0.6\webapps\app.war] has finished in [14 481] ms
07-May-2025 22:58:29.440 INFO [http-nio-8080-exec-96] org.apache.catalina.startup.HostConfig.undeploy Undeploying context [/app]
07-May-2025 22:58:29.471 WARNING [http-nio-8080-exec-96] org.apache.catalina.loader.WebappClassLoaderBase.clearReferencesJdbc The web application [app] registered the JDBC driver [org.h2.Driver] but failed to unregister it when the web application was stopped. To prevent a memory leak, the JDBC Driver has been forcibly unregistered.
07-May-2025 22:58:29.551 INFO [http-nio-8080-exec-96] org.apache.catalina.startup.HostConfig.deployWAR Deploying web application archive [D:\Library\Documents\Code Projects\cad-2025\les10\lab\project\apache-tomcat-11.0.6\webapps\app.war]
07-May-2025 22:58:34.140 INFO [http-nio-8080-exec-96] org.apache.jasper.servlet.TldScanner.scanJars At least one JAR was scanned for TLDs yet contained no TLDs. Enable debug logging for this logger for a complete list of JARs that were scanned but no TLDs were found in them. Skipping unneeded JARs during scanning can improve startup time and JSP compilation time.
07-May-2025 22:58:45.093 INFO [http-nio-8080-exec-96] org.apache.catalina.startup.HostConfig.deployWAR Deployment of web application archive [D:\Library\Documents\Code Projects\cad-2025\les10\lab\project\apache-tomcat-11.0.6\webapps\app.war] has finished in [15 542] ms
07-May-2025 23:12:07.061 INFO [Catalina-utility-2] org.apache.catalina.startup.HostConfig.undeploy Undeploying context [/app]
07-May-2025 23:12:07.129 WARNING [Catalina-utility-2] org.apache.catalina.loader.WebappClassLoaderBase.clearReferencesJdbc The web application [app] registered the JDBC driver [org.h2.Driver] but failed to unregister it when the web application was stopped. To prevent a memory leak, the JDBC Driver has been forcibly unregistered.
07-May-2025 23:12:17.431 INFO [Catalina-utility-2] org.apache.catalina.startup.HostConfig.deployWAR Deploying web application archive [D:\Library\Documents\Code Projects\cad-2025\les10\lab\project\apache-tomcat-11.0.6\webapps\app.war]
07-May-2025 23:12:28.914 INFO [Catalina-utility-2] org.apache.jasper.servlet.TldScanner.scanJars At least one JAR was scanned for TLDs yet contained no TLDs. Enable debug logging for this logger for a complete list of JARs that were scanned but no TLDs were found in them. Skipping unneeded JARs during scanning can improve startup time and JSP compilation time.
07-May-2025 23:12:51.824 INFO [Catalina-utility-2] org.apache.catalina.startup.HostConfig.deployWAR Deployment of web application archive [D:\Library\Documents\Code Projects\cad-2025\les10\lab\project\apache-tomcat-11.0.6\webapps\app.war] has finished in [34 393] ms
07-May-2025 23:16:53.978 INFO [Catalina-utility-2] org.apache.catalina.startup.HostConfig.undeploy Undeploying context [/app]
07-May-2025 23:16:54.014 WARNING [Catalina-utility-2] org.apache.catalina.loader.WebappClassLoaderBase.clearReferencesJdbc The web application [app] registered the JDBC driver [org.h2.Driver] but failed to unregister it when the web application was stopped. To prevent a memory leak, the JDBC Driver has been forcibly unregistered.
07-May-2025 23:16:56.052 INFO [http-nio-8080-exec-121] org.apache.catalina.startup.HostConfig.deployWAR Deploying web application archive [D:\Library\Documents\Code Projects\cad-2025\les10\lab\project\apache-tomcat-11.0.6\webapps\app.war]
07-May-2025 23:17:02.683 INFO [http-nio-8080-exec-121] org.apache.jasper.servlet.TldScanner.scanJars At least one JAR was scanned for TLDs yet contained no TLDs. Enable debug logging for this logger for a complete list of JARs that were scanned but no TLDs were found in them. Skipping unneeded JARs during scanning can improve startup time and JSP compilation time.
07-May-2025 23:17:22.181 INFO [http-nio-8080-exec-121] org.apache.catalina.startup.HostConfig.deployWAR Deployment of web application archive [D:\Library\Documents\Code Projects\cad-2025\les10\lab\project\apache-tomcat-11.0.6\webapps\app.war] has finished in [26 129] ms
