08-May-2025 16:39:17.159 INFO [main] org.apache.catalina.core.ApplicationContext.log No Spring WebApplicationInitializer types detected on classpath
08-May-2025 16:39:17.171 INFO [main] org.apache.catalina.core.ApplicationContext.log Initializing Spring root WebApplicationContext
08-May-2025 16:39:29.348 INFO [main] org.apache.catalina.core.ApplicationContext.log ContextListener: contextInitialized()
08-May-2025 16:39:29.348 INFO [main] org.apache.catalina.core.ApplicationContext.log SessionListener: contextInitialized()
08-May-2025 16:39:29.353 INFO [main] org.apache.catalina.core.ApplicationContext.log ContextListener: attributeAdded('StockTicker', 'async.Stockticker@6d0d557c')
08-May-2025 16:40:46.259 SEVERE [http-nio-8080-exec-3] org.apache.catalina.core.StandardWrapperValve.invoke Servlet.service() для сервлета [ru.bsuedu.cad.lab.app.ProductsRestServlet] в контексте с путем [/app] выбросил исключение
	org.hibernate.LazyInitializationException: could not initialize proxy [ru.bsuedu.cad.lab.entity.Category#1] - no Session
		at org.hibernate.proxy.AbstractLazyInitializer.initialize(AbstractLazyInitializer.java:165)
		at org.hibernate.proxy.AbstractLazyInitializer.getImplementation(AbstractLazyInitializer.java:314)
		at org.hibernate.proxy.pojo.bytebuddy.ByteBuddyInterceptor.intercept(ByteBuddyInterceptor.java:44)
		at org.hibernate.proxy.ProxyConfiguration$InterceptorDispatcher.intercept(ProxyConfiguration.java:102)
		at ru.bsuedu.cad.lab.entity.Category$HibernateProxy$XPayR11e.getName(Unknown Source)
		at ru.bsuedu.cad.lab.app.ProductsRestServlet.doGet(ProductsRestServlet.java:34)
		at jakarta.servlet.http.HttpServlet.service(HttpServlet.java:622)
		at jakarta.servlet.http.HttpServlet.service(HttpServlet.java:710)
		at org.apache.catalina.core.ApplicationFilterChain.doFilter(ApplicationFilterChain.java:130)
		at org.apache.tomcat.websocket.server.WsFilter.doFilter(WsFilter.java:53)
		at org.apache.catalina.core.ApplicationFilterChain.doFilter(ApplicationFilterChain.java:109)
		at org.apache.catalina.core.StandardWrapperValve.invoke(StandardWrapperValve.java:167)
		at org.apache.catalina.core.StandardContextValve.invoke(StandardContextValve.java:79)
		at org.apache.catalina.authenticator.AuthenticatorBase.invoke(AuthenticatorBase.java:483)
		at org.apache.catalina.core.StandardHostValve.invoke(StandardHostValve.java:116)
		at org.apache.catalina.valves.ErrorReportValve.invoke(ErrorReportValve.java:93)
		at org.apache.catalina.valves.AbstractAccessLogValve.invoke(AbstractAccessLogValve.java:666)
		at org.apache.catalina.core.StandardEngineValve.invoke(StandardEngineValve.java:74)
		at org.apache.catalina.connector.CoyoteAdapter.service(CoyoteAdapter.java:343)
		at org.apache.coyote.http11.Http11Processor.service(Http11Processor.java:396)
		at org.apache.coyote.AbstractProcessorLight.process(AbstractProcessorLight.java:63)
		at org.apache.coyote.AbstractProtocol$ConnectionHandler.process(AbstractProtocol.java:903)
		at org.apache.tomcat.util.net.NioEndpoint$SocketProcessor.doRun(NioEndpoint.java:1744)
		at org.apache.tomcat.util.net.SocketProcessorBase.run(SocketProcessorBase.java:52)
		at org.apache.tomcat.util.threads.ThreadPoolExecutor.runWorker(ThreadPoolExecutor.java:1149)
		at org.apache.tomcat.util.threads.ThreadPoolExecutor$Worker.run(ThreadPoolExecutor.java:637)
		at org.apache.tomcat.util.threads.TaskThread$WrappingRunnable.run(TaskThread.java:59)
		at java.base/java.lang.Thread.run(Thread.java:840)
08-May-2025 16:41:00.722 SEVERE [http-nio-8080-exec-5] org.apache.catalina.core.StandardWrapperValve.invoke Servlet.service() для сервлета [ru.bsuedu.cad.lab.app.ProductsRestServlet] в контексте с путем [/app] выбросил исключение
	org.hibernate.LazyInitializationException: could not initialize proxy [ru.bsuedu.cad.lab.entity.Category#1] - no Session
		at org.hibernate.proxy.AbstractLazyInitializer.initialize(AbstractLazyInitializer.java:165)
		at org.hibernate.proxy.AbstractLazyInitializer.getImplementation(AbstractLazyInitializer.java:314)
		at org.hibernate.proxy.pojo.bytebuddy.ByteBuddyInterceptor.intercept(ByteBuddyInterceptor.java:44)
		at org.hibernate.proxy.ProxyConfiguration$InterceptorDispatcher.intercept(ProxyConfiguration.java:102)
		at ru.bsuedu.cad.lab.entity.Category$HibernateProxy$XPayR11e.getName(Unknown Source)
		at ru.bsuedu.cad.lab.app.ProductsRestServlet.doGet(ProductsRestServlet.java:34)
		at jakarta.servlet.http.HttpServlet.service(HttpServlet.java:622)
		at jakarta.servlet.http.HttpServlet.service(HttpServlet.java:710)
		at org.apache.catalina.core.ApplicationFilterChain.doFilter(ApplicationFilterChain.java:130)
		at org.apache.tomcat.websocket.server.WsFilter.doFilter(WsFilter.java:53)
		at org.apache.catalina.core.ApplicationFilterChain.doFilter(ApplicationFilterChain.java:109)
		at org.apache.catalina.core.StandardWrapperValve.invoke(StandardWrapperValve.java:167)
		at org.apache.catalina.core.StandardContextValve.invoke(StandardContextValve.java:79)
		at org.apache.catalina.authenticator.AuthenticatorBase.invoke(AuthenticatorBase.java:483)
		at org.apache.catalina.core.StandardHostValve.invoke(StandardHostValve.java:116)
		at org.apache.catalina.valves.ErrorReportValve.invoke(ErrorReportValve.java:93)
		at org.apache.catalina.valves.AbstractAccessLogValve.invoke(AbstractAccessLogValve.java:666)
		at org.apache.catalina.core.StandardEngineValve.invoke(StandardEngineValve.java:74)
		at org.apache.catalina.connector.CoyoteAdapter.service(CoyoteAdapter.java:343)
		at org.apache.coyote.http11.Http11Processor.service(Http11Processor.java:396)
		at org.apache.coyote.AbstractProcessorLight.process(AbstractProcessorLight.java:63)
		at org.apache.coyote.AbstractProtocol$ConnectionHandler.process(AbstractProtocol.java:903)
		at org.apache.tomcat.util.net.NioEndpoint$SocketProcessor.doRun(NioEndpoint.java:1744)
		at org.apache.tomcat.util.net.SocketProcessorBase.run(SocketProcessorBase.java:52)
		at org.apache.tomcat.util.threads.ThreadPoolExecutor.runWorker(ThreadPoolExecutor.java:1149)
		at org.apache.tomcat.util.threads.ThreadPoolExecutor$Worker.run(ThreadPoolExecutor.java:637)
		at org.apache.tomcat.util.threads.TaskThread$WrappingRunnable.run(TaskThread.java:59)
		at java.base/java.lang.Thread.run(Thread.java:840)
08-May-2025 16:48:52.629 INFO [Catalina-utility-2] org.apache.catalina.core.ApplicationContext.log Closing Spring root WebApplicationContext
08-May-2025 16:52:07.952 INFO [Catalina-utility-1] org.apache.catalina.core.ApplicationContext.log No Spring WebApplicationInitializer types detected on classpath
08-May-2025 16:52:07.960 INFO [Catalina-utility-1] org.apache.catalina.core.ApplicationContext.log Initializing Spring root WebApplicationContext
08-May-2025 16:55:41.764 SEVERE [http-nio-8080-exec-19] org.apache.catalina.core.StandardWrapperValve.invoke Servlet.service() для сервлета [ru.bsuedu.cad.lab.app.CreateOrderServlet] в контексте с путем [/app] выбросил исключение
	org.springframework.dao.DataIntegrityViolationException: could not execute statement [Нарушение уникального индекса или первичного ключа: "PUBLIC.UK_RM2I6CEHIEROCRPF810L2JL1V_INDEX_6 ON PUBLIC.CUSTOMERS(EMAIL NULLS FIRST) VALUES ( /* 8 */ 'anna.fedorova@example.com' )"
Unique index or primary key violation: "PUBLIC.UK_RM2I6CEHIEROCRPF810L2JL1V_INDEX_6 ON PUBLIC.CUSTOMERS(EMAIL NULLS FIRST) VALUES ( /* 8 */ 'anna.fedorova@example.com' )"; SQL statement:
insert into CUSTOMERS (address,email,name,phone,customer_id) values (?,?,?,?,default) [23505-224]] [insert into CUSTOMERS (address,email,name,phone,customer_id) values (?,?,?,?,default)]; SQL [insert into CUSTOMERS (address,email,name,phone,customer_id) values (?,?,?,?,default)]; constraint ["PUBLIC.UK_RM2I6CEHIEROCRPF810L2JL1V_INDEX_6 ON PUBLIC.CUSTOMERS(EMAIL NULLS FIRST) VALUES ( /* 8 */ 'anna.fedorova@example.com' )"; SQL statement:
insert into CUSTOMERS (address,email,name,phone,customer_id) values (?,?,?,?,default) [23505-224]]
		at org.springframework.orm.jpa.vendor.HibernateJpaDialect.convertHibernateAccessException(HibernateJpaDialect.java:290)
		at org.springframework.orm.jpa.vendor.HibernateJpaDialect.translateExceptionIfPossible(HibernateJpaDialect.java:241)
		at org.springframework.orm.jpa.AbstractEntityManagerFactoryBean.translateExceptionIfPossible(AbstractEntityManagerFactoryBean.java:550)
		at org.springframework.dao.support.ChainedPersistenceExceptionTranslator.translateExceptionIfPossible(ChainedPersistenceExceptionTranslator.java:61)
		at org.springframework.dao.support.DataAccessUtils.translateIfNecessary(DataAccessUtils.java:335)
		at org.springframework.dao.support.PersistenceExceptionTranslationInterceptor.invoke(PersistenceExceptionTranslationInterceptor.java:152)
		at org.springframework.aop.framework.ReflectiveMethodInvocation.proceed(ReflectiveMethodInvocation.java:184)
		at org.springframework.data.jpa.repository.support.CrudMethodMetadataPostProcessor$CrudMethodMetadataPopulatingMethodInterceptor.invoke(CrudMethodMetadataPostProcessor.java:164)
		at org.springframework.aop.framework.ReflectiveMethodInvocation.proceed(ReflectiveMethodInvocation.java:184)
		at org.springframework.aop.interceptor.ExposeInvocationInterceptor.invoke(ExposeInvocationInterceptor.java:97)
		at org.springframework.aop.framework.ReflectiveMethodInvocation.proceed(ReflectiveMethodInvocation.java:184)
		at org.springframework.aop.framework.JdkDynamicAopProxy.invoke(JdkDynamicAopProxy.java:223)
		at jdk.proxy5/jdk.proxy5.$Proxy131.save(Unknown Source)
		at ru.bsuedu.cad.lab.app.CreateOrderServlet.doPost(CreateOrderServlet.java:86)
		at jakarta.servlet.http.HttpServlet.service(HttpServlet.java:649)
		at jakarta.servlet.http.HttpServlet.service(HttpServlet.java:710)
		at org.apache.catalina.core.ApplicationFilterChain.doFilter(ApplicationFilterChain.java:130)
		at org.apache.tomcat.websocket.server.WsFilter.doFilter(WsFilter.java:53)
		at org.apache.catalina.core.ApplicationFilterChain.doFilter(ApplicationFilterChain.java:109)
		at org.apache.catalina.core.StandardWrapperValve.invoke(StandardWrapperValve.java:167)
		at org.apache.catalina.core.StandardContextValve.invoke(StandardContextValve.java:79)
		at org.apache.catalina.authenticator.AuthenticatorBase.invoke(AuthenticatorBase.java:483)
		at org.apache.catalina.core.StandardHostValve.invoke(StandardHostValve.java:116)
		at org.apache.catalina.valves.ErrorReportValve.invoke(ErrorReportValve.java:93)
		at org.apache.catalina.valves.AbstractAccessLogValve.invoke(AbstractAccessLogValve.java:666)
		at org.apache.catalina.core.StandardEngineValve.invoke(StandardEngineValve.java:74)
		at org.apache.catalina.connector.CoyoteAdapter.service(CoyoteAdapter.java:343)
		at org.apache.coyote.http11.Http11Processor.service(Http11Processor.java:396)
		at org.apache.coyote.AbstractProcessorLight.process(AbstractProcessorLight.java:63)
		at org.apache.coyote.AbstractProtocol$ConnectionHandler.process(AbstractProtocol.java:903)
		at org.apache.tomcat.util.net.NioEndpoint$SocketProcessor.doRun(NioEndpoint.java:1744)
		at org.apache.tomcat.util.net.SocketProcessorBase.run(SocketProcessorBase.java:52)
		at org.apache.tomcat.util.threads.ThreadPoolExecutor.runWorker(ThreadPoolExecutor.java:1149)
		at org.apache.tomcat.util.threads.ThreadPoolExecutor$Worker.run(ThreadPoolExecutor.java:637)
		at org.apache.tomcat.util.threads.TaskThread$WrappingRunnable.run(TaskThread.java:59)
		at java.base/java.lang.Thread.run(Thread.java:840)
	Caused by: org.hibernate.exception.ConstraintViolationException: could not execute statement [Нарушение уникального индекса или первичного ключа: "PUBLIC.UK_RM2I6CEHIEROCRPF810L2JL1V_INDEX_6 ON PUBLIC.CUSTOMERS(EMAIL NULLS FIRST) VALUES ( /* 8 */ 'anna.fedorova@example.com' )"
Unique index or primary key violation: "PUBLIC.UK_RM2I6CEHIEROCRPF810L2JL1V_INDEX_6 ON PUBLIC.CUSTOMERS(EMAIL NULLS FIRST) VALUES ( /* 8 */ 'anna.fedorova@example.com' )"; SQL statement:
insert into CUSTOMERS (address,email,name,phone,customer_id) values (?,?,?,?,default) [23505-224]] [insert into CUSTOMERS (address,email,name,phone,customer_id) values (?,?,?,?,default)]
		at org.hibernate.exception.internal.SQLExceptionTypeDelegate.convert(SQLExceptionTypeDelegate.java:62)
		at org.hibernate.exception.internal.StandardSQLExceptionConverter.convert(StandardSQLExceptionConverter.java:58)
		at org.hibernate.engine.jdbc.spi.SqlExceptionHelper.convert(SqlExceptionHelper.java:108)
		at org.hibernate.engine.jdbc.internal.ResultSetReturnImpl.executeUpdate(ResultSetReturnImpl.java:197)
		at org.hibernate.id.insert.GetGeneratedKeysDelegate.performInsert(GetGeneratedKeysDelegate.java:107)
		at org.hibernate.engine.jdbc.mutation.internal.MutationExecutorPostInsertSingleTable.execute(MutationExecutorPostInsertSingleTable.java:100)
		at org.hibernate.persister.entity.mutation.InsertCoordinator.doStaticInserts(InsertCoordinator.java:175)
		at org.hibernate.persister.entity.mutation.InsertCoordinator.coordinateInsert(InsertCoordinator.java:113)
		at org.hibernate.persister.entity.AbstractEntityPersister.insert(AbstractEntityPersister.java:2868)
		at org.hibernate.action.internal.EntityIdentityInsertAction.execute(EntityIdentityInsertAction.java:81)
		at org.hibernate.engine.spi.ActionQueue.execute(ActionQueue.java:670)
		at org.hibernate.engine.spi.ActionQueue.addResolvedEntityInsertAction(ActionQueue.java:291)
		at org.hibernate.engine.spi.ActionQueue.addInsertAction(ActionQueue.java:272)
		at org.hibernate.engine.spi.ActionQueue.addAction(ActionQueue.java:322)
		at org.hibernate.event.internal.AbstractSaveEventListener.addInsertAction(AbstractSaveEventListener.java:386)
		at org.hibernate.event.internal.AbstractSaveEventListener.performSaveOrReplicate(AbstractSaveEventListener.java:300)
		at org.hibernate.event.internal.AbstractSaveEventListener.performSave(AbstractSaveEventListener.java:219)
		at org.hibernate.event.internal.AbstractSaveEventListener.saveWithGeneratedId(AbstractSaveEventListener.java:134)
		at org.hibernate.event.internal.DefaultPersistEventListener.entityIsTransient(DefaultPersistEventListener.java:175)
		at org.hibernate.event.internal.DefaultPersistEventListener.persist(DefaultPersistEventListener.java:93)
		at org.hibernate.event.internal.DefaultPersistEventListener.onPersist(DefaultPersistEventListener.java:77)
		at org.hibernate.event.internal.DefaultPersistEventListener.onPersist(DefaultPersistEventListener.java:54)
		at org.hibernate.event.service.internal.EventListenerGroupImpl.fireEventOnEachListener(EventListenerGroupImpl.java:127)
		at org.hibernate.internal.SessionImpl.firePersist(SessionImpl.java:754)
		at org.hibernate.internal.SessionImpl.persist(SessionImpl.java:738)
		at java.base/jdk.internal.reflect.NativeMethodAccessorImpl.invoke0(Native Method)
		at java.base/jdk.internal.reflect.NativeMethodAccessorImpl.invoke(NativeMethodAccessorImpl.java:77)
		at java.base/jdk.internal.reflect.DelegatingMethodAccessorImpl.invoke(DelegatingMethodAccessorImpl.java:43)
		at java.base/java.lang.reflect.Method.invoke(Method.java:569)
		at org.springframework.orm.jpa.SharedEntityManagerCreator$SharedEntityManagerInvocationHandler.invoke(SharedEntityManagerCreator.java:319)
		at jdk.proxy5/jdk.proxy5.$Proxy127.persist(Unknown Source)
		at org.springframework.data.jpa.repository.support.SimpleJpaRepository.save(SimpleJpaRepository.java:618)
		at jdk.internal.reflect.GeneratedMethodAccessor69.invoke(Unknown Source)
		at java.base/jdk.internal.reflect.DelegatingMethodAccessorImpl.invoke(DelegatingMethodAccessorImpl.java:43)
		at java.base/java.lang.reflect.Method.invoke(Method.java:569)
		at org.springframework.aop.support.AopUtils.invokeJoinpointUsingReflection(AopUtils.java:359)
		at org.springframework.data.repository.core.support.RepositoryMethodInvoker$RepositoryFragmentMethodInvoker.lambda$new$0(RepositoryMethodInvoker.java:277)
		at org.springframework.data.repository.core.support.RepositoryMethodInvoker.doInvoke(RepositoryMethodInvoker.java:170)
		at org.springframework.data.repository.core.support.RepositoryMethodInvoker.invoke(RepositoryMethodInvoker.java:158)
		at org.springframework.data.repository.core.support.RepositoryComposition$RepositoryFragments.invoke(RepositoryComposition.java:516)
		at org.springframework.data.repository.core.support.RepositoryComposition.invoke(RepositoryComposition.java:285)
		at org.springframework.data.repository.core.support.RepositoryFactorySupport$ImplementationMethodExecutionInterceptor.invoke(RepositoryFactorySupport.java:628)
		at org.springframework.aop.framework.ReflectiveMethodInvocation.proceed(ReflectiveMethodInvocation.java:184)
		at org.springframework.data.repository.core.support.QueryExecutorMethodInterceptor.doInvoke(QueryExecutorMethodInterceptor.java:168)
		at org.springframework.data.repository.core.support.QueryExecutorMethodInterceptor.invoke(QueryExecutorMethodInterceptor.java:143)
		at org.springframework.aop.framework.ReflectiveMethodInvocation.proceed(ReflectiveMethodInvocation.java:184)
		at org.springframework.data.projection.DefaultMethodInvokingMethodInterceptor.invoke(DefaultMethodInvokingMethodInterceptor.java:70)
		at org.springframework.aop.framework.ReflectiveMethodInvocation.proceed(ReflectiveMethodInvocation.java:184)
		at org.springframework.transaction.interceptor.TransactionInterceptor$1.proceedWithInvocation(TransactionInterceptor.java:123)
		at org.springframework.transaction.interceptor.TransactionAspectSupport.invokeWithinTransaction(TransactionAspectSupport.java:392)
		at org.springframework.transaction.interceptor.TransactionInterceptor.invoke(TransactionInterceptor.java:119)
		at org.springframework.aop.framework.ReflectiveMethodInvocation.proceed(ReflectiveMethodInvocation.java:184)
		at org.springframework.dao.support.PersistenceExceptionTranslationInterceptor.invoke(PersistenceExceptionTranslationInterceptor.java:137)
		... 30 more
	Caused by: org.h2.jdbc.JdbcSQLIntegrityConstraintViolationException: Нарушение уникального индекса или первичного ключа: "PUBLIC.UK_RM2I6CEHIEROCRPF810L2JL1V_INDEX_6 ON PUBLIC.CUSTOMERS(EMAIL NULLS FIRST) VALUES ( /* 8 */ 'anna.fedorova@example.com' )"
Unique index or primary key violation: "PUBLIC.UK_RM2I6CEHIEROCRPF810L2JL1V_INDEX_6 ON PUBLIC.CUSTOMERS(EMAIL NULLS FIRST) VALUES ( /* 8 */ 'anna.fedorova@example.com' )"; SQL statement:
insert into CUSTOMERS (address,email,name,phone,customer_id) values (?,?,?,?,default) [23505-224]
		at org.h2.message.DbException.getJdbcSQLException(DbException.java:520)
		at org.h2.message.DbException.getJdbcSQLException(DbException.java:489)
		at org.h2.message.DbException.get(DbException.java:223)
		at org.h2.message.DbException.get(DbException.java:199)
		at org.h2.index.Index.getDuplicateKeyException(Index.java:527)
		at org.h2.mvstore.db.MVSecondaryIndex.checkUnique(MVSecondaryIndex.java:223)
		at org.h2.mvstore.db.MVSecondaryIndex.add(MVSecondaryIndex.java:184)
		at org.h2.mvstore.db.MVTable.addRow(MVTable.java:519)
		at org.h2.command.dml.Insert.insertRows(Insert.java:174)
		at org.h2.command.dml.Insert.update(Insert.java:135)
		at org.h2.command.CommandContainer.executeUpdateWithGeneratedKeys(CommandContainer.java:242)
		at org.h2.command.CommandContainer.update(CommandContainer.java:163)
		at org.h2.command.Command.executeUpdate(Command.java:256)
		at org.h2.jdbc.JdbcPreparedStatement.executeUpdateInternal(JdbcPreparedStatement.java:216)
		at org.h2.jdbc.JdbcPreparedStatement.executeUpdate(JdbcPreparedStatement.java:174)
		at com.zaxxer.hikari.pool.ProxyPreparedStatement.executeUpdate(ProxyPreparedStatement.java:61)
		at com.zaxxer.hikari.pool.HikariProxyPreparedStatement.executeUpdate(HikariProxyPreparedStatement.java)
		at org.hibernate.engine.jdbc.internal.ResultSetReturnImpl.executeUpdate(ResultSetReturnImpl.java:194)
		... 79 more
08-May-2025 17:01:11.374 INFO [Catalina-utility-2] org.apache.catalina.core.ApplicationContext.log Closing Spring root WebApplicationContext
08-May-2025 17:01:16.538 INFO [Catalina-utility-2] org.apache.catalina.core.ApplicationContext.log No Spring WebApplicationInitializer types detected on classpath
08-May-2025 17:01:16.545 INFO [Catalina-utility-2] org.apache.catalina.core.ApplicationContext.log Initializing Spring root WebApplicationContext
08-May-2025 17:03:29.053 INFO [Catalina-utility-2] org.apache.catalina.core.ApplicationContext.log Closing Spring root WebApplicationContext
08-May-2025 17:03:35.611 INFO [Catalina-utility-2] org.apache.catalina.core.ApplicationContext.log No Spring WebApplicationInitializer types detected on classpath
08-May-2025 17:03:35.638 INFO [Catalina-utility-2] org.apache.catalina.core.ApplicationContext.log Initializing Spring root WebApplicationContext
08-May-2025 17:06:05.329 INFO [Catalina-utility-1] org.apache.catalina.core.ApplicationContext.log Closing Spring root WebApplicationContext
08-May-2025 17:06:14.645 INFO [Catalina-utility-1] org.apache.catalina.core.ApplicationContext.log No Spring WebApplicationInitializer types detected on classpath
08-May-2025 17:06:14.652 INFO [Catalina-utility-1] org.apache.catalina.core.ApplicationContext.log Initializing Spring root WebApplicationContext
08-May-2025 17:12:51.990 INFO [Catalina-utility-1] org.apache.catalina.core.ApplicationContext.log Closing Spring root WebApplicationContext
08-May-2025 17:12:57.947 INFO [Catalina-utility-1] org.apache.catalina.core.ApplicationContext.log No Spring WebApplicationInitializer types detected on classpath
08-May-2025 17:12:57.955 INFO [Catalina-utility-1] org.apache.catalina.core.ApplicationContext.log Initializing Spring root WebApplicationContext
