09-May-2025 21:50:52.757 INFO [main] org.apache.catalina.startup.VersionLoggerListener.log Имя версии сервера:    Apache Tomcat/11.0.6
09-May-2025 21:50:52.771 INFO [main] org.apache.catalina.startup.VersionLoggerListener.log Сервер собран:         Apr 1 2025 14:40:40 UTC
09-May-2025 21:50:52.773 INFO [main] org.apache.catalina.startup.VersionLoggerListener.log Номер версии сервера:  11.0.6.0
09-May-2025 21:50:52.773 INFO [main] org.apache.catalina.startup.VersionLoggerListener.log OS Name:               Windows 10
09-May-2025 21:50:52.773 INFO [main] org.apache.catalina.startup.VersionLoggerListener.log Версия ОС:             10.0
09-May-2025 21:50:52.773 INFO [main] org.apache.catalina.startup.VersionLoggerListener.log Архитектура:           amd64
09-May-2025 21:50:52.774 INFO [main] org.apache.catalina.startup.VersionLoggerListener.log Java Home:             C:\Program Files\Eclipse Adoptium\jdk-17.0.14.7-hotspot
09-May-2025 21:50:52.774 INFO [main] org.apache.catalina.startup.VersionLoggerListener.log Версия JVM:            17.0.14+7
09-May-2025 21:50:52.774 INFO [main] org.apache.catalina.startup.VersionLoggerListener.log Производитель JVM:     Eclipse Adoptium
09-May-2025 21:50:52.774 INFO [main] org.apache.catalina.startup.VersionLoggerListener.log CATALINA_BASE:         D:\Library\Documents\Code Projects\cad-2025\les12\lab\project\apache-tomcat-11.0.6
09-May-2025 21:50:52.775 INFO [main] org.apache.catalina.startup.VersionLoggerListener.log CATALINA_HOME:         D:\Library\Documents\Code Projects\cad-2025\les12\lab\project\apache-tomcat-11.0.6
09-May-2025 21:50:52.777 INFO [main] org.apache.catalina.startup.VersionLoggerListener.log Command line argument: -Dfile.encoding=UTF-8
09-May-2025 21:50:52.778 INFO [main] org.apache.catalina.startup.VersionLoggerListener.log Command line argument: -Dsun.stdout.encoding=UTF-8
09-May-2025 21:50:52.778 INFO [main] org.apache.catalina.startup.VersionLoggerListener.log Command line argument: -Dsun.stderr.encoding=UTF-8
09-May-2025 21:50:52.778 INFO [main] org.apache.catalina.startup.VersionLoggerListener.log Command line argument: -Djava.util.logging.config.file=D:\Library\Documents\Code Projects\cad-2025\les12\lab\project\apache-tomcat-11.0.6\conf\logging.properties
09-May-2025 21:50:52.778 INFO [main] org.apache.catalina.startup.VersionLoggerListener.log Command line argument: -Djava.util.logging.manager=org.apache.juli.ClassLoaderLogManager
09-May-2025 21:50:52.779 INFO [main] org.apache.catalina.startup.VersionLoggerListener.log Command line argument: -Djdk.tls.ephemeralDHKeySize=2048
09-May-2025 21:50:52.779 INFO [main] org.apache.catalina.startup.VersionLoggerListener.log Command line argument: --add-opens=java.base/java.lang=ALL-UNNAMED
09-May-2025 21:50:52.780 INFO [main] org.apache.catalina.startup.VersionLoggerListener.log Command line argument: --add-opens=java.base/java.lang.reflect=ALL-UNNAMED
09-May-2025 21:50:52.780 INFO [main] org.apache.catalina.startup.VersionLoggerListener.log Command line argument: --add-opens=java.base/java.io=ALL-UNNAMED
09-May-2025 21:50:52.781 INFO [main] org.apache.catalina.startup.VersionLoggerListener.log Command line argument: --add-opens=java.base/java.util=ALL-UNNAMED
09-May-2025 21:50:52.781 INFO [main] org.apache.catalina.startup.VersionLoggerListener.log Command line argument: --add-opens=java.base/java.util.concurrent=ALL-UNNAMED
09-May-2025 21:50:52.781 INFO [main] org.apache.catalina.startup.VersionLoggerListener.log Command line argument: --add-opens=java.rmi/sun.rmi.transport=ALL-UNNAMED
09-May-2025 21:50:52.781 INFO [main] org.apache.catalina.startup.VersionLoggerListener.log Command line argument: --enable-native-access=ALL-UNNAMED
09-May-2025 21:50:52.786 INFO [main] org.apache.catalina.startup.VersionLoggerListener.log Command line argument: -Dcatalina.base=D:\Library\Documents\Code Projects\cad-2025\les12\lab\project\apache-tomcat-11.0.6
09-May-2025 21:50:52.788 INFO [main] org.apache.catalina.startup.VersionLoggerListener.log Command line argument: -Dcatalina.home=D:\Library\Documents\Code Projects\cad-2025\les12\lab\project\apache-tomcat-11.0.6
09-May-2025 21:50:52.789 INFO [main] org.apache.catalina.startup.VersionLoggerListener.log Command line argument: -Djava.io.tmpdir=D:\Library\Documents\Code Projects\cad-2025\les12\lab\project\apache-tomcat-11.0.6\temp
09-May-2025 21:50:52.813 INFO [main] org.apache.catalina.core.AprLifecycleListener.lifecycleEvent The Apache Tomcat Native library which allows using OpenSSL was not found on the java.library.path: [C:\Program Files\Eclipse Adoptium\jdk-17.0.14.7-hotspot\bin;C:\Windows\Sun\Java\bin;C:\Windows\system32;C:\Windows;C:\Program Files\NVIDIA GPU Computing Toolkit\CUDA\v12.8\bin;C:\Program Files\NVIDIA GPU Computing Toolkit\CUDA\v12.8\libnvvp;C:\Program Files\Eclipse Adoptium\jdk-17.0.14.7-hotspot\bin;C:\ProgramData\Oracle\Java\javapath;C:\Program Files\Common Files\Oracle\Java\javapath;C:\Program Files (x86)\Common Files\Oracle\Java\java8path;C:\Program Files (x86)\Common Files\Oracle\Java\javapath;c:\Users\Admin\AppData\Local\Programs\cursor\resources\app\bin;C:\Windows\system32;C:\Windows;C:\Windows\System32\Wbem;C:\Windows\System32\WindowsPowerShell\v1.0\;C:\Windows\System32\OpenSSH\;C:\Program Files\dotnet\;C:\Program Files (x86)\NVIDIA Corporation\PhysX\Common;D:\Program Files\Python\Scripts\;D:\Program Files\Python\;C:\Users\Admin\AppData\Local\Microsoft\WindowsApps;C:\Users\Admin\.dotnet\tools;c:\Users\Admin\AppData\Local\Programs\cursor\resources\app\bin;C:\Program Files\NVIDIA Corporation\NVIDIA app\NvDLISR;D:\Portable Soft\Portable scrcpy;D:\Portable Soft\Portable Terminal;C:\Program Files\Java\jdk-23\bin;C:\Gradle\gradle-8.12\bin;C:\Program Files\nodejs\;C:\Program Files\NVIDIA Corporation\Nsight Compute 2025.1.0\;C:\Program Files\Git\cmd;C:\ProgramData\chocolatey\bin;C:\Users\Admin\AppData\Local\Programs\Python\Python312\Scripts\;C:\Users\Admin\AppData\Local\Programs\Python\Python312\;C:\Users\Admin\AppData\Local\Programs\Python\Python313\Scripts\;C:\Users\Admin\AppData\Local\Programs\Python\Python313\;C:\Users\Admin\AppData\Local\Programs\Python\Launcher\;D:\Program Files\Python\Scripts\;D:\Program Files\Python\;C:\Users\Admin\AppData\Local\Microsoft\WindowsApps;;C:\Users\Admin\.dotnet\tools;C:\Users\Admin\.cache\lm-studio\bin;C:\Users\Admin\AppData\Roaming\npm;C:\Users\Admin\.dotnet\tools;C:\Users\Admin\AppData\Local\Microsoft\WinGet\Packages\Gyan.FFmpeg_Microsoft.Winget.Source_8wekyb3d8bbwe\ffmpeg-7.1-full_build\bin;C:\Users\Admin\AppData\Local\Programs\cursor\resources\app\bin;.]
09-May-2025 21:50:53.156 INFO [main] org.apache.coyote.AbstractProtocol.init Инициализация ProtocolHandler ["http-nio-8080"]
09-May-2025 21:50:53.182 INFO [main] org.apache.catalina.startup.Catalina.load Server initialization in [691] milliseconds
09-May-2025 21:50:53.262 INFO [main] org.apache.catalina.core.StandardService.startInternal Starting service [Catalina]
09-May-2025 21:50:53.263 INFO [main] org.apache.catalina.core.StandardEngine.startInternal Starting Servlet engine: [Apache Tomcat/11.0.6]
09-May-2025 21:50:53.323 INFO [main] org.apache.catalina.startup.HostConfig.deployWAR Deploying web application archive [D:\Library\Documents\Code Projects\cad-2025\les12\lab\project\apache-tomcat-11.0.6\webapps\app.war]
09-May-2025 21:50:59.740 INFO [main] org.apache.jasper.servlet.TldScanner.scanJars At least one JAR was scanned for TLDs yet contained no TLDs. Enable debug logging for this logger for a complete list of JARs that were scanned but no TLDs were found in them. Skipping unneeded JARs during scanning can improve startup time and JSP compilation time.
09-May-2025 21:51:14.447 INFO [main] org.apache.catalina.startup.HostConfig.deployWAR Deployment of web application archive [D:\Library\Documents\Code Projects\cad-2025\les12\lab\project\apache-tomcat-11.0.6\webapps\app.war] has finished in [21 123] ms
09-May-2025 21:51:14.456 INFO [main] org.apache.catalina.startup.HostConfig.deployDirectory Установка веб приложения в папку [D:\Library\Documents\Code Projects\cad-2025\les12\lab\project\apache-tomcat-11.0.6\webapps\docs]
09-May-2025 21:51:14.544 INFO [main] org.apache.catalina.startup.HostConfig.deployDirectory Deployment of web application directory [D:\Library\Documents\Code Projects\cad-2025\les12\lab\project\apache-tomcat-11.0.6\webapps\docs] has finished in [88] ms
09-May-2025 21:51:14.545 INFO [main] org.apache.catalina.startup.HostConfig.deployDirectory Установка веб приложения в папку [D:\Library\Documents\Code Projects\cad-2025\les12\lab\project\apache-tomcat-11.0.6\webapps\examples]
09-May-2025 21:51:15.347 INFO [main] org.apache.catalina.startup.HostConfig.deployDirectory Deployment of web application directory [D:\Library\Documents\Code Projects\cad-2025\les12\lab\project\apache-tomcat-11.0.6\webapps\examples] has finished in [803] ms
09-May-2025 21:51:15.352 INFO [main] org.apache.catalina.startup.HostConfig.deployDirectory Установка веб приложения в папку [D:\Library\Documents\Code Projects\cad-2025\les12\lab\project\apache-tomcat-11.0.6\webapps\host-manager]
09-May-2025 21:51:15.412 INFO [main] org.apache.catalina.startup.HostConfig.deployDirectory Deployment of web application directory [D:\Library\Documents\Code Projects\cad-2025\les12\lab\project\apache-tomcat-11.0.6\webapps\host-manager] has finished in [60] ms
09-May-2025 21:51:15.412 INFO [main] org.apache.catalina.startup.HostConfig.deployDirectory Установка веб приложения в папку [D:\Library\Documents\Code Projects\cad-2025\les12\lab\project\apache-tomcat-11.0.6\webapps\manager]
09-May-2025 21:51:15.477 INFO [main] org.apache.catalina.startup.HostConfig.deployDirectory Deployment of web application directory [D:\Library\Documents\Code Projects\cad-2025\les12\lab\project\apache-tomcat-11.0.6\webapps\manager] has finished in [65] ms
09-May-2025 21:51:15.478 INFO [main] org.apache.catalina.startup.HostConfig.deployDirectory Установка веб приложения в папку [D:\Library\Documents\Code Projects\cad-2025\les12\lab\project\apache-tomcat-11.0.6\webapps\ROOT]
09-May-2025 21:51:15.529 INFO [main] org.apache.catalina.startup.HostConfig.deployDirectory Deployment of web application directory [D:\Library\Documents\Code Projects\cad-2025\les12\lab\project\apache-tomcat-11.0.6\webapps\ROOT] has finished in [52] ms
09-May-2025 21:51:15.537 INFO [main] org.apache.coyote.AbstractProtocol.start Starting ProtocolHandler ["http-nio-8080"]
09-May-2025 21:51:15.555 INFO [main] org.apache.catalina.startup.Catalina.start Server startup in [22373] milliseconds
09-May-2025 21:52:56.894 INFO [Catalina-utility-1] org.apache.catalina.startup.HostConfig.undeploy Undeploying context [/app]
09-May-2025 21:52:57.028 WARNING [Catalina-utility-1] org.apache.catalina.loader.WebappClassLoaderBase.clearReferencesJdbc The web application [app] registered the JDBC driver [org.h2.Driver] but failed to unregister it when the web application was stopped. To prevent a memory leak, the JDBC Driver has been forcibly unregistered.
09-May-2025 21:53:37.371 INFO [Catalina-utility-2] org.apache.catalina.startup.HostConfig.deployWAR Deploying web application archive [D:\Library\Documents\Code Projects\cad-2025\les12\lab\project\apache-tomcat-11.0.6\webapps\app.war]
09-May-2025 21:53:45.059 INFO [Catalina-utility-2] org.apache.jasper.servlet.TldScanner.scanJars At least one JAR was scanned for TLDs yet contained no TLDs. Enable debug logging for this logger for a complete list of JARs that were scanned but no TLDs were found in them. Skipping unneeded JARs during scanning can improve startup time and JSP compilation time.
09-May-2025 21:53:58.093 INFO [Catalina-utility-2] org.apache.catalina.startup.HostConfig.deployWAR Deployment of web application archive [D:\Library\Documents\Code Projects\cad-2025\les12\lab\project\apache-tomcat-11.0.6\webapps\app.war] has finished in [20 722] ms
09-May-2025 22:03:56.353 INFO [Catalina-utility-1] org.apache.catalina.startup.HostConfig.undeploy Undeploying context [/app]
09-May-2025 22:03:56.381 WARNING [Catalina-utility-1] org.apache.catalina.loader.WebappClassLoaderBase.clearReferencesJdbc The web application [app] registered the JDBC driver [org.h2.Driver] but failed to unregister it when the web application was stopped. To prevent a memory leak, the JDBC Driver has been forcibly unregistered.
09-May-2025 22:03:56.445 INFO [Catalina-utility-1] org.apache.catalina.startup.HostConfig.deployWAR Deploying web application archive [D:\Library\Documents\Code Projects\cad-2025\les12\lab\project\apache-tomcat-11.0.6\webapps\app.war]
09-May-2025 22:04:04.460 INFO [Catalina-utility-1] org.apache.jasper.servlet.TldScanner.scanJars At least one JAR was scanned for TLDs yet contained no TLDs. Enable debug logging for this logger for a complete list of JARs that were scanned but no TLDs were found in them. Skipping unneeded JARs during scanning can improve startup time and JSP compilation time.
09-May-2025 22:04:19.042 INFO [Catalina-utility-1] org.apache.catalina.startup.HostConfig.deployWAR Deployment of web application archive [D:\Library\Documents\Code Projects\cad-2025\les12\lab\project\apache-tomcat-11.0.6\webapps\app.war] has finished in [22 597] ms
09-May-2025 22:11:39.702 INFO [Catalina-utility-1] org.apache.catalina.startup.HostConfig.undeploy Undeploying context [/app]
09-May-2025 22:11:39.748 WARNING [Catalina-utility-1] org.apache.catalina.loader.WebappClassLoaderBase.clearReferencesJdbc The web application [app] registered the JDBC driver [org.h2.Driver] but failed to unregister it when the web application was stopped. To prevent a memory leak, the JDBC Driver has been forcibly unregistered.
09-May-2025 22:11:40.258 INFO [http-nio-8080-exec-22] org.apache.catalina.startup.HostConfig.deployWAR Deploying web application archive [D:\Library\Documents\Code Projects\cad-2025\les12\lab\project\apache-tomcat-11.0.6\webapps\app.war]
09-May-2025 22:11:45.578 INFO [http-nio-8080-exec-22] org.apache.jasper.servlet.TldScanner.scanJars At least one JAR was scanned for TLDs yet contained no TLDs. Enable debug logging for this logger for a complete list of JARs that were scanned but no TLDs were found in them. Skipping unneeded JARs during scanning can improve startup time and JSP compilation time.
09-May-2025 22:11:57.730 INFO [http-nio-8080-exec-22] org.apache.catalina.startup.HostConfig.deployWAR Deployment of web application archive [D:\Library\Documents\Code Projects\cad-2025\les12\lab\project\apache-tomcat-11.0.6\webapps\app.war] has finished in [17 472] ms
09-May-2025 22:14:27.947 INFO [Catalina-utility-2] org.apache.catalina.startup.HostConfig.undeploy Undeploying context [/app]
09-May-2025 22:14:27.981 WARNING [Catalina-utility-2] org.apache.catalina.loader.WebappClassLoaderBase.clearReferencesJdbc The web application [app] registered the JDBC driver [org.h2.Driver] but failed to unregister it when the web application was stopped. To prevent a memory leak, the JDBC Driver has been forcibly unregistered.
09-May-2025 22:14:32.198 INFO [http-nio-8080-exec-31] org.apache.catalina.startup.HostConfig.deployWAR Deploying web application archive [D:\Library\Documents\Code Projects\cad-2025\les12\lab\project\apache-tomcat-11.0.6\webapps\app.war]
09-May-2025 22:14:37.384 INFO [http-nio-8080-exec-31] org.apache.jasper.servlet.TldScanner.scanJars At least one JAR was scanned for TLDs yet contained no TLDs. Enable debug logging for this logger for a complete list of JARs that were scanned but no TLDs were found in them. Skipping unneeded JARs during scanning can improve startup time and JSP compilation time.
09-May-2025 22:14:51.079 INFO [http-nio-8080-exec-31] org.apache.catalina.startup.HostConfig.deployWAR Deployment of web application archive [D:\Library\Documents\Code Projects\cad-2025\les12\lab\project\apache-tomcat-11.0.6\webapps\app.war] has finished in [18 881] ms
09-May-2025 22:23:41.855 INFO [Catalina-utility-2] org.apache.catalina.startup.HostConfig.undeploy Undeploying context [/app]
09-May-2025 22:23:41.882 WARNING [Catalina-utility-2] org.apache.catalina.loader.WebappClassLoaderBase.clearReferencesJdbc The web application [app] registered the JDBC driver [org.h2.Driver] but failed to unregister it when the web application was stopped. To prevent a memory leak, the JDBC Driver has been forcibly unregistered.
09-May-2025 22:23:42.919 INFO [http-nio-8080-exec-50] org.apache.catalina.startup.HostConfig.deployWAR Deploying web application archive [D:\Library\Documents\Code Projects\cad-2025\les12\lab\project\apache-tomcat-11.0.6\webapps\app.war]
09-May-2025 22:23:48.697 INFO [http-nio-8080-exec-50] org.apache.jasper.servlet.TldScanner.scanJars At least one JAR was scanned for TLDs yet contained no TLDs. Enable debug logging for this logger for a complete list of JARs that were scanned but no TLDs were found in them. Skipping unneeded JARs during scanning can improve startup time and JSP compilation time.
09-May-2025 22:24:03.015 INFO [http-nio-8080-exec-50] org.apache.catalina.startup.HostConfig.deployWAR Deployment of web application archive [D:\Library\Documents\Code Projects\cad-2025\les12\lab\project\apache-tomcat-11.0.6\webapps\app.war] has finished in [20 096] ms
09-May-2025 22:27:03.286 INFO [Catalina-utility-1] org.apache.catalina.startup.HostConfig.undeploy Undeploying context [/app]
09-May-2025 22:27:03.314 WARNING [Catalina-utility-1] org.apache.catalina.loader.WebappClassLoaderBase.clearReferencesJdbc The web application [app] registered the JDBC driver [org.h2.Driver] but failed to unregister it when the web application was stopped. To prevent a memory leak, the JDBC Driver has been forcibly unregistered.
09-May-2025 22:27:08.189 INFO [http-nio-8080-exec-51] org.apache.catalina.startup.HostConfig.deployWAR Deploying web application archive [D:\Library\Documents\Code Projects\cad-2025\les12\lab\project\apache-tomcat-11.0.6\webapps\app.war]
09-May-2025 22:27:14.374 INFO [http-nio-8080-exec-51] org.apache.jasper.servlet.TldScanner.scanJars At least one JAR was scanned for TLDs yet contained no TLDs. Enable debug logging for this logger for a complete list of JARs that were scanned but no TLDs were found in them. Skipping unneeded JARs during scanning can improve startup time and JSP compilation time.
09-May-2025 22:27:27.713 INFO [http-nio-8080-exec-51] org.apache.catalina.startup.HostConfig.deployWAR Deployment of web application archive [D:\Library\Documents\Code Projects\cad-2025\les12\lab\project\apache-tomcat-11.0.6\webapps\app.war] has finished in [19 525] ms
09-May-2025 22:30:07.830 INFO [http-nio-8080-exec-61] org.apache.catalina.startup.HostConfig.undeploy Undeploying context [/app]
09-May-2025 22:30:07.857 WARNING [http-nio-8080-exec-61] org.apache.catalina.loader.WebappClassLoaderBase.clearReferencesJdbc The web application [app] registered the JDBC driver [org.h2.Driver] but failed to unregister it when the web application was stopped. To prevent a memory leak, the JDBC Driver has been forcibly unregistered.
09-May-2025 22:30:08.189 INFO [http-nio-8080-exec-61] org.apache.catalina.startup.HostConfig.deployWAR Deploying web application archive [D:\Library\Documents\Code Projects\cad-2025\les12\lab\project\apache-tomcat-11.0.6\webapps\app.war]
09-May-2025 22:30:13.814 INFO [http-nio-8080-exec-61] org.apache.jasper.servlet.TldScanner.scanJars At least one JAR was scanned for TLDs yet contained no TLDs. Enable debug logging for this logger for a complete list of JARs that were scanned but no TLDs were found in them. Skipping unneeded JARs during scanning can improve startup time and JSP compilation time.
09-May-2025 22:30:28.335 INFO [http-nio-8080-exec-61] org.apache.catalina.startup.HostConfig.deployWAR Deployment of web application archive [D:\Library\Documents\Code Projects\cad-2025\les12\lab\project\apache-tomcat-11.0.6\webapps\app.war] has finished in [20 146] ms
09-May-2025 22:31:48.748 INFO [Catalina-utility-1] org.apache.catalina.startup.HostConfig.undeploy Undeploying context [/app]
09-May-2025 22:31:48.772 WARNING [Catalina-utility-1] org.apache.catalina.loader.WebappClassLoaderBase.clearReferencesJdbc The web application [app] registered the JDBC driver [org.h2.Driver] but failed to unregister it when the web application was stopped. To prevent a memory leak, the JDBC Driver has been forcibly unregistered.
09-May-2025 22:31:52.046 INFO [http-nio-8080-exec-79] org.apache.catalina.startup.HostConfig.deployWAR Deploying web application archive [D:\Library\Documents\Code Projects\cad-2025\les12\lab\project\apache-tomcat-11.0.6\webapps\app.war]
09-May-2025 22:31:57.447 INFO [http-nio-8080-exec-79] org.apache.jasper.servlet.TldScanner.scanJars At least one JAR was scanned for TLDs yet contained no TLDs. Enable debug logging for this logger for a complete list of JARs that were scanned but no TLDs were found in them. Skipping unneeded JARs during scanning can improve startup time and JSP compilation time.
09-May-2025 22:32:11.109 INFO [http-nio-8080-exec-79] org.apache.catalina.startup.HostConfig.deployWAR Deployment of web application archive [D:\Library\Documents\Code Projects\cad-2025\les12\lab\project\apache-tomcat-11.0.6\webapps\app.war] has finished in [19 064] ms
09-May-2025 22:38:22.527 INFO [Catalina-utility-2] org.apache.catalina.startup.HostConfig.undeploy Undeploying context [/app]
09-May-2025 22:38:22.557 WARNING [Catalina-utility-2] org.apache.catalina.loader.WebappClassLoaderBase.clearReferencesJdbc The web application [app] registered the JDBC driver [org.h2.Driver] but failed to unregister it when the web application was stopped. To prevent a memory leak, the JDBC Driver has been forcibly unregistered.
09-May-2025 22:38:23.978 INFO [http-nio-8080-exec-83] org.apache.catalina.startup.HostConfig.deployWAR Deploying web application archive [D:\Library\Documents\Code Projects\cad-2025\les12\lab\project\apache-tomcat-11.0.6\webapps\app.war]
09-May-2025 22:38:29.856 INFO [http-nio-8080-exec-83] org.apache.jasper.servlet.TldScanner.scanJars At least one JAR was scanned for TLDs yet contained no TLDs. Enable debug logging for this logger for a complete list of JARs that were scanned but no TLDs were found in them. Skipping unneeded JARs during scanning can improve startup time and JSP compilation time.
09-May-2025 22:38:44.686 INFO [http-nio-8080-exec-83] org.apache.catalina.startup.HostConfig.deployWAR Deployment of web application archive [D:\Library\Documents\Code Projects\cad-2025\les12\lab\project\apache-tomcat-11.0.6\webapps\app.war] has finished in [20 707] ms
09-May-2025 22:40:24.837 INFO [Catalina-utility-1] org.apache.catalina.startup.HostConfig.undeploy Undeploying context [/app]
09-May-2025 22:40:24.888 WARNING [Catalina-utility-1] org.apache.catalina.loader.WebappClassLoaderBase.clearReferencesJdbc The web application [app] registered the JDBC driver [org.h2.Driver] but failed to unregister it when the web application was stopped. To prevent a memory leak, the JDBC Driver has been forcibly unregistered.
09-May-2025 22:40:31.536 INFO [http-nio-8080-exec-96] org.apache.catalina.startup.HostConfig.deployWAR Deploying web application archive [D:\Library\Documents\Code Projects\cad-2025\les12\lab\project\apache-tomcat-11.0.6\webapps\app.war]
09-May-2025 22:40:37.074 INFO [http-nio-8080-exec-96] org.apache.jasper.servlet.TldScanner.scanJars At least one JAR was scanned for TLDs yet contained no TLDs. Enable debug logging for this logger for a complete list of JARs that were scanned but no TLDs were found in them. Skipping unneeded JARs during scanning can improve startup time and JSP compilation time.
09-May-2025 22:40:51.448 INFO [http-nio-8080-exec-96] org.apache.catalina.startup.HostConfig.deployWAR Deployment of web application archive [D:\Library\Documents\Code Projects\cad-2025\les12\lab\project\apache-tomcat-11.0.6\webapps\app.war] has finished in [19 912] ms
09-May-2025 22:43:21.644 INFO [Catalina-utility-1] org.apache.catalina.startup.HostConfig.undeploy Undeploying context [/app]
09-May-2025 22:43:21.680 WARNING [Catalina-utility-1] org.apache.catalina.loader.WebappClassLoaderBase.clearReferencesJdbc The web application [app] registered the JDBC driver [org.h2.Driver] but failed to unregister it when the web application was stopped. To prevent a memory leak, the JDBC Driver has been forcibly unregistered.
09-May-2025 22:43:23.972 INFO [http-nio-8080-exec-99] org.apache.catalina.startup.HostConfig.deployWAR Deploying web application archive [D:\Library\Documents\Code Projects\cad-2025\les12\lab\project\apache-tomcat-11.0.6\webapps\app.war]
09-May-2025 22:43:30.255 INFO [http-nio-8080-exec-99] org.apache.jasper.servlet.TldScanner.scanJars At least one JAR was scanned for TLDs yet contained no TLDs. Enable debug logging for this logger for a complete list of JARs that were scanned but no TLDs were found in them. Skipping unneeded JARs during scanning can improve startup time and JSP compilation time.
09-May-2025 22:43:45.000 INFO [http-nio-8080-exec-99] org.apache.catalina.startup.HostConfig.deployWAR Deployment of web application archive [D:\Library\Documents\Code Projects\cad-2025\les12\lab\project\apache-tomcat-11.0.6\webapps\app.war] has finished in [21 027] ms
09-May-2025 22:44:34.931 WARNING [http-nio-8080-exec-107] org.apache.catalina.loader.WebappClassLoaderBase.clearReferencesJdbc The web application [app] registered the JDBC driver [org.h2.Driver] but failed to unregister it when the web application was stopped. To prevent a memory leak, the JDBC Driver has been forcibly unregistered.
09-May-2025 22:44:35.005 INFO [http-nio-8080-exec-107] org.apache.catalina.startup.HostConfig.undeploy Undeploying context [/app]
09-May-2025 22:44:48.444 INFO [http-nio-8080-exec-108] org.apache.catalina.startup.HostConfig.deployWAR Deploying web application archive [D:\Library\Documents\Code Projects\cad-2025\les12\lab\project\apache-tomcat-11.0.6\webapps\app.war]
09-May-2025 22:44:53.501 INFO [http-nio-8080-exec-108] org.apache.jasper.servlet.TldScanner.scanJars At least one JAR was scanned for TLDs yet contained no TLDs. Enable debug logging for this logger for a complete list of JARs that were scanned but no TLDs were found in them. Skipping unneeded JARs during scanning can improve startup time and JSP compilation time.
09-May-2025 22:45:06.590 INFO [http-nio-8080-exec-108] org.apache.catalina.startup.HostConfig.deployWAR Deployment of web application archive [D:\Library\Documents\Code Projects\cad-2025\les12\lab\project\apache-tomcat-11.0.6\webapps\app.war] has finished in [18 146] ms
09-May-2025 22:45:54.133 WARNING [http-nio-8080-exec-115] org.apache.catalina.loader.WebappClassLoaderBase.clearReferencesJdbc The web application [app] registered the JDBC driver [org.h2.Driver] but failed to unregister it when the web application was stopped. To prevent a memory leak, the JDBC Driver has been forcibly unregistered.
09-May-2025 22:45:54.287 INFO [http-nio-8080-exec-115] org.apache.catalina.startup.HostConfig.undeploy Undeploying context [/app]
09-May-2025 22:45:58.531 INFO [http-nio-8080-exec-117] org.apache.catalina.startup.HostConfig.deployWAR Deploying web application archive [D:\Library\Documents\Code Projects\cad-2025\les12\lab\project\apache-tomcat-11.0.6\webapps\app.war]
09-May-2025 22:46:03.518 INFO [http-nio-8080-exec-117] org.apache.jasper.servlet.TldScanner.scanJars At least one JAR was scanned for TLDs yet contained no TLDs. Enable debug logging for this logger for a complete list of JARs that were scanned but no TLDs were found in them. Skipping unneeded JARs during scanning can improve startup time and JSP compilation time.
09-May-2025 22:46:16.751 INFO [http-nio-8080-exec-117] org.apache.catalina.startup.HostConfig.deployWAR Deployment of web application archive [D:\Library\Documents\Code Projects\cad-2025\les12\lab\project\apache-tomcat-11.0.6\webapps\app.war] has finished in [18 220] ms
09-May-2025 22:47:28.684 WARNING [http-nio-8080-exec-120] org.apache.catalina.loader.WebappClassLoaderBase.clearReferencesJdbc The web application [app] registered the JDBC driver [org.h2.Driver] but failed to unregister it when the web application was stopped. To prevent a memory leak, the JDBC Driver has been forcibly unregistered.
09-May-2025 22:47:28.753 INFO [http-nio-8080-exec-120] org.apache.catalina.startup.HostConfig.undeploy Undeploying context [/app]
09-May-2025 22:47:33.882 INFO [http-nio-8080-exec-123] org.apache.catalina.startup.HostConfig.deployWAR Deploying web application archive [D:\Library\Documents\Code Projects\cad-2025\les12\lab\project\apache-tomcat-11.0.6\webapps\app.war]
09-May-2025 22:47:39.376 INFO [http-nio-8080-exec-123] org.apache.jasper.servlet.TldScanner.scanJars At least one JAR was scanned for TLDs yet contained no TLDs. Enable debug logging for this logger for a complete list of JARs that were scanned but no TLDs were found in them. Skipping unneeded JARs during scanning can improve startup time and JSP compilation time.
09-May-2025 22:47:55.383 INFO [http-nio-8080-exec-123] org.apache.catalina.startup.HostConfig.deployWAR Deployment of web application archive [D:\Library\Documents\Code Projects\cad-2025\les12\lab\project\apache-tomcat-11.0.6\webapps\app.war] has finished in [21 501] ms
09-May-2025 22:48:28.780 WARNING [http-nio-8080-exec-127] org.apache.catalina.loader.WebappClassLoaderBase.clearReferencesJdbc The web application [app] registered the JDBC driver [org.h2.Driver] but failed to unregister it when the web application was stopped. To prevent a memory leak, the JDBC Driver has been forcibly unregistered.
09-May-2025 22:48:28.836 INFO [http-nio-8080-exec-127] org.apache.catalina.startup.HostConfig.undeploy Undeploying context [/app]
09-May-2025 22:48:32.264 INFO [http-nio-8080-exec-132] org.apache.catalina.startup.HostConfig.deployWAR Deploying web application archive [D:\Library\Documents\Code Projects\cad-2025\les12\lab\project\apache-tomcat-11.0.6\webapps\app.war]
09-May-2025 22:48:38.840 INFO [http-nio-8080-exec-132] org.apache.jasper.servlet.TldScanner.scanJars At least one JAR was scanned for TLDs yet contained no TLDs. Enable debug logging for this logger for a complete list of JARs that were scanned but no TLDs were found in them. Skipping unneeded JARs during scanning can improve startup time and JSP compilation time.
09-May-2025 22:48:53.864 INFO [http-nio-8080-exec-132] org.apache.catalina.startup.HostConfig.deployWAR Deployment of web application archive [D:\Library\Documents\Code Projects\cad-2025\les12\lab\project\apache-tomcat-11.0.6\webapps\app.war] has finished in [21 600] ms
09-May-2025 22:51:18.307 WARNING [http-nio-8080-exec-135] org.apache.catalina.loader.WebappClassLoaderBase.clearReferencesJdbc The web application [app] registered the JDBC driver [org.h2.Driver] but failed to unregister it when the web application was stopped. To prevent a memory leak, the JDBC Driver has been forcibly unregistered.
09-May-2025 22:51:18.404 INFO [http-nio-8080-exec-135] org.apache.catalina.startup.HostConfig.undeploy Undeploying context [/app]
09-May-2025 22:51:22.420 INFO [http-nio-8080-exec-140] org.apache.catalina.startup.HostConfig.deployWAR Deploying web application archive [D:\Library\Documents\Code Projects\cad-2025\les12\lab\project\apache-tomcat-11.0.6\webapps\app.war]
09-May-2025 22:51:29.768 INFO [http-nio-8080-exec-140] org.apache.jasper.servlet.TldScanner.scanJars At least one JAR was scanned for TLDs yet contained no TLDs. Enable debug logging for this logger for a complete list of JARs that were scanned but no TLDs were found in them. Skipping unneeded JARs during scanning can improve startup time and JSP compilation time.
09-May-2025 22:51:44.804 INFO [http-nio-8080-exec-140] org.apache.catalina.startup.HostConfig.deployWAR Deployment of web application archive [D:\Library\Documents\Code Projects\cad-2025\les12\lab\project\apache-tomcat-11.0.6\webapps\app.war] has finished in [22 384] ms
09-May-2025 22:54:53.213 WARNING [http-nio-8080-exec-146] org.apache.catalina.loader.WebappClassLoaderBase.clearReferencesJdbc The web application [app] registered the JDBC driver [org.h2.Driver] but failed to unregister it when the web application was stopped. To prevent a memory leak, the JDBC Driver has been forcibly unregistered.
09-May-2025 22:54:53.265 INFO [http-nio-8080-exec-146] org.apache.catalina.startup.HostConfig.undeploy Undeploying context [/app]
09-May-2025 22:54:58.386 INFO [http-nio-8080-exec-145] org.apache.catalina.startup.HostConfig.deployWAR Deploying web application archive [D:\Library\Documents\Code Projects\cad-2025\les12\lab\project\apache-tomcat-11.0.6\webapps\app.war]
09-May-2025 22:55:04.115 INFO [http-nio-8080-exec-145] org.apache.jasper.servlet.TldScanner.scanJars At least one JAR was scanned for TLDs yet contained no TLDs. Enable debug logging for this logger for a complete list of JARs that were scanned but no TLDs were found in them. Skipping unneeded JARs during scanning can improve startup time and JSP compilation time.
09-May-2025 22:55:18.920 INFO [http-nio-8080-exec-145] org.apache.catalina.startup.HostConfig.deployWAR Deployment of web application archive [D:\Library\Documents\Code Projects\cad-2025\les12\lab\project\apache-tomcat-11.0.6\webapps\app.war] has finished in [20 534] ms
09-May-2025 23:24:01.006 WARNING [http-nio-8080-exec-156] org.apache.catalina.loader.WebappClassLoaderBase.clearReferencesJdbc The web application [app] registered the JDBC driver [org.h2.Driver] but failed to unregister it when the web application was stopped. To prevent a memory leak, the JDBC Driver has been forcibly unregistered.
09-May-2025 23:24:01.913 INFO [http-nio-8080-exec-156] org.apache.catalina.startup.HostConfig.undeploy Undeploying context [/app]
09-May-2025 23:24:08.159 INFO [http-nio-8080-exec-152] org.apache.catalina.startup.HostConfig.deployWAR Deploying web application archive [D:\Library\Documents\Code Projects\cad-2025\les12\lab\project\apache-tomcat-11.0.6\webapps\app.war]
09-May-2025 23:24:15.694 INFO [http-nio-8080-exec-152] org.apache.jasper.servlet.TldScanner.scanJars At least one JAR was scanned for TLDs yet contained no TLDs. Enable debug logging for this logger for a complete list of JARs that were scanned but no TLDs were found in them. Skipping unneeded JARs during scanning can improve startup time and JSP compilation time.
09-May-2025 23:24:33.607 INFO [http-nio-8080-exec-152] org.apache.catalina.startup.HostConfig.deployWAR Deployment of web application archive [D:\Library\Documents\Code Projects\cad-2025\les12\lab\project\apache-tomcat-11.0.6\webapps\app.war] has finished in [25 448] ms
09-May-2025 23:27:22.244 WARNING [http-nio-8080-exec-168] org.apache.catalina.loader.WebappClassLoaderBase.clearReferencesJdbc The web application [app] registered the JDBC driver [org.h2.Driver] but failed to unregister it when the web application was stopped. To prevent a memory leak, the JDBC Driver has been forcibly unregistered.
09-May-2025 23:27:22.307 INFO [http-nio-8080-exec-168] org.apache.catalina.startup.HostConfig.undeploy Undeploying context [/app]
09-May-2025 23:27:29.333 INFO [http-nio-8080-exec-170] org.apache.catalina.startup.HostConfig.deployWAR Deploying web application archive [D:\Library\Documents\Code Projects\cad-2025\les12\lab\project\apache-tomcat-11.0.6\webapps\app.war]
09-May-2025 23:27:34.851 INFO [http-nio-8080-exec-170] org.apache.jasper.servlet.TldScanner.scanJars At least one JAR was scanned for TLDs yet contained no TLDs. Enable debug logging for this logger for a complete list of JARs that were scanned but no TLDs were found in them. Skipping unneeded JARs during scanning can improve startup time and JSP compilation time.
09-May-2025 23:27:48.238 INFO [http-nio-8080-exec-170] org.apache.catalina.startup.HostConfig.deployWAR Deployment of web application archive [D:\Library\Documents\Code Projects\cad-2025\les12\lab\project\apache-tomcat-11.0.6\webapps\app.war] has finished in [18 904] ms
