10-May-2025 22:54:59.102 INFO [main] org.apache.catalina.startup.VersionLoggerListener.log Имя версии сервера:    Apache Tomcat/11.0.6
10-May-2025 22:54:59.111 INFO [main] org.apache.catalina.startup.VersionLoggerListener.log Сервер собран:         Apr 1 2025 14:40:40 UTC
10-May-2025 22:54:59.115 INFO [main] org.apache.catalina.startup.VersionLoggerListener.log Номер версии сервера:  11.0.6.0
10-May-2025 22:54:59.116 INFO [main] org.apache.catalina.startup.VersionLoggerListener.log OS Name:               Windows 10
10-May-2025 22:54:59.116 INFO [main] org.apache.catalina.startup.VersionLoggerListener.log Версия ОС:             10.0
10-May-2025 22:54:59.116 INFO [main] org.apache.catalina.startup.VersionLoggerListener.log Архитектура:           amd64
10-May-2025 22:54:59.117 INFO [main] org.apache.catalina.startup.VersionLoggerListener.log Java Home:             C:\Program Files\Eclipse Adoptium\jdk-17.0.14.7-hotspot
10-May-2025 22:54:59.117 INFO [main] org.apache.catalina.startup.VersionLoggerListener.log Версия JVM:            17.0.14+7
10-May-2025 22:54:59.117 INFO [main] org.apache.catalina.startup.VersionLoggerListener.log Производитель JVM:     Eclipse Adoptium
10-May-2025 22:54:59.117 INFO [main] org.apache.catalina.startup.VersionLoggerListener.log CATALINA_BASE:         D:\Library\Documents\Code Projects\cad-2025\les14\lab\project\apache-tomcat-11.0.6
10-May-2025 22:54:59.117 INFO [main] org.apache.catalina.startup.VersionLoggerListener.log CATALINA_HOME:         D:\Library\Documents\Code Projects\cad-2025\les14\lab\project\apache-tomcat-11.0.6
10-May-2025 22:54:59.124 INFO [main] org.apache.catalina.startup.VersionLoggerListener.log Command line argument: -Dfile.encoding=UTF-8
10-May-2025 22:54:59.124 INFO [main] org.apache.catalina.startup.VersionLoggerListener.log Command line argument: -Dsun.stdout.encoding=UTF-8
10-May-2025 22:54:59.125 INFO [main] org.apache.catalina.startup.VersionLoggerListener.log Command line argument: -Dsun.stderr.encoding=UTF-8
10-May-2025 22:54:59.125 INFO [main] org.apache.catalina.startup.VersionLoggerListener.log Command line argument: -Djava.util.logging.config.file=D:\Library\Documents\Code Projects\cad-2025\les14\lab\project\apache-tomcat-11.0.6\conf\logging.properties
10-May-2025 22:54:59.126 INFO [main] org.apache.catalina.startup.VersionLoggerListener.log Command line argument: -Djava.util.logging.manager=org.apache.juli.ClassLoaderLogManager
10-May-2025 22:54:59.126 INFO [main] org.apache.catalina.startup.VersionLoggerListener.log Command line argument: -Djdk.tls.ephemeralDHKeySize=2048
10-May-2025 22:54:59.127 INFO [main] org.apache.catalina.startup.VersionLoggerListener.log Command line argument: --add-opens=java.base/java.lang=ALL-UNNAMED
10-May-2025 22:54:59.128 INFO [main] org.apache.catalina.startup.VersionLoggerListener.log Command line argument: --add-opens=java.base/java.lang.reflect=ALL-UNNAMED
10-May-2025 22:54:59.128 INFO [main] org.apache.catalina.startup.VersionLoggerListener.log Command line argument: --add-opens=java.base/java.io=ALL-UNNAMED
10-May-2025 22:54:59.129 INFO [main] org.apache.catalina.startup.VersionLoggerListener.log Command line argument: --add-opens=java.base/java.util=ALL-UNNAMED
10-May-2025 22:54:59.129 INFO [main] org.apache.catalina.startup.VersionLoggerListener.log Command line argument: --add-opens=java.base/java.util.concurrent=ALL-UNNAMED
10-May-2025 22:54:59.130 INFO [main] org.apache.catalina.startup.VersionLoggerListener.log Command line argument: --add-opens=java.rmi/sun.rmi.transport=ALL-UNNAMED
10-May-2025 22:54:59.130 INFO [main] org.apache.catalina.startup.VersionLoggerListener.log Command line argument: --enable-native-access=ALL-UNNAMED
10-May-2025 22:54:59.130 INFO [main] org.apache.catalina.startup.VersionLoggerListener.log Command line argument: -Dcatalina.base=D:\Library\Documents\Code Projects\cad-2025\les14\lab\project\apache-tomcat-11.0.6
10-May-2025 22:54:59.131 INFO [main] org.apache.catalina.startup.VersionLoggerListener.log Command line argument: -Dcatalina.home=D:\Library\Documents\Code Projects\cad-2025\les14\lab\project\apache-tomcat-11.0.6
10-May-2025 22:54:59.131 INFO [main] org.apache.catalina.startup.VersionLoggerListener.log Command line argument: -Djava.io.tmpdir=D:\Library\Documents\Code Projects\cad-2025\les14\lab\project\apache-tomcat-11.0.6\temp
10-May-2025 22:54:59.150 INFO [main] org.apache.catalina.core.AprLifecycleListener.lifecycleEvent The Apache Tomcat Native library which allows using OpenSSL was not found on the java.library.path: [C:\Program Files\Eclipse Adoptium\jdk-17.0.14.7-hotspot\bin;C:\Windows\Sun\Java\bin;C:\Windows\system32;C:\Windows;C:\Program Files\NVIDIA GPU Computing Toolkit\CUDA\v12.8\bin;C:\Program Files\NVIDIA GPU Computing Toolkit\CUDA\v12.8\libnvvp;C:\Program Files\Eclipse Adoptium\jdk-17.0.14.7-hotspot\bin;C:\ProgramData\Oracle\Java\javapath;C:\Program Files\Common Files\Oracle\Java\javapath;C:\Program Files (x86)\Common Files\Oracle\Java\java8path;C:\Program Files (x86)\Common Files\Oracle\Java\javapath;c:\Users\Admin\AppData\Local\Programs\cursor\resources\app\bin;C:\Windows\system32;C:\Windows;C:\Windows\System32\Wbem;C:\Windows\System32\WindowsPowerShell\v1.0\;C:\Windows\System32\OpenSSH\;C:\Program Files\dotnet\;C:\Program Files (x86)\NVIDIA Corporation\PhysX\Common;D:\Program Files\Python\Scripts\;D:\Program Files\Python\;C:\Users\Admin\AppData\Local\Microsoft\WindowsApps;C:\Users\Admin\.dotnet\tools;c:\Users\Admin\AppData\Local\Programs\cursor\resources\app\bin;C:\Program Files\NVIDIA Corporation\NVIDIA app\NvDLISR;D:\Portable Soft\Portable scrcpy;D:\Portable Soft\Portable Terminal;C:\Program Files\Java\jdk-23\bin;C:\Gradle\gradle-8.12\bin;C:\Program Files\nodejs\;C:\Program Files\NVIDIA Corporation\Nsight Compute 2025.1.0\;C:\Program Files\Git\cmd;C:\ProgramData\chocolatey\bin;C:\Users\Admin\AppData\Local\Programs\Python\Python312\Scripts\;C:\Users\Admin\AppData\Local\Programs\Python\Python312\;C:\Users\Admin\AppData\Local\Programs\Python\Python313\Scripts\;C:\Users\Admin\AppData\Local\Programs\Python\Python313\;C:\Users\Admin\AppData\Local\Programs\Python\Launcher\;D:\Program Files\Python\Scripts\;D:\Program Files\Python\;C:\Users\Admin\AppData\Local\Microsoft\WindowsApps;;C:\Users\Admin\.dotnet\tools;C:\Users\Admin\.cache\lm-studio\bin;C:\Users\Admin\AppData\Roaming\npm;C:\Users\Admin\.dotnet\tools;C:\Users\Admin\AppData\Local\Microsoft\WinGet\Packages\Gyan.FFmpeg_Microsoft.Winget.Source_8wekyb3d8bbwe\ffmpeg-7.1-full_build\bin;C:\Users\Admin\AppData\Local\Programs\cursor\resources\app\bin;.]
10-May-2025 22:54:59.380 INFO [main] org.apache.coyote.AbstractProtocol.init Инициализация ProtocolHandler ["http-nio-8080"]
10-May-2025 22:54:59.406 INFO [main] org.apache.catalina.startup.Catalina.load Server initialization in [498] milliseconds
10-May-2025 22:54:59.450 INFO [main] org.apache.catalina.core.StandardService.startInternal Starting service [Catalina]
10-May-2025 22:54:59.450 INFO [main] org.apache.catalina.core.StandardEngine.startInternal Starting Servlet engine: [Apache Tomcat/11.0.6]
10-May-2025 22:54:59.491 INFO [main] org.apache.catalina.startup.HostConfig.deployWAR Deploying web application archive [D:\Library\Documents\Code Projects\cad-2025\les14\lab\project\apache-tomcat-11.0.6\webapps\app.war]
10-May-2025 22:55:05.985 INFO [main] org.apache.jasper.servlet.TldScanner.scanJars At least one JAR was scanned for TLDs yet contained no TLDs. Enable debug logging for this logger for a complete list of JARs that were scanned but no TLDs were found in them. Skipping unneeded JARs during scanning can improve startup time and JSP compilation time.
10-May-2025 22:55:24.359 INFO [main] org.apache.catalina.startup.HostConfig.deployWAR Deployment of web application archive [D:\Library\Documents\Code Projects\cad-2025\les14\lab\project\apache-tomcat-11.0.6\webapps\app.war] has finished in [24 867] ms
10-May-2025 22:55:24.361 INFO [main] org.apache.catalina.startup.HostConfig.deployDirectory Установка веб приложения в папку [D:\Library\Documents\Code Projects\cad-2025\les14\lab\project\apache-tomcat-11.0.6\webapps\docs]
10-May-2025 22:55:24.482 INFO [main] org.apache.catalina.startup.HostConfig.deployDirectory Deployment of web application directory [D:\Library\Documents\Code Projects\cad-2025\les14\lab\project\apache-tomcat-11.0.6\webapps\docs] has finished in [121] ms
10-May-2025 22:55:24.483 INFO [main] org.apache.catalina.startup.HostConfig.deployDirectory Установка веб приложения в папку [D:\Library\Documents\Code Projects\cad-2025\les14\lab\project\apache-tomcat-11.0.6\webapps\examples]
10-May-2025 22:55:25.478 INFO [main] org.apache.catalina.startup.HostConfig.deployDirectory Deployment of web application directory [D:\Library\Documents\Code Projects\cad-2025\les14\lab\project\apache-tomcat-11.0.6\webapps\examples] has finished in [994] ms
10-May-2025 22:55:25.478 INFO [main] org.apache.catalina.startup.HostConfig.deployDirectory Установка веб приложения в папку [D:\Library\Documents\Code Projects\cad-2025\les14\lab\project\apache-tomcat-11.0.6\webapps\host-manager]
10-May-2025 22:55:25.551 INFO [main] org.apache.catalina.startup.HostConfig.deployDirectory Deployment of web application directory [D:\Library\Documents\Code Projects\cad-2025\les14\lab\project\apache-tomcat-11.0.6\webapps\host-manager] has finished in [72] ms
10-May-2025 22:55:25.551 INFO [main] org.apache.catalina.startup.HostConfig.deployDirectory Установка веб приложения в папку [D:\Library\Documents\Code Projects\cad-2025\les14\lab\project\apache-tomcat-11.0.6\webapps\manager]
10-May-2025 22:55:25.617 INFO [main] org.apache.catalina.startup.HostConfig.deployDirectory Deployment of web application directory [D:\Library\Documents\Code Projects\cad-2025\les14\lab\project\apache-tomcat-11.0.6\webapps\manager] has finished in [66] ms
10-May-2025 22:55:25.617 INFO [main] org.apache.catalina.startup.HostConfig.deployDirectory Установка веб приложения в папку [D:\Library\Documents\Code Projects\cad-2025\les14\lab\project\apache-tomcat-11.0.6\webapps\ROOT]
10-May-2025 22:55:25.665 INFO [main] org.apache.catalina.startup.HostConfig.deployDirectory Deployment of web application directory [D:\Library\Documents\Code Projects\cad-2025\les14\lab\project\apache-tomcat-11.0.6\webapps\ROOT] has finished in [48] ms
10-May-2025 22:55:25.672 INFO [main] org.apache.coyote.AbstractProtocol.start Starting ProtocolHandler ["http-nio-8080"]
10-May-2025 22:55:25.691 INFO [main] org.apache.catalina.startup.Catalina.start Server startup in [26284] milliseconds
10-May-2025 22:55:35.672 INFO [Catalina-utility-2] org.apache.catalina.startup.HostConfig.undeploy Undeploying context [/app]
10-May-2025 22:55:35.715 WARNING [Catalina-utility-2] org.apache.catalina.loader.WebappClassLoaderBase.clearReferencesJdbc The web application [app] registered the JDBC driver [org.h2.Driver] but failed to unregister it when the web application was stopped. To prevent a memory leak, the JDBC Driver has been forcibly unregistered.
10-May-2025 22:56:01.127 INFO [http-nio-8080-exec-10] org.apache.catalina.startup.HostConfig.deployWAR Deploying web application archive [D:\Library\Documents\Code Projects\cad-2025\les14\lab\project\apache-tomcat-11.0.6\webapps\app.war]
10-May-2025 22:56:06.577 INFO [http-nio-8080-exec-10] org.apache.jasper.servlet.TldScanner.scanJars At least one JAR was scanned for TLDs yet contained no TLDs. Enable debug logging for this logger for a complete list of JARs that were scanned but no TLDs were found in them. Skipping unneeded JARs during scanning can improve startup time and JSP compilation time.
10-May-2025 22:56:21.051 INFO [http-nio-8080-exec-10] org.apache.catalina.startup.HostConfig.deployWAR Deployment of web application archive [D:\Library\Documents\Code Projects\cad-2025\les14\lab\project\apache-tomcat-11.0.6\webapps\app.war] has finished in [19 924] ms
10-May-2025 23:01:00.759 WARNING [http-nio-8080-exec-13] org.apache.catalina.loader.WebappClassLoaderBase.clearReferencesJdbc The web application [app] registered the JDBC driver [org.h2.Driver] but failed to unregister it when the web application was stopped. To prevent a memory leak, the JDBC Driver has been forcibly unregistered.
10-May-2025 23:01:00.818 INFO [http-nio-8080-exec-13] org.apache.catalina.startup.HostConfig.undeploy Undeploying context [/app]
10-May-2025 23:01:05.923 INFO [http-nio-8080-exec-11] org.apache.catalina.startup.HostConfig.deployWAR Deploying web application archive [D:\Library\Documents\Code Projects\cad-2025\les14\lab\project\apache-tomcat-11.0.6\webapps\app.war]
10-May-2025 23:01:10.817 INFO [http-nio-8080-exec-11] org.apache.jasper.servlet.TldScanner.scanJars At least one JAR was scanned for TLDs yet contained no TLDs. Enable debug logging for this logger for a complete list of JARs that were scanned but no TLDs were found in them. Skipping unneeded JARs during scanning can improve startup time and JSP compilation time.
10-May-2025 23:01:24.080 INFO [http-nio-8080-exec-11] org.apache.catalina.startup.HostConfig.deployWAR Deployment of web application archive [D:\Library\Documents\Code Projects\cad-2025\les14\lab\project\apache-tomcat-11.0.6\webapps\app.war] has finished in [18 157] ms
10-May-2025 23:08:59.549 INFO [Catalina-utility-1] org.apache.catalina.startup.HostConfig.undeploy Undeploying context [/app]
10-May-2025 23:08:59.584 WARNING [Catalina-utility-1] org.apache.catalina.loader.WebappClassLoaderBase.clearReferencesJdbc The web application [app] registered the JDBC driver [org.h2.Driver] but failed to unregister it when the web application was stopped. To prevent a memory leak, the JDBC Driver has been forcibly unregistered.
10-May-2025 23:09:35.363 INFO [http-nio-8080-exec-21] org.apache.catalina.startup.HostConfig.deployWAR Deploying web application archive [D:\Library\Documents\Code Projects\cad-2025\les14\lab\project\apache-tomcat-11.0.6\webapps\app.war]
10-May-2025 23:09:40.584 INFO [http-nio-8080-exec-21] org.apache.jasper.servlet.TldScanner.scanJars At least one JAR was scanned for TLDs yet contained no TLDs. Enable debug logging for this logger for a complete list of JARs that were scanned but no TLDs were found in them. Skipping unneeded JARs during scanning can improve startup time and JSP compilation time.
10-May-2025 23:09:53.982 INFO [http-nio-8080-exec-21] org.apache.catalina.startup.HostConfig.deployWAR Deployment of web application archive [D:\Library\Documents\Code Projects\cad-2025\les14\lab\project\apache-tomcat-11.0.6\webapps\app.war] has finished in [18 619] ms
10-May-2025 23:11:06.065 WARNING [http-nio-8080-exec-34] org.apache.catalina.loader.WebappClassLoaderBase.clearReferencesJdbc The web application [app] registered the JDBC driver [org.h2.Driver] but failed to unregister it when the web application was stopped. To prevent a memory leak, the JDBC Driver has been forcibly unregistered.
10-May-2025 23:11:06.151 INFO [http-nio-8080-exec-34] org.apache.catalina.startup.HostConfig.undeploy Undeploying context [/app]
10-May-2025 23:11:24.660 INFO [http-nio-8080-exec-23] org.apache.catalina.startup.HostConfig.deployWAR Deploying web application archive [D:\Library\Documents\Code Projects\cad-2025\les14\lab\project\apache-tomcat-11.0.6\webapps\app.war]
10-May-2025 23:11:30.943 INFO [http-nio-8080-exec-23] org.apache.jasper.servlet.TldScanner.scanJars At least one JAR was scanned for TLDs yet contained no TLDs. Enable debug logging for this logger for a complete list of JARs that were scanned but no TLDs were found in them. Skipping unneeded JARs during scanning can improve startup time and JSP compilation time.
10-May-2025 23:11:31.528 SEVERE [http-nio-8080-exec-23] org.apache.catalina.startup.HostConfig.deployWAR Ошибка при развертывании архива с веб-приложением [D:\Library\Documents\Code Projects\cad-2025\les14\lab\project\apache-tomcat-11.0.6\webapps\app.war]
	java.lang.IllegalStateException: Error starting child
		at org.apache.catalina.core.ContainerBase.addChild(ContainerBase.java:569)
		at org.apache.catalina.core.StandardHost.addChild(StandardHost.java:652)
		at org.apache.catalina.startup.HostConfig.deployWAR(HostConfig.java:925)
		at org.apache.catalina.startup.HostConfig.deployApps(HostConfig.java:448)
		at org.apache.catalina.startup.HostConfig.check(HostConfig.java:1655)
		at java.base/jdk.internal.reflect.NativeMethodAccessorImpl.invoke0(Native Method)
		at java.base/jdk.internal.reflect.NativeMethodAccessorImpl.invoke(NativeMethodAccessorImpl.java:77)
		at java.base/jdk.internal.reflect.DelegatingMethodAccessorImpl.invoke(DelegatingMethodAccessorImpl.java:43)
		at java.base/java.lang.reflect.Method.invoke(Method.java:569)
		at org.apache.tomcat.util.modeler.BaseModelMBean.invoke(BaseModelMBean.java:263)
		at java.management/com.sun.jmx.interceptor.DefaultMBeanServerInterceptor.invoke(DefaultMBeanServerInterceptor.java:814)
		at java.management/com.sun.jmx.mbeanserver.JmxMBeanServer.invoke(JmxMBeanServer.java:802)
		at org.apache.catalina.manager.ManagerServlet.check(ManagerServlet.java:1438)
		at org.apache.catalina.manager.HTMLManagerServlet.upload(HTMLManagerServlet.java:255)
		at org.apache.catalina.manager.HTMLManagerServlet.doPost(HTMLManagerServlet.java:182)
		at jakarta.servlet.http.HttpServlet.service(HttpServlet.java:649)
		at jakarta.servlet.http.HttpServlet.service(HttpServlet.java:710)
		at org.apache.catalina.core.ApplicationFilterChain.doFilter(ApplicationFilterChain.java:130)
		at org.apache.catalina.filters.CsrfPreventionFilter.doFilter(CsrfPreventionFilter.java:428)
		at org.apache.catalina.core.ApplicationFilterChain.doFilter(ApplicationFilterChain.java:109)
		at org.apache.tomcat.websocket.server.WsFilter.doFilter(WsFilter.java:53)
		at org.apache.catalina.core.ApplicationFilterChain.doFilter(ApplicationFilterChain.java:109)
		at org.apache.catalina.filters.HttpHeaderSecurityFilter.doFilter(HttpHeaderSecurityFilter.java:114)
		at org.apache.catalina.core.ApplicationFilterChain.doFilter(ApplicationFilterChain.java:109)
		at org.apache.catalina.core.StandardWrapperValve.invoke(StandardWrapperValve.java:167)
		at org.apache.catalina.core.StandardContextValve.invoke(StandardContextValve.java:79)
		at org.apache.catalina.authenticator.AuthenticatorBase.invoke(AuthenticatorBase.java:598)
		at org.apache.catalina.valves.RequestFilterValve.process(RequestFilterValve.java:354)
		at org.apache.catalina.valves.RemoteAddrValve.invoke(RemoteAddrValve.java:54)
		at org.apache.catalina.core.StandardHostValve.invoke(StandardHostValve.java:116)
		at org.apache.catalina.valves.ErrorReportValve.invoke(ErrorReportValve.java:93)
		at org.apache.catalina.valves.AbstractAccessLogValve.invoke(AbstractAccessLogValve.java:666)
		at org.apache.catalina.core.StandardEngineValve.invoke(StandardEngineValve.java:74)
		at org.apache.catalina.connector.CoyoteAdapter.service(CoyoteAdapter.java:343)
		at org.apache.coyote.http11.Http11Processor.service(Http11Processor.java:396)
		at org.apache.coyote.AbstractProcessorLight.process(AbstractProcessorLight.java:63)
		at org.apache.coyote.AbstractProtocol$ConnectionHandler.process(AbstractProtocol.java:903)
		at org.apache.tomcat.util.net.NioEndpoint$SocketProcessor.doRun(NioEndpoint.java:1744)
		at org.apache.tomcat.util.net.SocketProcessorBase.run(SocketProcessorBase.java:52)
		at org.apache.tomcat.util.threads.ThreadPoolExecutor.runWorker(ThreadPoolExecutor.java:1149)
		at org.apache.tomcat.util.threads.ThreadPoolExecutor$Worker.run(ThreadPoolExecutor.java:637)
		at org.apache.tomcat.util.threads.TaskThread$WrappingRunnable.run(TaskThread.java:59)
		at java.base/java.lang.Thread.run(Thread.java:840)
	Caused by: org.apache.catalina.LifecycleException: Failed to start component [StandardEngine[Catalina].StandardHost[localhost].StandardContext[/app]]
		at org.apache.catalina.util.LifecycleBase.handleSubClassException(LifecycleBase.java:406)
		at org.apache.catalina.util.LifecycleBase.start(LifecycleBase.java:179)
		at org.apache.catalina.core.ContainerBase.addChild(ContainerBase.java:566)
		... 42 more
	Caused by: java.lang.IllegalStateException: Duplicate Filter registration for 'springSecurityFilterChain'. Check to ensure the Filter is only configured once.
		at org.springframework.util.Assert.state(Assert.java:101)
		at org.springframework.security.web.context.AbstractSecurityWebApplicationInitializer.registerFilter(AbstractSecurityWebApplicationInitializer.java:195)
		at org.springframework.security.web.context.AbstractSecurityWebApplicationInitializer.insertSpringSecurityFilterChain(AbstractSecurityWebApplicationInitializer.java:140)
		at org.springframework.security.web.context.AbstractSecurityWebApplicationInitializer.onStartup(AbstractSecurityWebApplicationInitializer.java:115)
		at org.springframework.web.SpringServletContainerInitializer.onStartup(SpringServletContainerInitializer.java:171)
		at org.apache.catalina.core.StandardContext.startInternal(StandardContext.java:4428)
		at org.apache.catalina.util.LifecycleBase.start(LifecycleBase.java:164)
		... 43 more
10-May-2025 23:11:31.531 INFO [http-nio-8080-exec-23] org.apache.catalina.startup.HostConfig.deployWAR Deployment of web application archive [D:\Library\Documents\Code Projects\cad-2025\les14\lab\project\apache-tomcat-11.0.6\webapps\app.war] has finished in [6 872] ms
10-May-2025 23:15:19.001 INFO [http-nio-8080-exec-44] org.apache.catalina.startup.HostConfig.undeploy Undeploying context [/app]
10-May-2025 23:15:26.077 INFO [http-nio-8080-exec-40] org.apache.catalina.startup.HostConfig.deployWAR Deploying web application archive [D:\Library\Documents\Code Projects\cad-2025\les14\lab\project\apache-tomcat-11.0.6\webapps\app.war]
10-May-2025 23:15:31.595 INFO [http-nio-8080-exec-40] org.apache.jasper.servlet.TldScanner.scanJars At least one JAR was scanned for TLDs yet contained no TLDs. Enable debug logging for this logger for a complete list of JARs that were scanned but no TLDs were found in them. Skipping unneeded JARs during scanning can improve startup time and JSP compilation time.
10-May-2025 23:15:32.199 SEVERE [http-nio-8080-exec-40] org.apache.catalina.startup.HostConfig.deployWAR Ошибка при развертывании архива с веб-приложением [D:\Library\Documents\Code Projects\cad-2025\les14\lab\project\apache-tomcat-11.0.6\webapps\app.war]
	java.lang.IllegalStateException: Error starting child
		at org.apache.catalina.core.ContainerBase.addChild(ContainerBase.java:569)
		at org.apache.catalina.core.StandardHost.addChild(StandardHost.java:652)
		at org.apache.catalina.startup.HostConfig.deployWAR(HostConfig.java:925)
		at org.apache.catalina.startup.HostConfig.deployApps(HostConfig.java:448)
		at org.apache.catalina.startup.HostConfig.check(HostConfig.java:1655)
		at java.base/jdk.internal.reflect.NativeMethodAccessorImpl.invoke0(Native Method)
		at java.base/jdk.internal.reflect.NativeMethodAccessorImpl.invoke(NativeMethodAccessorImpl.java:77)
		at java.base/jdk.internal.reflect.DelegatingMethodAccessorImpl.invoke(DelegatingMethodAccessorImpl.java:43)
		at java.base/java.lang.reflect.Method.invoke(Method.java:569)
		at org.apache.tomcat.util.modeler.BaseModelMBean.invoke(BaseModelMBean.java:263)
		at java.management/com.sun.jmx.interceptor.DefaultMBeanServerInterceptor.invoke(DefaultMBeanServerInterceptor.java:814)
		at java.management/com.sun.jmx.mbeanserver.JmxMBeanServer.invoke(JmxMBeanServer.java:802)
		at org.apache.catalina.manager.ManagerServlet.check(ManagerServlet.java:1438)
		at org.apache.catalina.manager.HTMLManagerServlet.upload(HTMLManagerServlet.java:255)
		at org.apache.catalina.manager.HTMLManagerServlet.doPost(HTMLManagerServlet.java:182)
		at jakarta.servlet.http.HttpServlet.service(HttpServlet.java:649)
		at jakarta.servlet.http.HttpServlet.service(HttpServlet.java:710)
		at org.apache.catalina.core.ApplicationFilterChain.doFilter(ApplicationFilterChain.java:130)
		at org.apache.catalina.filters.CsrfPreventionFilter.doFilter(CsrfPreventionFilter.java:428)
		at org.apache.catalina.core.ApplicationFilterChain.doFilter(ApplicationFilterChain.java:109)
		at org.apache.tomcat.websocket.server.WsFilter.doFilter(WsFilter.java:53)
		at org.apache.catalina.core.ApplicationFilterChain.doFilter(ApplicationFilterChain.java:109)
		at org.apache.catalina.filters.HttpHeaderSecurityFilter.doFilter(HttpHeaderSecurityFilter.java:114)
		at org.apache.catalina.core.ApplicationFilterChain.doFilter(ApplicationFilterChain.java:109)
		at org.apache.catalina.core.StandardWrapperValve.invoke(StandardWrapperValve.java:167)
		at org.apache.catalina.core.StandardContextValve.invoke(StandardContextValve.java:79)
		at org.apache.catalina.authenticator.AuthenticatorBase.invoke(AuthenticatorBase.java:598)
		at org.apache.catalina.valves.RequestFilterValve.process(RequestFilterValve.java:354)
		at org.apache.catalina.valves.RemoteAddrValve.invoke(RemoteAddrValve.java:54)
		at org.apache.catalina.core.StandardHostValve.invoke(StandardHostValve.java:116)
		at org.apache.catalina.valves.ErrorReportValve.invoke(ErrorReportValve.java:93)
		at org.apache.catalina.valves.AbstractAccessLogValve.invoke(AbstractAccessLogValve.java:666)
		at org.apache.catalina.core.StandardEngineValve.invoke(StandardEngineValve.java:74)
		at org.apache.catalina.connector.CoyoteAdapter.service(CoyoteAdapter.java:343)
		at org.apache.coyote.http11.Http11Processor.service(Http11Processor.java:396)
		at org.apache.coyote.AbstractProcessorLight.process(AbstractProcessorLight.java:63)
		at org.apache.coyote.AbstractProtocol$ConnectionHandler.process(AbstractProtocol.java:903)
		at org.apache.tomcat.util.net.NioEndpoint$SocketProcessor.doRun(NioEndpoint.java:1744)
		at org.apache.tomcat.util.net.SocketProcessorBase.run(SocketProcessorBase.java:52)
		at org.apache.tomcat.util.threads.ThreadPoolExecutor.runWorker(ThreadPoolExecutor.java:1149)
		at org.apache.tomcat.util.threads.ThreadPoolExecutor$Worker.run(ThreadPoolExecutor.java:637)
		at org.apache.tomcat.util.threads.TaskThread$WrappingRunnable.run(TaskThread.java:59)
		at java.base/java.lang.Thread.run(Thread.java:840)
	Caused by: org.apache.catalina.LifecycleException: Failed to start component [StandardEngine[Catalina].StandardHost[localhost].StandardContext[/app]]
		at org.apache.catalina.util.LifecycleBase.handleSubClassException(LifecycleBase.java:406)
		at org.apache.catalina.util.LifecycleBase.start(LifecycleBase.java:179)
		at org.apache.catalina.core.ContainerBase.addChild(ContainerBase.java:566)
		... 42 more
	Caused by: java.lang.IllegalStateException: Duplicate Filter registration for 'springSecurityFilterChain'. Check to ensure the Filter is only configured once.
		at org.springframework.util.Assert.state(Assert.java:101)
		at org.springframework.security.web.context.AbstractSecurityWebApplicationInitializer.registerFilter(AbstractSecurityWebApplicationInitializer.java:195)
		at org.springframework.security.web.context.AbstractSecurityWebApplicationInitializer.insertSpringSecurityFilterChain(AbstractSecurityWebApplicationInitializer.java:140)
		at org.springframework.security.web.context.AbstractSecurityWebApplicationInitializer.onStartup(AbstractSecurityWebApplicationInitializer.java:115)
		at org.springframework.web.SpringServletContainerInitializer.onStartup(SpringServletContainerInitializer.java:171)
		at org.apache.catalina.core.StandardContext.startInternal(StandardContext.java:4428)
		at org.apache.catalina.util.LifecycleBase.start(LifecycleBase.java:164)
		... 43 more
10-May-2025 23:15:32.201 INFO [http-nio-8080-exec-40] org.apache.catalina.startup.HostConfig.deployWAR Deployment of web application archive [D:\Library\Documents\Code Projects\cad-2025\les14\lab\project\apache-tomcat-11.0.6\webapps\app.war] has finished in [6 124] ms
10-May-2025 23:29:20.659 INFO [main] org.apache.catalina.startup.VersionLoggerListener.log Имя версии сервера:    Apache Tomcat/11.0.6
10-May-2025 23:29:20.669 INFO [main] org.apache.catalina.startup.VersionLoggerListener.log Сервер собран:         Apr 1 2025 14:40:40 UTC
10-May-2025 23:29:20.670 INFO [main] org.apache.catalina.startup.VersionLoggerListener.log Номер версии сервера:  11.0.6.0
10-May-2025 23:29:20.671 INFO [main] org.apache.catalina.startup.VersionLoggerListener.log OS Name:               Windows 10
10-May-2025 23:29:20.672 INFO [main] org.apache.catalina.startup.VersionLoggerListener.log Версия ОС:             10.0
10-May-2025 23:29:20.672 INFO [main] org.apache.catalina.startup.VersionLoggerListener.log Архитектура:           amd64
10-May-2025 23:29:20.672 INFO [main] org.apache.catalina.startup.VersionLoggerListener.log Java Home:             C:\Program Files\Eclipse Adoptium\jdk-17.0.14.7-hotspot
10-May-2025 23:29:20.672 INFO [main] org.apache.catalina.startup.VersionLoggerListener.log Версия JVM:            17.0.14+7
10-May-2025 23:29:20.673 INFO [main] org.apache.catalina.startup.VersionLoggerListener.log Производитель JVM:     Eclipse Adoptium
10-May-2025 23:29:20.674 INFO [main] org.apache.catalina.startup.VersionLoggerListener.log CATALINA_BASE:         D:\Library\Documents\Code Projects\cad-2025\les14\lab\project\apache-tomcat-11.0.6
10-May-2025 23:29:20.675 INFO [main] org.apache.catalina.startup.VersionLoggerListener.log CATALINA_HOME:         D:\Library\Documents\Code Projects\cad-2025\les14\lab\project\apache-tomcat-11.0.6
10-May-2025 23:29:20.678 INFO [main] org.apache.catalina.startup.VersionLoggerListener.log Command line argument: -Dfile.encoding=UTF-8
10-May-2025 23:29:20.678 INFO [main] org.apache.catalina.startup.VersionLoggerListener.log Command line argument: -Dsun.stdout.encoding=UTF-8
10-May-2025 23:29:20.678 INFO [main] org.apache.catalina.startup.VersionLoggerListener.log Command line argument: -Dsun.stderr.encoding=UTF-8
10-May-2025 23:29:20.678 INFO [main] org.apache.catalina.startup.VersionLoggerListener.log Command line argument: -Djava.util.logging.config.file=D:\Library\Documents\Code Projects\cad-2025\les14\lab\project\apache-tomcat-11.0.6\conf\logging.properties
10-May-2025 23:29:20.679 INFO [main] org.apache.catalina.startup.VersionLoggerListener.log Command line argument: -Djava.util.logging.manager=org.apache.juli.ClassLoaderLogManager
10-May-2025 23:29:20.679 INFO [main] org.apache.catalina.startup.VersionLoggerListener.log Command line argument: -Djdk.tls.ephemeralDHKeySize=2048
10-May-2025 23:29:20.680 INFO [main] org.apache.catalina.startup.VersionLoggerListener.log Command line argument: --add-opens=java.base/java.lang=ALL-UNNAMED
10-May-2025 23:29:20.680 INFO [main] org.apache.catalina.startup.VersionLoggerListener.log Command line argument: --add-opens=java.base/java.lang.reflect=ALL-UNNAMED
10-May-2025 23:29:20.681 INFO [main] org.apache.catalina.startup.VersionLoggerListener.log Command line argument: --add-opens=java.base/java.io=ALL-UNNAMED
10-May-2025 23:29:20.681 INFO [main] org.apache.catalina.startup.VersionLoggerListener.log Command line argument: --add-opens=java.base/java.util=ALL-UNNAMED
10-May-2025 23:29:20.681 INFO [main] org.apache.catalina.startup.VersionLoggerListener.log Command line argument: --add-opens=java.base/java.util.concurrent=ALL-UNNAMED
10-May-2025 23:29:20.682 INFO [main] org.apache.catalina.startup.VersionLoggerListener.log Command line argument: --add-opens=java.rmi/sun.rmi.transport=ALL-UNNAMED
10-May-2025 23:29:20.682 INFO [main] org.apache.catalina.startup.VersionLoggerListener.log Command line argument: --enable-native-access=ALL-UNNAMED
10-May-2025 23:29:20.682 INFO [main] org.apache.catalina.startup.VersionLoggerListener.log Command line argument: -Dcatalina.base=D:\Library\Documents\Code Projects\cad-2025\les14\lab\project\apache-tomcat-11.0.6
10-May-2025 23:29:20.683 INFO [main] org.apache.catalina.startup.VersionLoggerListener.log Command line argument: -Dcatalina.home=D:\Library\Documents\Code Projects\cad-2025\les14\lab\project\apache-tomcat-11.0.6
10-May-2025 23:29:20.684 INFO [main] org.apache.catalina.startup.VersionLoggerListener.log Command line argument: -Djava.io.tmpdir=D:\Library\Documents\Code Projects\cad-2025\les14\lab\project\apache-tomcat-11.0.6\temp
10-May-2025 23:29:20.706 INFO [main] org.apache.catalina.core.AprLifecycleListener.lifecycleEvent The Apache Tomcat Native library which allows using OpenSSL was not found on the java.library.path: [C:\Program Files\Eclipse Adoptium\jdk-17.0.14.7-hotspot\bin;C:\Windows\Sun\Java\bin;C:\Windows\system32;C:\Windows;C:\Program Files\NVIDIA GPU Computing Toolkit\CUDA\v12.8\bin;C:\Program Files\NVIDIA GPU Computing Toolkit\CUDA\v12.8\libnvvp;C:\Program Files\Eclipse Adoptium\jdk-17.0.14.7-hotspot\bin;C:\ProgramData\Oracle\Java\javapath;C:\Program Files\Common Files\Oracle\Java\javapath;C:\Program Files (x86)\Common Files\Oracle\Java\java8path;C:\Program Files (x86)\Common Files\Oracle\Java\javapath;c:\Users\Admin\AppData\Local\Programs\cursor\resources\app\bin;C:\Windows\system32;C:\Windows;C:\Windows\System32\Wbem;C:\Windows\System32\WindowsPowerShell\v1.0\;C:\Windows\System32\OpenSSH\;C:\Program Files\dotnet\;C:\Program Files (x86)\NVIDIA Corporation\PhysX\Common;D:\Program Files\Python\Scripts\;D:\Program Files\Python\;C:\Users\Admin\AppData\Local\Microsoft\WindowsApps;C:\Users\Admin\.dotnet\tools;c:\Users\Admin\AppData\Local\Programs\cursor\resources\app\bin;C:\Program Files\NVIDIA Corporation\NVIDIA app\NvDLISR;D:\Portable Soft\Portable scrcpy;D:\Portable Soft\Portable Terminal;C:\Program Files\Java\jdk-23\bin;C:\Gradle\gradle-8.12\bin;C:\Program Files\nodejs\;C:\Program Files\NVIDIA Corporation\Nsight Compute 2025.1.0\;C:\Program Files\Git\cmd;C:\ProgramData\chocolatey\bin;C:\Users\Admin\AppData\Local\Programs\Python\Python312\Scripts\;C:\Users\Admin\AppData\Local\Programs\Python\Python312\;C:\Users\Admin\AppData\Local\Programs\Python\Python313\Scripts\;C:\Users\Admin\AppData\Local\Programs\Python\Python313\;C:\Users\Admin\AppData\Local\Programs\Python\Launcher\;D:\Program Files\Python\Scripts\;D:\Program Files\Python\;C:\Users\Admin\AppData\Local\Microsoft\WindowsApps;;C:\Users\Admin\.dotnet\tools;C:\Users\Admin\.cache\lm-studio\bin;C:\Users\Admin\AppData\Roaming\npm;C:\Users\Admin\.dotnet\tools;C:\Users\Admin\AppData\Local\Microsoft\WinGet\Packages\Gyan.FFmpeg_Microsoft.Winget.Source_8wekyb3d8bbwe\ffmpeg-7.1-full_build\bin;C:\Users\Admin\AppData\Local\Programs\cursor\resources\app\bin;.]
10-May-2025 23:29:20.940 INFO [main] org.apache.coyote.AbstractProtocol.init Инициализация ProtocolHandler ["http-nio-8080"]
10-May-2025 23:29:20.973 INFO [main] org.apache.catalina.startup.Catalina.load Server initialization in [514] milliseconds
10-May-2025 23:29:21.028 INFO [main] org.apache.catalina.core.StandardService.startInternal Starting service [Catalina]
10-May-2025 23:29:21.028 INFO [main] org.apache.catalina.core.StandardEngine.startInternal Starting Servlet engine: [Apache Tomcat/11.0.6]
10-May-2025 23:29:21.131 INFO [main] org.apache.catalina.startup.HostConfig.deployWAR Deploying web application archive [D:\Library\Documents\Code Projects\cad-2025\les14\lab\project\apache-tomcat-11.0.6\webapps\app.war]
10-May-2025 23:29:27.715 INFO [main] org.apache.jasper.servlet.TldScanner.scanJars At least one JAR was scanned for TLDs yet contained no TLDs. Enable debug logging for this logger for a complete list of JARs that were scanned but no TLDs were found in them. Skipping unneeded JARs during scanning can improve startup time and JSP compilation time.
10-May-2025 23:29:28.409 SEVERE [main] org.apache.catalina.startup.HostConfig.deployWAR Ошибка при развертывании архива с веб-приложением [D:\Library\Documents\Code Projects\cad-2025\les14\lab\project\apache-tomcat-11.0.6\webapps\app.war]
	java.lang.IllegalStateException: Error starting child
		at org.apache.catalina.core.ContainerBase.addChild(ContainerBase.java:569)
		at org.apache.catalina.core.StandardHost.addChild(StandardHost.java:652)
		at org.apache.catalina.startup.HostConfig.deployWAR(HostConfig.java:925)
		at org.apache.catalina.startup.HostConfig$DeployWar.run(HostConfig.java:1842)
		at java.base/java.util.concurrent.Executors$RunnableAdapter.call(Executors.java:539)
		at java.base/java.util.concurrent.FutureTask.run(FutureTask.java:264)
		at org.apache.tomcat.util.threads.InlineExecutorService.execute(InlineExecutorService.java:75)
		at java.base/java.util.concurrent.AbstractExecutorService.submit(AbstractExecutorService.java:123)
		at org.apache.catalina.startup.HostConfig.deployWARs(HostConfig.java:730)
		at org.apache.catalina.startup.HostConfig.deployApps(HostConfig.java:381)
		at org.apache.catalina.startup.HostConfig.start(HostConfig.java:1581)
		at org.apache.catalina.startup.HostConfig.lifecycleEvent(HostConfig.java:265)
		at org.apache.catalina.util.LifecycleBase.fireLifecycleEvent(LifecycleBase.java:109)
		at org.apache.catalina.util.LifecycleBase.setStateInternal(LifecycleBase.java:389)
		at org.apache.catalina.util.LifecycleBase.setState(LifecycleBase.java:336)
		at org.apache.catalina.core.ContainerBase.startInternal(ContainerBase.java:743)
		at org.apache.catalina.core.StandardHost.startInternal(StandardHost.java:769)
		at org.apache.catalina.util.LifecycleBase.start(LifecycleBase.java:164)
		at org.apache.catalina.core.ContainerBase$StartChild.call(ContainerBase.java:1164)
		at org.apache.catalina.core.ContainerBase$StartChild.call(ContainerBase.java:1160)
		at java.base/java.util.concurrent.FutureTask.run(FutureTask.java:264)
		at org.apache.tomcat.util.threads.InlineExecutorService.execute(InlineExecutorService.java:75)
		at java.base/java.util.concurrent.AbstractExecutorService.submit(AbstractExecutorService.java:145)
		at org.apache.catalina.core.ContainerBase.startInternal(ContainerBase.java:716)
		at org.apache.catalina.core.StandardEngine.startInternal(StandardEngine.java:203)
		at org.apache.catalina.util.LifecycleBase.start(LifecycleBase.java:164)
		at org.apache.catalina.core.StandardService.startInternal(StandardService.java:412)
		at org.apache.catalina.util.LifecycleBase.start(LifecycleBase.java:164)
		at org.apache.catalina.core.StandardServer.startInternal(StandardServer.java:866)
		at org.apache.catalina.util.LifecycleBase.start(LifecycleBase.java:164)
		at org.apache.catalina.startup.Catalina.start(Catalina.java:759)
		at java.base/jdk.internal.reflect.NativeMethodAccessorImpl.invoke0(Native Method)
		at java.base/jdk.internal.reflect.NativeMethodAccessorImpl.invoke(NativeMethodAccessorImpl.java:77)
		at java.base/jdk.internal.reflect.DelegatingMethodAccessorImpl.invoke(DelegatingMethodAccessorImpl.java:43)
		at java.base/java.lang.reflect.Method.invoke(Method.java:569)
		at org.apache.catalina.startup.Bootstrap.start(Bootstrap.java:342)
		at org.apache.catalina.startup.Bootstrap.main(Bootstrap.java:473)
	Caused by: org.apache.catalina.LifecycleException: Failed to start component [StandardEngine[Catalina].StandardHost[localhost].StandardContext[/app]]
		at org.apache.catalina.util.LifecycleBase.handleSubClassException(LifecycleBase.java:406)
		at org.apache.catalina.util.LifecycleBase.start(LifecycleBase.java:179)
		at org.apache.catalina.core.ContainerBase.addChild(ContainerBase.java:566)
		... 36 more
	Caused by: java.lang.IllegalStateException: Duplicate Filter registration for 'springSecurityFilterChain'. Check to ensure the Filter is only configured once.
		at org.springframework.util.Assert.state(Assert.java:101)
		at org.springframework.security.web.context.AbstractSecurityWebApplicationInitializer.registerFilter(AbstractSecurityWebApplicationInitializer.java:195)
		at org.springframework.security.web.context.AbstractSecurityWebApplicationInitializer.insertSpringSecurityFilterChain(AbstractSecurityWebApplicationInitializer.java:140)
		at org.springframework.security.web.context.AbstractSecurityWebApplicationInitializer.onStartup(AbstractSecurityWebApplicationInitializer.java:115)
		at org.springframework.web.SpringServletContainerInitializer.onStartup(SpringServletContainerInitializer.java:171)
		at org.apache.catalina.core.StandardContext.startInternal(StandardContext.java:4428)
		at org.apache.catalina.util.LifecycleBase.start(LifecycleBase.java:164)
		... 37 more
10-May-2025 23:29:28.414 INFO [main] org.apache.catalina.startup.HostConfig.deployWAR Deployment of web application archive [D:\Library\Documents\Code Projects\cad-2025\les14\lab\project\apache-tomcat-11.0.6\webapps\app.war] has finished in [7 282] ms
10-May-2025 23:29:28.415 INFO [main] org.apache.catalina.startup.HostConfig.deployDirectory Установка веб приложения в папку [D:\Library\Documents\Code Projects\cad-2025\les14\lab\project\apache-tomcat-11.0.6\webapps\docs]
10-May-2025 23:29:28.532 INFO [main] org.apache.catalina.startup.HostConfig.deployDirectory Deployment of web application directory [D:\Library\Documents\Code Projects\cad-2025\les14\lab\project\apache-tomcat-11.0.6\webapps\docs] has finished in [117] ms
10-May-2025 23:29:28.533 INFO [main] org.apache.catalina.startup.HostConfig.deployDirectory Установка веб приложения в папку [D:\Library\Documents\Code Projects\cad-2025\les14\lab\project\apache-tomcat-11.0.6\webapps\examples]
10-May-2025 23:29:29.844 INFO [main] org.apache.catalina.startup.HostConfig.deployDirectory Deployment of web application directory [D:\Library\Documents\Code Projects\cad-2025\les14\lab\project\apache-tomcat-11.0.6\webapps\examples] has finished in [1 311] ms
10-May-2025 23:29:29.847 INFO [main] org.apache.catalina.startup.HostConfig.deployDirectory Установка веб приложения в папку [D:\Library\Documents\Code Projects\cad-2025\les14\lab\project\apache-tomcat-11.0.6\webapps\host-manager]
10-May-2025 23:29:29.913 INFO [main] org.apache.catalina.startup.HostConfig.deployDirectory Deployment of web application directory [D:\Library\Documents\Code Projects\cad-2025\les14\lab\project\apache-tomcat-11.0.6\webapps\host-manager] has finished in [66] ms
10-May-2025 23:29:29.916 INFO [main] org.apache.catalina.startup.HostConfig.deployDirectory Установка веб приложения в папку [D:\Library\Documents\Code Projects\cad-2025\les14\lab\project\apache-tomcat-11.0.6\webapps\manager]
10-May-2025 23:29:30.028 INFO [main] org.apache.catalina.startup.HostConfig.deployDirectory Deployment of web application directory [D:\Library\Documents\Code Projects\cad-2025\les14\lab\project\apache-tomcat-11.0.6\webapps\manager] has finished in [111] ms
10-May-2025 23:29:30.029 INFO [main] org.apache.catalina.startup.HostConfig.deployDirectory Установка веб приложения в папку [D:\Library\Documents\Code Projects\cad-2025\les14\lab\project\apache-tomcat-11.0.6\webapps\ROOT]
10-May-2025 23:29:30.089 INFO [main] org.apache.catalina.startup.HostConfig.deployDirectory Deployment of web application directory [D:\Library\Documents\Code Projects\cad-2025\les14\lab\project\apache-tomcat-11.0.6\webapps\ROOT] has finished in [60] ms
10-May-2025 23:29:30.093 INFO [main] org.apache.coyote.AbstractProtocol.start Starting ProtocolHandler ["http-nio-8080"]
10-May-2025 23:29:30.175 INFO [main] org.apache.catalina.startup.Catalina.start Server startup in [9202] milliseconds
10-May-2025 23:29:53.546 INFO [http-nio-8080-exec-6] org.apache.catalina.startup.HostConfig.undeploy Undeploying context [/app]
10-May-2025 23:29:58.208 INFO [http-nio-8080-exec-4] org.apache.catalina.startup.HostConfig.deployWAR Deploying web application archive [D:\Library\Documents\Code Projects\cad-2025\les14\lab\project\apache-tomcat-11.0.6\webapps\app.war]
10-May-2025 23:30:03.396 INFO [http-nio-8080-exec-4] org.apache.jasper.servlet.TldScanner.scanJars At least one JAR was scanned for TLDs yet contained no TLDs. Enable debug logging for this logger for a complete list of JARs that were scanned but no TLDs were found in them. Skipping unneeded JARs during scanning can improve startup time and JSP compilation time.
10-May-2025 23:30:17.526 INFO [http-nio-8080-exec-4] org.apache.catalina.startup.HostConfig.deployWAR Deployment of web application archive [D:\Library\Documents\Code Projects\cad-2025\les14\lab\project\apache-tomcat-11.0.6\webapps\app.war] has finished in [19 318] ms
10-May-2025 23:31:49.678 WARNING [http-nio-8080-exec-11] org.apache.catalina.loader.WebappClassLoaderBase.clearReferencesJdbc The web application [app] registered the JDBC driver [org.h2.Driver] but failed to unregister it when the web application was stopped. To prevent a memory leak, the JDBC Driver has been forcibly unregistered.
10-May-2025 23:31:49.734 INFO [http-nio-8080-exec-11] org.apache.catalina.startup.HostConfig.undeploy Undeploying context [/app]
10-May-2025 23:31:57.395 INFO [http-nio-8080-exec-9] org.apache.catalina.startup.HostConfig.deployWAR Deploying web application archive [D:\Library\Documents\Code Projects\cad-2025\les14\lab\project\apache-tomcat-11.0.6\webapps\app.war]
10-May-2025 23:32:02.585 INFO [http-nio-8080-exec-9] org.apache.jasper.servlet.TldScanner.scanJars At least one JAR was scanned for TLDs yet contained no TLDs. Enable debug logging for this logger for a complete list of JARs that were scanned but no TLDs were found in them. Skipping unneeded JARs during scanning can improve startup time and JSP compilation time.
10-May-2025 23:32:16.588 INFO [http-nio-8080-exec-9] org.apache.catalina.startup.HostConfig.deployWAR Deployment of web application archive [D:\Library\Documents\Code Projects\cad-2025\les14\lab\project\apache-tomcat-11.0.6\webapps\app.war] has finished in [19 192] ms
10-May-2025 23:34:28.447 WARNING [http-nio-8080-exec-16] org.apache.catalina.loader.WebappClassLoaderBase.clearReferencesJdbc The web application [app] registered the JDBC driver [org.h2.Driver] but failed to unregister it when the web application was stopped. To prevent a memory leak, the JDBC Driver has been forcibly unregistered.
10-May-2025 23:34:28.503 INFO [http-nio-8080-exec-16] org.apache.catalina.startup.HostConfig.undeploy Undeploying context [/app]
10-May-2025 23:34:35.032 INFO [http-nio-8080-exec-19] org.apache.catalina.startup.HostConfig.deployWAR Deploying web application archive [D:\Library\Documents\Code Projects\cad-2025\les14\lab\project\apache-tomcat-11.0.6\webapps\app.war]
10-May-2025 23:34:40.512 INFO [http-nio-8080-exec-19] org.apache.jasper.servlet.TldScanner.scanJars At least one JAR was scanned for TLDs yet contained no TLDs. Enable debug logging for this logger for a complete list of JARs that were scanned but no TLDs were found in them. Skipping unneeded JARs during scanning can improve startup time and JSP compilation time.
10-May-2025 23:34:54.706 INFO [http-nio-8080-exec-19] org.apache.catalina.startup.HostConfig.deployWAR Deployment of web application archive [D:\Library\Documents\Code Projects\cad-2025\les14\lab\project\apache-tomcat-11.0.6\webapps\app.war] has finished in [19 673] ms
10-May-2025 23:41:39.801 WARNING [http-nio-8080-exec-31] org.apache.catalina.loader.WebappClassLoaderBase.clearReferencesJdbc The web application [app] registered the JDBC driver [org.h2.Driver] but failed to unregister it when the web application was stopped. To prevent a memory leak, the JDBC Driver has been forcibly unregistered.
10-May-2025 23:41:39.859 INFO [http-nio-8080-exec-31] org.apache.catalina.startup.HostConfig.undeploy Undeploying context [/app]
10-May-2025 23:41:45.180 INFO [http-nio-8080-exec-33] org.apache.catalina.startup.HostConfig.deployWAR Deploying web application archive [D:\Library\Documents\Code Projects\cad-2025\les14\lab\project\apache-tomcat-11.0.6\webapps\app.war]
10-May-2025 23:41:50.754 INFO [http-nio-8080-exec-33] org.apache.jasper.servlet.TldScanner.scanJars At least one JAR was scanned for TLDs yet contained no TLDs. Enable debug logging for this logger for a complete list of JARs that were scanned but no TLDs were found in them. Skipping unneeded JARs during scanning can improve startup time and JSP compilation time.
10-May-2025 23:42:08.923 INFO [http-nio-8080-exec-33] org.apache.catalina.startup.HostConfig.deployWAR Deployment of web application archive [D:\Library\Documents\Code Projects\cad-2025\les14\lab\project\apache-tomcat-11.0.6\webapps\app.war] has finished in [23 741] ms
10-May-2025 23:46:44.615 WARNING [http-nio-8080-exec-41] org.apache.catalina.loader.WebappClassLoaderBase.clearReferencesJdbc The web application [app] registered the JDBC driver [org.h2.Driver] but failed to unregister it when the web application was stopped. To prevent a memory leak, the JDBC Driver has been forcibly unregistered.
10-May-2025 23:46:44.667 INFO [http-nio-8080-exec-41] org.apache.catalina.startup.HostConfig.undeploy Undeploying context [/app]
10-May-2025 23:46:49.581 INFO [http-nio-8080-exec-37] org.apache.catalina.startup.HostConfig.deployWAR Deploying web application archive [D:\Library\Documents\Code Projects\cad-2025\les14\lab\project\apache-tomcat-11.0.6\webapps\app.war]
10-May-2025 23:46:54.676 INFO [http-nio-8080-exec-37] org.apache.jasper.servlet.TldScanner.scanJars At least one JAR was scanned for TLDs yet contained no TLDs. Enable debug logging for this logger for a complete list of JARs that were scanned but no TLDs were found in them. Skipping unneeded JARs during scanning can improve startup time and JSP compilation time.
10-May-2025 23:47:08.185 INFO [http-nio-8080-exec-37] org.apache.catalina.startup.HostConfig.deployWAR Deployment of web application archive [D:\Library\Documents\Code Projects\cad-2025\les14\lab\project\apache-tomcat-11.0.6\webapps\app.war] has finished in [18 604] ms
10-May-2025 23:48:05.941 WARNING [http-nio-8080-exec-46] org.apache.catalina.loader.WebappClassLoaderBase.clearReferencesJdbc The web application [app] registered the JDBC driver [org.h2.Driver] but failed to unregister it when the web application was stopped. To prevent a memory leak, the JDBC Driver has been forcibly unregistered.
10-May-2025 23:48:05.997 INFO [http-nio-8080-exec-46] org.apache.catalina.startup.HostConfig.undeploy Undeploying context [/app]
10-May-2025 23:48:10.880 INFO [http-nio-8080-exec-45] org.apache.catalina.startup.HostConfig.deployWAR Deploying web application archive [D:\Library\Documents\Code Projects\cad-2025\les14\lab\project\apache-tomcat-11.0.6\webapps\app.war]
10-May-2025 23:48:16.323 INFO [http-nio-8080-exec-45] org.apache.jasper.servlet.TldScanner.scanJars At least one JAR was scanned for TLDs yet contained no TLDs. Enable debug logging for this logger for a complete list of JARs that were scanned but no TLDs were found in them. Skipping unneeded JARs during scanning can improve startup time and JSP compilation time.
10-May-2025 23:48:29.735 INFO [http-nio-8080-exec-45] org.apache.catalina.startup.HostConfig.deployWAR Deployment of web application archive [D:\Library\Documents\Code Projects\cad-2025\les14\lab\project\apache-tomcat-11.0.6\webapps\app.war] has finished in [18 855] ms
10-May-2025 23:49:56.620 WARNING [http-nio-8080-exec-54] org.apache.catalina.loader.WebappClassLoaderBase.clearReferencesJdbc The web application [app] registered the JDBC driver [org.h2.Driver] but failed to unregister it when the web application was stopped. To prevent a memory leak, the JDBC Driver has been forcibly unregistered.
10-May-2025 23:49:56.674 INFO [http-nio-8080-exec-54] org.apache.catalina.startup.HostConfig.undeploy Undeploying context [/app]
10-May-2025 23:50:01.560 INFO [http-nio-8080-exec-53] org.apache.catalina.startup.HostConfig.deployWAR Deploying web application archive [D:\Library\Documents\Code Projects\cad-2025\les14\lab\project\apache-tomcat-11.0.6\webapps\app.war]
10-May-2025 23:50:07.153 INFO [http-nio-8080-exec-53] org.apache.jasper.servlet.TldScanner.scanJars At least one JAR was scanned for TLDs yet contained no TLDs. Enable debug logging for this logger for a complete list of JARs that were scanned but no TLDs were found in them. Skipping unneeded JARs during scanning can improve startup time and JSP compilation time.
10-May-2025 23:50:22.629 INFO [http-nio-8080-exec-53] org.apache.catalina.startup.HostConfig.deployWAR Deployment of web application archive [D:\Library\Documents\Code Projects\cad-2025\les14\lab\project\apache-tomcat-11.0.6\webapps\app.war] has finished in [21 068] ms
