08-May-2025 16:39:11.412 INFO [main] org.apache.catalina.startup.VersionLoggerListener.log Имя версии сервера:    Apache Tomcat/11.0.6
08-May-2025 16:39:11.420 INFO [main] org.apache.catalina.startup.VersionLoggerListener.log Сервер собран:         Apr 1 2025 14:40:40 UTC
08-May-2025 16:39:11.420 INFO [main] org.apache.catalina.startup.VersionLoggerListener.log Номер версии сервера:  11.0.6.0
08-May-2025 16:39:11.421 INFO [main] org.apache.catalina.startup.VersionLoggerListener.log OS Name:               Windows 10
08-May-2025 16:39:11.421 INFO [main] org.apache.catalina.startup.VersionLoggerListener.log Версия ОС:             10.0
08-May-2025 16:39:11.422 INFO [main] org.apache.catalina.startup.VersionLoggerListener.log Архитектура:           amd64
08-May-2025 16:39:11.422 INFO [main] org.apache.catalina.startup.VersionLoggerListener.log Java Home:             C:\Program Files\Eclipse Adoptium\jdk-17.0.14.7-hotspot
08-May-2025 16:39:11.422 INFO [main] org.apache.catalina.startup.VersionLoggerListener.log Версия JVM:            17.0.14+7
08-May-2025 16:39:11.422 INFO [main] org.apache.catalina.startup.VersionLoggerListener.log Производитель JVM:     Eclipse Adoptium
08-May-2025 16:39:11.422 INFO [main] org.apache.catalina.startup.VersionLoggerListener.log CATALINA_BASE:         D:\Library\Documents\Code Projects\cad-2025\les10\lab\project\apache-tomcat-11.0.6
08-May-2025 16:39:11.423 INFO [main] org.apache.catalina.startup.VersionLoggerListener.log CATALINA_HOME:         D:\Library\Documents\Code Projects\cad-2025\les10\lab\project\apache-tomcat-11.0.6
08-May-2025 16:39:11.429 INFO [main] org.apache.catalina.startup.VersionLoggerListener.log Command line argument: -Dfile.encoding=UTF-8
08-May-2025 16:39:11.429 INFO [main] org.apache.catalina.startup.VersionLoggerListener.log Command line argument: -Dsun.stdout.encoding=UTF-8
08-May-2025 16:39:11.429 INFO [main] org.apache.catalina.startup.VersionLoggerListener.log Command line argument: -Dsun.stderr.encoding=UTF-8
08-May-2025 16:39:11.429 INFO [main] org.apache.catalina.startup.VersionLoggerListener.log Command line argument: -Djava.util.logging.config.file=D:\Library\Documents\Code Projects\cad-2025\les10\lab\project\apache-tomcat-11.0.6\conf\logging.properties
08-May-2025 16:39:11.430 INFO [main] org.apache.catalina.startup.VersionLoggerListener.log Command line argument: -Djava.util.logging.manager=org.apache.juli.ClassLoaderLogManager
08-May-2025 16:39:11.430 INFO [main] org.apache.catalina.startup.VersionLoggerListener.log Command line argument: -Djdk.tls.ephemeralDHKeySize=2048
08-May-2025 16:39:11.431 INFO [main] org.apache.catalina.startup.VersionLoggerListener.log Command line argument: --add-opens=java.base/java.lang=ALL-UNNAMED
08-May-2025 16:39:11.431 INFO [main] org.apache.catalina.startup.VersionLoggerListener.log Command line argument: --add-opens=java.base/java.lang.reflect=ALL-UNNAMED
08-May-2025 16:39:11.432 INFO [main] org.apache.catalina.startup.VersionLoggerListener.log Command line argument: --add-opens=java.base/java.io=ALL-UNNAMED
08-May-2025 16:39:11.437 INFO [main] org.apache.catalina.startup.VersionLoggerListener.log Command line argument: --add-opens=java.base/java.util=ALL-UNNAMED
08-May-2025 16:39:11.437 INFO [main] org.apache.catalina.startup.VersionLoggerListener.log Command line argument: --add-opens=java.base/java.util.concurrent=ALL-UNNAMED
08-May-2025 16:39:11.438 INFO [main] org.apache.catalina.startup.VersionLoggerListener.log Command line argument: --add-opens=java.rmi/sun.rmi.transport=ALL-UNNAMED
08-May-2025 16:39:11.438 INFO [main] org.apache.catalina.startup.VersionLoggerListener.log Command line argument: --enable-native-access=ALL-UNNAMED
08-May-2025 16:39:11.438 INFO [main] org.apache.catalina.startup.VersionLoggerListener.log Command line argument: -Dcatalina.base=D:\Library\Documents\Code Projects\cad-2025\les10\lab\project\apache-tomcat-11.0.6
08-May-2025 16:39:11.439 INFO [main] org.apache.catalina.startup.VersionLoggerListener.log Command line argument: -Dcatalina.home=D:\Library\Documents\Code Projects\cad-2025\les10\lab\project\apache-tomcat-11.0.6
08-May-2025 16:39:11.439 INFO [main] org.apache.catalina.startup.VersionLoggerListener.log Command line argument: -Djava.io.tmpdir=D:\Library\Documents\Code Projects\cad-2025\les10\lab\project\apache-tomcat-11.0.6\temp
08-May-2025 16:39:11.458 INFO [main] org.apache.catalina.core.AprLifecycleListener.lifecycleEvent The Apache Tomcat Native library which allows using OpenSSL was not found on the java.library.path: [C:\Program Files\Eclipse Adoptium\jdk-17.0.14.7-hotspot\bin;C:\Windows\Sun\Java\bin;C:\Windows\system32;C:\Windows;C:\Program Files\NVIDIA GPU Computing Toolkit\CUDA\v12.8\bin;C:\Program Files\NVIDIA GPU Computing Toolkit\CUDA\v12.8\libnvvp;C:\Program Files\Eclipse Adoptium\jdk-17.0.14.7-hotspot\bin;C:\ProgramData\Oracle\Java\javapath;C:\Program Files\Common Files\Oracle\Java\javapath;C:\Program Files (x86)\Common Files\Oracle\Java\java8path;C:\Program Files (x86)\Common Files\Oracle\Java\javapath;c:\Users\Admin\AppData\Local\Programs\cursor\resources\app\bin;C:\Windows\system32;C:\Windows;C:\Windows\System32\Wbem;C:\Windows\System32\WindowsPowerShell\v1.0\;C:\Windows\System32\OpenSSH\;C:\Program Files\dotnet\;C:\Program Files (x86)\NVIDIA Corporation\PhysX\Common;D:\Program Files\Python\Scripts\;D:\Program Files\Python\;C:\Users\Admin\AppData\Local\Microsoft\WindowsApps;C:\Users\Admin\.dotnet\tools;c:\Users\Admin\AppData\Local\Programs\cursor\resources\app\bin;C:\Program Files\NVIDIA Corporation\NVIDIA app\NvDLISR;D:\Portable Soft\Portable scrcpy;D:\Portable Soft\Portable Terminal;C:\Program Files\Java\jdk-23\bin;C:\Gradle\gradle-8.12\bin;C:\Program Files\nodejs\;C:\Program Files\NVIDIA Corporation\Nsight Compute 2025.1.0\;C:\Program Files\Git\cmd;C:\ProgramData\chocolatey\bin;C:\Users\Admin\AppData\Local\Programs\Python\Python312\Scripts\;C:\Users\Admin\AppData\Local\Programs\Python\Python312\;C:\Users\Admin\AppData\Local\Programs\Python\Python313\Scripts\;C:\Users\Admin\AppData\Local\Programs\Python\Python313\;C:\Users\Admin\AppData\Local\Programs\Python\Launcher\;D:\Program Files\Python\Scripts\;D:\Program Files\Python\;C:\Users\Admin\AppData\Local\Microsoft\WindowsApps;;C:\Users\Admin\.dotnet\tools;C:\Users\Admin\.cache\lm-studio\bin;C:\Users\Admin\AppData\Roaming\npm;C:\Users\Admin\.dotnet\tools;C:\Users\Admin\AppData\Local\Microsoft\WinGet\Packages\Gyan.FFmpeg_Microsoft.Winget.Source_8wekyb3d8bbwe\ffmpeg-7.1-full_build\bin;C:\Users\Admin\AppData\Local\Programs\cursor\resources\app\bin;.]
08-May-2025 16:39:11.638 INFO [main] org.apache.coyote.AbstractProtocol.init Инициализация ProtocolHandler ["http-nio-8080"]
08-May-2025 16:39:11.669 INFO [main] org.apache.catalina.startup.Catalina.load Server initialization in [431] milliseconds
08-May-2025 16:39:11.709 INFO [main] org.apache.catalina.core.StandardService.startInternal Starting service [Catalina]
08-May-2025 16:39:11.710 INFO [main] org.apache.catalina.core.StandardEngine.startInternal Starting Servlet engine: [Apache Tomcat/11.0.6]
08-May-2025 16:39:11.730 INFO [main] org.apache.catalina.startup.HostConfig.deployWAR Deploying web application archive [D:\Library\Documents\Code Projects\cad-2025\les10\lab\project\apache-tomcat-11.0.6\webapps\app.war]
08-May-2025 16:39:11.749 INFO [main] org.apache.catalina.startup.ExpandWar.expand An expanded directory [D:\Library\Documents\Code Projects\cad-2025\les10\lab\project\apache-tomcat-11.0.6\webapps\app] was found with a last modified time that did not match the associated WAR. It will be deleted.
08-May-2025 16:39:16.606 INFO [main] org.apache.jasper.servlet.TldScanner.scanJars At least one JAR was scanned for TLDs yet contained no TLDs. Enable debug logging for this logger for a complete list of JARs that were scanned but no TLDs were found in them. Skipping unneeded JARs during scanning can improve startup time and JSP compilation time.
08-May-2025 16:39:28.610 INFO [main] org.apache.catalina.startup.HostConfig.deployWAR Deployment of web application archive [D:\Library\Documents\Code Projects\cad-2025\les10\lab\project\apache-tomcat-11.0.6\webapps\app.war] has finished in [16 878] ms
08-May-2025 16:39:28.611 INFO [main] org.apache.catalina.startup.HostConfig.deployDirectory Установка веб приложения в папку [D:\Library\Documents\Code Projects\cad-2025\les10\lab\project\apache-tomcat-11.0.6\webapps\docs]
08-May-2025 16:39:28.666 INFO [main] org.apache.catalina.startup.HostConfig.deployDirectory Deployment of web application directory [D:\Library\Documents\Code Projects\cad-2025\les10\lab\project\apache-tomcat-11.0.6\webapps\docs] has finished in [55] ms
08-May-2025 16:39:28.669 INFO [main] org.apache.catalina.startup.HostConfig.deployDirectory Установка веб приложения в папку [D:\Library\Documents\Code Projects\cad-2025\les10\lab\project\apache-tomcat-11.0.6\webapps\examples]
08-May-2025 16:39:29.368 INFO [main] org.apache.catalina.startup.HostConfig.deployDirectory Deployment of web application directory [D:\Library\Documents\Code Projects\cad-2025\les10\lab\project\apache-tomcat-11.0.6\webapps\examples] has finished in [697] ms
08-May-2025 16:39:29.370 INFO [main] org.apache.catalina.startup.HostConfig.deployDirectory Установка веб приложения в папку [D:\Library\Documents\Code Projects\cad-2025\les10\lab\project\apache-tomcat-11.0.6\webapps\host-manager]
08-May-2025 16:39:29.541 INFO [main] org.apache.catalina.startup.HostConfig.deployDirectory Deployment of web application directory [D:\Library\Documents\Code Projects\cad-2025\les10\lab\project\apache-tomcat-11.0.6\webapps\host-manager] has finished in [172] ms
08-May-2025 16:39:29.547 INFO [main] org.apache.catalina.startup.HostConfig.deployDirectory Установка веб приложения в папку [D:\Library\Documents\Code Projects\cad-2025\les10\lab\project\apache-tomcat-11.0.6\webapps\manager]
08-May-2025 16:39:29.674 INFO [main] org.apache.catalina.startup.HostConfig.deployDirectory Deployment of web application directory [D:\Library\Documents\Code Projects\cad-2025\les10\lab\project\apache-tomcat-11.0.6\webapps\manager] has finished in [126] ms
08-May-2025 16:39:29.674 INFO [main] org.apache.catalina.startup.HostConfig.deployDirectory Установка веб приложения в папку [D:\Library\Documents\Code Projects\cad-2025\les10\lab\project\apache-tomcat-11.0.6\webapps\ROOT]
08-May-2025 16:39:29.732 INFO [main] org.apache.catalina.startup.HostConfig.deployDirectory Deployment of web application directory [D:\Library\Documents\Code Projects\cad-2025\les10\lab\project\apache-tomcat-11.0.6\webapps\ROOT] has finished in [58] ms
08-May-2025 16:39:29.739 INFO [main] org.apache.coyote.AbstractProtocol.start Starting ProtocolHandler ["http-nio-8080"]
08-May-2025 16:39:29.759 INFO [main] org.apache.catalina.startup.Catalina.start Server startup in [18089] milliseconds
08-May-2025 16:48:52.583 INFO [Catalina-utility-2] org.apache.catalina.startup.HostConfig.undeploy Undeploying context [/app]
08-May-2025 16:48:52.662 WARNING [Catalina-utility-2] org.apache.catalina.loader.WebappClassLoaderBase.clearReferencesJdbc The web application [app] registered the JDBC driver [org.h2.Driver] but failed to unregister it when the web application was stopped. To prevent a memory leak, the JDBC Driver has been forcibly unregistered.
08-May-2025 16:52:03.020 INFO [Catalina-utility-1] org.apache.catalina.startup.HostConfig.deployWAR Deploying web application archive [D:\Library\Documents\Code Projects\cad-2025\les10\lab\project\apache-tomcat-11.0.6\webapps\app.war]
08-May-2025 16:52:07.415 INFO [Catalina-utility-1] org.apache.jasper.servlet.TldScanner.scanJars At least one JAR was scanned for TLDs yet contained no TLDs. Enable debug logging for this logger for a complete list of JARs that were scanned but no TLDs were found in them. Skipping unneeded JARs during scanning can improve startup time and JSP compilation time.
08-May-2025 16:52:20.614 INFO [Catalina-utility-1] org.apache.catalina.startup.HostConfig.deployWAR Deployment of web application archive [D:\Library\Documents\Code Projects\cad-2025\les10\lab\project\apache-tomcat-11.0.6\webapps\app.war] has finished in [17 594] ms
08-May-2025 17:01:11.354 INFO [Catalina-utility-2] org.apache.catalina.startup.HostConfig.undeploy Undeploying context [/app]
08-May-2025 17:01:11.386 WARNING [Catalina-utility-2] org.apache.catalina.loader.WebappClassLoaderBase.clearReferencesJdbc The web application [app] registered the JDBC driver [org.h2.Driver] but failed to unregister it when the web application was stopped. To prevent a memory leak, the JDBC Driver has been forcibly unregistered.
08-May-2025 17:01:11.484 INFO [Catalina-utility-2] org.apache.catalina.startup.HostConfig.deployWAR Deploying web application archive [D:\Library\Documents\Code Projects\cad-2025\les10\lab\project\apache-tomcat-11.0.6\webapps\app.war]
08-May-2025 17:01:15.979 INFO [Catalina-utility-2] org.apache.jasper.servlet.TldScanner.scanJars At least one JAR was scanned for TLDs yet contained no TLDs. Enable debug logging for this logger for a complete list of JARs that were scanned but no TLDs were found in them. Skipping unneeded JARs during scanning can improve startup time and JSP compilation time.
08-May-2025 17:01:28.893 INFO [Catalina-utility-2] org.apache.catalina.startup.HostConfig.deployWAR Deployment of web application archive [D:\Library\Documents\Code Projects\cad-2025\les10\lab\project\apache-tomcat-11.0.6\webapps\app.war] has finished in [17 409] ms
08-May-2025 17:03:29.040 INFO [Catalina-utility-2] org.apache.catalina.startup.HostConfig.undeploy Undeploying context [/app]
08-May-2025 17:03:29.075 WARNING [Catalina-utility-2] org.apache.catalina.loader.WebappClassLoaderBase.clearReferencesJdbc The web application [app] registered the JDBC driver [org.h2.Driver] but failed to unregister it when the web application was stopped. To prevent a memory leak, the JDBC Driver has been forcibly unregistered.
08-May-2025 17:03:29.178 INFO [Catalina-utility-2] org.apache.catalina.startup.HostConfig.deployWAR Deploying web application archive [D:\Library\Documents\Code Projects\cad-2025\les10\lab\project\apache-tomcat-11.0.6\webapps\app.war]
08-May-2025 17:03:35.039 INFO [Catalina-utility-2] org.apache.jasper.servlet.TldScanner.scanJars At least one JAR was scanned for TLDs yet contained no TLDs. Enable debug logging for this logger for a complete list of JARs that were scanned but no TLDs were found in them. Skipping unneeded JARs during scanning can improve startup time and JSP compilation time.
08-May-2025 17:03:45.082 INFO [Catalina-utility-2] org.apache.catalina.startup.HostConfig.deployWAR Deployment of web application archive [D:\Library\Documents\Code Projects\cad-2025\les10\lab\project\apache-tomcat-11.0.6\webapps\app.war] has finished in [15 905] ms
08-May-2025 17:06:05.309 INFO [Catalina-utility-1] org.apache.catalina.startup.HostConfig.undeploy Undeploying context [/app]
08-May-2025 17:06:05.357 WARNING [Catalina-utility-1] org.apache.catalina.loader.WebappClassLoaderBase.clearReferencesJdbc The web application [app] registered the JDBC driver [org.h2.Driver] but failed to unregister it when the web application was stopped. To prevent a memory leak, the JDBC Driver has been forcibly unregistered.
08-May-2025 17:06:05.455 INFO [Catalina-utility-1] org.apache.catalina.startup.HostConfig.deployWAR Deploying web application archive [D:\Library\Documents\Code Projects\cad-2025\les10\lab\project\apache-tomcat-11.0.6\webapps\app.war]
08-May-2025 17:06:14.055 INFO [Catalina-utility-1] org.apache.jasper.servlet.TldScanner.scanJars At least one JAR was scanned for TLDs yet contained no TLDs. Enable debug logging for this logger for a complete list of JARs that were scanned but no TLDs were found in them. Skipping unneeded JARs during scanning can improve startup time and JSP compilation time.
08-May-2025 17:06:30.170 INFO [Catalina-utility-1] org.apache.catalina.startup.HostConfig.deployWAR Deployment of web application archive [D:\Library\Documents\Code Projects\cad-2025\les10\lab\project\apache-tomcat-11.0.6\webapps\app.war] has finished in [24 715] ms
08-May-2025 17:12:51.901 INFO [Catalina-utility-1] org.apache.catalina.startup.HostConfig.undeploy Undeploying context [/app]
08-May-2025 17:12:52.016 WARNING [Catalina-utility-1] org.apache.catalina.loader.WebappClassLoaderBase.clearReferencesJdbc The web application [app] registered the JDBC driver [org.h2.Driver] but failed to unregister it when the web application was stopped. To prevent a memory leak, the JDBC Driver has been forcibly unregistered.
08-May-2025 17:12:52.156 INFO [Catalina-utility-1] org.apache.catalina.startup.HostConfig.deployWAR Deploying web application archive [D:\Library\Documents\Code Projects\cad-2025\les10\lab\project\apache-tomcat-11.0.6\webapps\app.war]
08-May-2025 17:12:57.270 INFO [Catalina-utility-1] org.apache.jasper.servlet.TldScanner.scanJars At least one JAR was scanned for TLDs yet contained no TLDs. Enable debug logging for this logger for a complete list of JARs that were scanned but no TLDs were found in them. Skipping unneeded JARs during scanning can improve startup time and JSP compilation time.
08-May-2025 17:13:08.787 INFO [Catalina-utility-1] org.apache.catalina.startup.HostConfig.deployWAR Deployment of web application archive [D:\Library\Documents\Code Projects\cad-2025\les10\lab\project\apache-tomcat-11.0.6\webapps\app.war] has finished in [16 631] ms
